This is pdfTeX, Version 3.1415926-1.40.10 (TeX Live 2009/Debian) (format=pdflatex 2013.9.7)  27 NOV 2014 22:52
entering extended mode
 %&-line parsing enabled.
**flex-pipe
(./flex-pipe.tex
LaTeX2e <2009/09/24>
Babel <v3.8l> and hyphenation patterns for english, usenglishmax, dumylang, noh
yphenation, farsi, arabic, croatian, bulgarian, ukrainian, russian, czech, slov
ak, danish, dutch, finnish, french, basque, ngerman, german, german-x-2009-06-1
9, ngerman-x-2009-06-19, ibycus, monogreek, greek, ancientgreek, hungarian, san
skrit, italian, latin, latvian, lithuanian, mongolian2a, mongolian, bokmal, nyn
orsk, romanian, irish, coptic, serbian, turkish, welsh, esperanto, uppersorbian
, estonian, indonesian, interlingua, icelandic, kurmanji, slovenian, polish, po
rtuguese, spanish, galician, catalan, swedish, ukenglish, pinyin, loaded.
(/usr/share/texmf-texlive/tex/latex/IEEEtran/IEEEtran.cls
Document Class: IEEEtran 2007/03/05 V1.7a by Michael Shell
-- See the "IEEEtran_HOWTO" manual for usage information.
-- http://www.michaelshell.org/tex/ieeetran/
\@IEEEtrantmpdimenA=\dimen102
\@IEEEtrantmpdimenB=\dimen103
\@IEEEtrantmpcountA=\count79
\@IEEEtrantmpcountB=\count80
\@IEEEtrantmptoksA=\toks14
LaTeX Font Info:    Try loading font information for OT1+ptm on input line 366.

(/usr/share/texmf-texlive/tex/latex/psnfss/ot1ptm.fd
File: ot1ptm.fd 2001/06/04 font definitions for OT1/ptm.
)
-- Using 8.5in x 11in (letter) paper.
-- Using PDF output.
\@IEEEnormalsizeunitybaselineskip=\dimen104
-- This is a 10 point document.
\CLASSINFOnormalsizebaselineskip=\dimen105
\CLASSINFOnormalsizeunitybaselineskip=\dimen106
\IEEEnormaljot=\dimen107
LaTeX Font Info:    Font shape `OT1/ptm/bx/n' in size <5> not available
(Font)              Font shape `OT1/ptm/b/n' tried instead on input line 724.
LaTeX Font Info:    Font shape `OT1/ptm/bx/it' in size <5> not available
(Font)              Font shape `OT1/ptm/b/it' tried instead on input line 724.
LaTeX Font Info:    Font shape `OT1/ptm/bx/n' in size <7> not available
(Font)              Font shape `OT1/ptm/b/n' tried instead on input line 724.
LaTeX Font Info:    Font shape `OT1/ptm/bx/it' in size <7> not available
(Font)              Font shape `OT1/ptm/b/it' tried instead on input line 724.
LaTeX Font Info:    Font shape `OT1/ptm/bx/n' in size <8> not available
(Font)              Font shape `OT1/ptm/b/n' tried instead on input line 724.
LaTeX Font Info:    Font shape `OT1/ptm/bx/it' in size <8> not available
(Font)              Font shape `OT1/ptm/b/it' tried instead on input line 724.
LaTeX Font Info:    Font shape `OT1/ptm/bx/n' in size <9> not available
(Font)              Font shape `OT1/ptm/b/n' tried instead on input line 724.
LaTeX Font Info:    Font shape `OT1/ptm/bx/it' in size <9> not available
(Font)              Font shape `OT1/ptm/b/it' tried instead on input line 724.
LaTeX Font Info:    Font shape `OT1/ptm/bx/n' in size <10> not available
(Font)              Font shape `OT1/ptm/b/n' tried instead on input line 724.
LaTeX Font Info:    Font shape `OT1/ptm/bx/it' in size <10> not available
(Font)              Font shape `OT1/ptm/b/it' tried instead on input line 724.
LaTeX Font Info:    Font shape `OT1/ptm/bx/n' in size <11> not available
(Font)              Font shape `OT1/ptm/b/n' tried instead on input line 724.
LaTeX Font Info:    Font shape `OT1/ptm/bx/it' in size <11> not available
(Font)              Font shape `OT1/ptm/b/it' tried instead on input line 724.
LaTeX Font Info:    Font shape `OT1/ptm/bx/n' in size <12> not available
(Font)              Font shape `OT1/ptm/b/n' tried instead on input line 724.
LaTeX Font Info:    Font shape `OT1/ptm/bx/it' in size <12> not available
(Font)              Font shape `OT1/ptm/b/it' tried instead on input line 724.
LaTeX Font Info:    Font shape `OT1/ptm/bx/n' in size <17> not available
(Font)              Font shape `OT1/ptm/b/n' tried instead on input line 724.
LaTeX Font Info:    Font shape `OT1/ptm/bx/it' in size <17> not available
(Font)              Font shape `OT1/ptm/b/it' tried instead on input line 724.
LaTeX Font Info:    Font shape `OT1/ptm/bx/n' in size <20> not available
(Font)              Font shape `OT1/ptm/b/n' tried instead on input line 724.
LaTeX Font Info:    Font shape `OT1/ptm/bx/it' in size <20> not available
(Font)              Font shape `OT1/ptm/b/it' tried instead on input line 724.
LaTeX Font Info:    Font shape `OT1/ptm/bx/n' in size <24> not available
(Font)              Font shape `OT1/ptm/b/n' tried instead on input line 724.
LaTeX Font Info:    Font shape `OT1/ptm/bx/it' in size <24> not available
(Font)              Font shape `OT1/ptm/b/it' tried instead on input line 724.
\IEEEilabelindentA=\dimen108
\IEEEilabelindentB=\dimen109
\IEEEilabelindent=\dimen110
\IEEEelabelindent=\dimen111
\IEEEdlabelindent=\dimen112
\IEEElabelindent=\dimen113
\IEEEiednormlabelsep=\dimen114
\IEEEiedmathlabelsep=\dimen115
\IEEEiedtopsep=\skip41
\c@section=\count81
\c@subsection=\count82
\c@subsubsection=\count83
\c@paragraph=\count84
\c@IEEEsubequation=\count85
\abovecaptionskip=\skip42
\belowcaptionskip=\skip43
\c@figure=\count86
\c@table=\count87
\@IEEEeqnnumcols=\count88
\@IEEEeqncolcnt=\count89
\@IEEEtmpitemindent=\dimen116
\c@IEEEbiography=\count90
\@IEEEtranrubishbin=\box26
) (/usr/share/texmf-texlive/tex/latex/graphics/graphicx.sty
Package: graphicx 1999/02/16 v1.0f Enhanced LaTeX Graphics (DPC,SPQR)

(/usr/share/texmf-texlive/tex/latex/graphics/keyval.sty
Package: keyval 1999/03/16 v1.13 key=value parser (DPC)
\KV@toks@=\toks15
)
(/usr/share/texmf-texlive/tex/latex/graphics/graphics.sty
Package: graphics 2009/02/05 v1.0o Standard LaTeX Graphics (DPC,SPQR)

(/usr/share/texmf-texlive/tex/latex/graphics/trig.sty
Package: trig 1999/03/16 v1.09 sin cos tan (DPC)
)
(/etc/texmf/tex/latex/config/graphics.cfg
File: graphics.cfg 2009/08/28 v1.8 graphics configuration of TeX Live
)
Package graphics Info: Driver file: pdftex.def on input line 91.

(/usr/share/texmf-texlive/tex/latex/pdftex-def/pdftex.def
File: pdftex.def 2010/03/12 v0.04p Graphics/color for pdfTeX
\Gread@gobject=\count91
))
\Gin@req@height=\dimen117
\Gin@req@width=\dimen118
)
(/usr/share/texmf-texlive/tex/latex/multirow/multirow.sty
\bigstrutjot=\dimen119
)
(/usr/share/texmf-texlive/tex/latex/subfig/subfig.sty
Package: subfig 2005/06/28 ver: 1.3 subfig package

(/usr/share/texmf-texlive/tex/latex/caption/caption3.sty
Package: caption3 2009/10/09 v3.1k caption3 kernel (AR)
\captionmargin=\dimen120
\captionmargin@=\dimen121
\captionwidth=\dimen122
\caption@indent=\dimen123
\caption@parindent=\dimen124
\caption@hangindent=\dimen125
Package caption Info: Unknown document class (or package),
(caption)             standard defaults will be used on input line 1068.
)
\c@KVtest=\count92
\sf@farskip=\skip44
\sf@captopadj=\dimen126
\sf@capskip=\skip45
\sf@nearskip=\skip46
\c@subfigure=\count93
\c@subfigure@save=\count94
\c@lofdepth=\count95
\c@subtable=\count96
\c@subtable@save=\count97
\c@lotdepth=\count98
\sf@top=\skip47
\sf@bottom=\skip48
)
(/usr/share/texmf-texlive/tex/latex/ltxmisc/dblfloatfix.sty
Package: dblfloatfix 2003/11/18 v1.0 (MH)

(/usr/share/texmf-texlive/tex/latex/base/fixltx2e.sty
Package: fixltx2e 2006/09/13 v1.1m fixes to LaTeX
LaTeX Info: Redefining \em on input line 420.
)
\@dblbotnum=\count99
\c@dblbotnumber=\count100
) (./algorithmic.sty
Package: algorithmic 2006/06/02

Document Style `algorithmic' - environment
(/usr/share/texmf-texlive/tex/latex/base/ifthen.sty
Package: ifthen 2001/05/26 v1.1c Standard LaTeX ifthen package (DPC)
)
(/usr/share/texmf-texlive/tex/latex/tools/calc.sty
Package: calc 2007/08/22 v4.3 Infix arithmetic (KKT,FJ)
\calc@Acount=\count101
\calc@Bcount=\count102
\calc@Adimen=\dimen127
\calc@Bdimen=\dimen128
\calc@Askip=\skip49
\calc@Bskip=\skip50
LaTeX Info: Redefining \setlength on input line 76.
LaTeX Info: Redefining \addtolength on input line 77.
\calc@Ccount=\count103
\calc@Cskip=\skip51
)
\c@ALC@line=\count104
\c@ALC@rem=\count105
\c@ALC@depth=\count106
\ALC@tlm=\skip52
\algorithmicindent=\skip53
)
(/usr/share/texmf-texlive/tex/latex/algorithms/algorithm.sty
Package: algorithm 2009/08/24 v0.1 Document Style `algorithm' - floating enviro
nment

(/usr/share/texmf-texlive/tex/latex/float/float.sty
Package: float 2001/11/08 v1.3d Float enhancements (AL)
\c@float@type=\count107
\float@exts=\toks16
\float@box=\box27
\@float@everytoks=\toks17
\@floatcapt=\box28
)
\@float@every@algorithm=\toks18
\c@algorithm=\count108
)
(/usr/share/texmf-texlive/tex/latex/tools/xspace.sty
Package: xspace 2006/05/08 v1.12 Space after command names (DPC,MH)
)
(/usr/share/texmf-texlive/tex/latex/ltxmisc/url.sty
\Urlmuskip=\muskip10
Package: url 2006/04/12  ver 3.3  Verb mode for urls, etc.
)
(/usr/share/texmf-texlive/tex/latex/natbib/natbib.sty
Package: natbib 2009/07/16 8.31 (PWD, AO)
\bibhang=\skip54
\bibsep=\skip55
LaTeX Info: Redefining \cite on input line 694.
\c@NAT@ctr=\count109
) (./flex-pipe.aux)
\openout1 = `flex-pipe.aux'.

LaTeX Font Info:    Checking defaults for OML/cmm/m/it on input line 37.
LaTeX Font Info:    ... okay on input line 37.
LaTeX Font Info:    Checking defaults for T1/cmr/m/n on input line 37.
LaTeX Font Info:    ... okay on input line 37.
LaTeX Font Info:    Checking defaults for OT1/cmr/m/n on input line 37.
LaTeX Font Info:    ... okay on input line 37.
LaTeX Font Info:    Checking defaults for OMS/cmsy/m/n on input line 37.
LaTeX Font Info:    ... okay on input line 37.
LaTeX Font Info:    Checking defaults for OMX/cmex/m/n on input line 37.
LaTeX Font Info:    ... okay on input line 37.
LaTeX Font Info:    Checking defaults for U/cmr/m/n on input line 37.
LaTeX Font Info:    ... okay on input line 37.

(/usr/share/texmf-texlive/tex/context/base/supp-pdf.mkii
[Loading MPS to PDF converter (version 2006.09.02).]
\scratchcounter=\count110
\scratchdimen=\dimen129
\scratchbox=\box29
\nofMPsegments=\count111
\nofMParguments=\count112
\everyMPshowfont=\toks19
\MPscratchCnt=\count113
\MPscratchDim=\dimen130
\MPnumerator=\count114
\everyMPtoPDFconversion=\toks20
)
Package caption Info: Begin \AtBeginDocument code.
Package caption3 Info: subfig package 1.2 or 1.3 is loaded.
LaTeX Info: Redefining \subref on input line 37.
Package caption Info: End \AtBeginDocument code.
 (./abstract.tex) (./introduction.tex
Underfull \hbox (badness 2512) in paragraph at lines 4--5
[]\OT1/ptm/m/n/10 Overlay which can be para-met-ric HDL model, pre-
 []

) (./relatedwork.tex
Underfull \hbox (badness 2443) in paragraph at lines 2--3
\OT1/ptm/m/n/10 hin-ders the use of FPGA as com-put-ing de-vices from
 []

[1{/var/lib/texmf/fonts/map/pdftex/updmap/pdftex.map}


]) (./framework.tex

pdfTeX warning: pdflatex (file ./figures/typical-FPGA-accelerator.pdf): PDF inc
lusion: found PDF version <1.5>, but at most version <1.4> allowed
<./figures/typical-FPGA-accelerator.pdf, id=8, 118.4425pt x 55.20625pt>
File: ./figures/typical-FPGA-accelerator.pdf Graphic file (type pdf)

<use ./figures/typical-FPGA-accelerator.pdf> [2 <./figures/typical-FPGA-acceler
ator.pdf>]

pdfTeX warning: pdflatex (file ./figures/framework.pdf): PDF inclusion: found P
DF version <1.5>, but at most version <1.4> allowed
<./figures/framework.pdf, id=25, 355.3275pt x 299.1175pt>
File: ./figures/framework.pdf Graphic file (type pdf)

<use ./figures/framework.pdf>) (./scgraimplement.tex

pdfTeX warning: pdflatex (file ./figures/scgra-accelerator.pdf): PDF inclusion:
 found PDF version <1.5>, but at most version <1.4> allowed
<./figures/scgra-accelerator.pdf, id=27, 113.42375pt x 68.255pt>
File: ./figures/scgra-accelerator.pdf Graphic file (type pdf)

<use ./figures/scgra-accelerator.pdf>

pdfTeX warning: pdflatex (file ./figures/pe.pdf): PDF inclusion: found PDF vers
ion <1.5>, but at most version <1.4> allowed
<./figures/pe.pdf, id=29, 334.86078pt x 186.67596pt>
File: ./figures/pe.pdf Graphic file (type pdf)
 <use ./figures/pe.pdf>
[3 <./figures/framework.pdf> <./figures/scgra-accelerator.pdf> <./figures/pe.pd
f>]

pdfTeX warning: pdflatex (file ./figures/alu-v2.pdf): PDF inclusion: found PDF 
version <1.5>, but at most version <1.4> allowed
<./figures/alu-v2.pdf, id=64, 341.275pt x 256.96pt>
File: ./figures/alu-v2.pdf Graphic file (type pdf)
 <use ./figures/alu-v2.pdf>
LaTeX Font Info:    External font `cmex10' loaded for size
(Font)              <8> on input line 44.
LaTeX Font Info:    External font `cmex10' loaded for size
(Font)              <6> on input line 44.
LaTeX Font Info:    External font `cmex10' loaded for size
(Font)              <5> on input line 44.


LaTeX Warning: `h' float specifier changed to `ht'.

) (./scgracompile.tex

pdfTeX warning: pdflatex (file ./figures/scgra-compile.pdf): PDF inclusion: fou
nd PDF version <1.5>, but at most version <1.4> allowed
<./figures/scgra-compile.pdf, id=66, 288.07625pt x 448.67625pt>
File: ./figures/scgra-compile.pdf Graphic file (type pdf)

<use ./figures/scgra-compile.pdf> [4 <./figures/alu-v2.pdf> <./figures/scgra-co
mpile.pdf>]

pdfTeX warning: pdflatex (file ./figures/dfg-gen.pdf): PDF inclusion: found PDF
 version <1.5>, but at most version <1.4> allowed
<./figures/dfg-gen.pdf, id=95, 515.9275pt x 137.51375pt>
File: ./figures/dfg-gen.pdf Graphic file (type pdf)

<use ./figures/dfg-gen.pdf>
LaTeX Font Info:    External font `cmex10' loaded for size
(Font)              <7> on input line 39.
) (./experiments.tex
Underfull \vbox (badness 1708) has occurred while \output is active []

 [5 <./figures/dfg-gen.pdf>]
Overfull \hbox (23.7603pt too wide) in paragraph at lines 76--93
 [][] 
 []

[6]
Underfull \vbox (badness 10000) has occurred while \output is active []


<./figures/HLS-Compilation-Time.pdf, id=129, 670.505pt x 232.87pt>
File: ./figures/HLS-Compilation-Time.pdf Graphic file (type pdf)

<use ./figures/HLS-Compilation-Time.pdf>
<./figures/QuickDough-Compilation-Time.pdf, id=130, 670.505pt x 232.87pt>
File: ./figures/QuickDough-Compilation-Time.pdf Graphic file (type pdf)

<use ./figures/QuickDough-Compilation-Time.pdf>
Underfull \vbox (badness 10000) has occurred while \output is active []

 [7]
<./figures/hardware-saving.pdf, id=137, 675.52374pt x 213.79875pt>
File: ./figures/hardware-saving.pdf Graphic file (type pdf)

<use ./figures/hardware-saving.pdf>
Underfull \vbox (badness 2846) has occurred while \output is active []

 [8 <./figures/HLS-Compilation-Time.pdf> <./figures/QuickDough-Compilation-Time
.pdf>]
<./figures/impl-freq.pdf, id=157, 679.53876pt x 235.88126pt>
File: ./figures/impl-freq.pdf Graphic file (type pdf)

<use ./figures/impl-freq.pdf>
<./figures/real-perf.pdf, id=158, 679.53876pt x 235.88126pt>
File: ./figures/real-perf.pdf Graphic file (type pdf)

<use ./figures/real-perf.pdf>
<./figures/execution-time.pdf, id=159, 509.905pt x 112.42pt>
File: ./figures/execution-time.pdf Graphic file (type pdf)

<use ./figures/execution-time.pdf>
<./figures/kernel-real-perf.pdf, id=160, 479.7925pt x 166.6225pt>
File: ./figures/kernel-real-perf.pdf Graphic file (type pdf)

<use ./figures/kernel-real-perf.pdf>
<./figures/kernel-sim-perf.pdf, id=161, 679.53876pt x 234.8775pt>
File: ./figures/kernel-sim-perf.pdf Graphic file (type pdf)

<use ./figures/kernel-sim-perf.pdf>
Underfull \vbox (badness 10000) has occurred while \output is active []

 [9 <./figures/hardware-saving.pdf>] [10 <./figures/impl-freq.pdf> <./figures/r
eal-perf.pdf> <./figures/execution-time.pdf> <./figures/kernel-real-perf.pdf>]
<./figures/mm-sim-perf1.pdf, id=208, 476.78125pt x 151.56625pt>
File: ./figures/mm-sim-perf1.pdf Graphic file (type pdf)

<use ./figures/mm-sim-perf1.pdf>
<./figures/mm-sim-perf2.pdf, id=209, 474.77374pt x 151.56625pt>
File: ./figures/mm-sim-perf2.pdf Graphic file (type pdf)

<use ./figures/mm-sim-perf2.pdf>
<./figures/loop-unroll-and-pipeline.pdf, id=210, 668.4975pt x 209.78375pt>
File: ./figures/loop-unroll-and-pipeline.pdf Graphic file (type pdf)

<use ./figures/loop-unroll-and-pipeline.pdf> [11 <./figures/kernel-sim-perf.pdf
> <./figures/mm-sim-perf1.pdf> <./figures/mm-sim-perf2.pdf> <./figures/loop-unr
oll-and-pipeline.pdf>]
<./figures/scgra-impl-scalability.pdf, id=246, 671.50874pt x 208.78pt>
File: ./figures/scgra-impl-scalability.pdf Graphic file (type pdf)

<use ./figures/scgra-impl-scalability.pdf>) (./conclusions.tex)
(./flex-pipe.bbl
Underfull \hbox (badness 10000) in paragraph at lines 4--9
[]\OT1/ptm/m/n/10 data2mem.  $http : / / www . xilinx . com / support /
 []


Underfull \hbox (badness 10000) in paragraph at lines 4--9
\OT1/ptm/m/n/10 documentation / sw[]manuals / xilinx11 / data2mem . pdf$.
 []


Underfull \hbox (badness 3849) in paragraph at lines 16--20
[]\OT1/ptm/m/n/10 Nios em-bed-ded pro-ces-sor.  $http : / / www . altera . com 
/
 []


Underfull \hbox (badness 1448) in paragraph at lines 22--25
[]\OT1/ptm/m/n/10 Roccc2.0.  $http : / / www . jacquardcomputing . com / roccc/
$.
 []

[12 <./figures/scgra-impl-scalability.pdf>]
Underfull \hbox (badness 3579) in paragraph at lines 91--97
[]\OT1/ptm/m/n/10 T. Frang-ieh, A. Chan-drasekha-ran, S. Ra-jagopalan,
 []

) [13] (./flex-pipe.aux) ) 
Here is how much of TeX's memory you used:
 3345 strings out of 493848
 53383 string characters out of 1152824
 138603 words of memory out of 3000000
 6566 multiletter control sequences out of 15000+50000
 38739 words of font info for 72 fonts, out of 3000000 for 9000
 714 hyphenation exceptions out of 8191
 36i,15n,45p,1726b,439s stack positions out of 5000i,500n,10000p,200000b,50000s
{/usr/share/texmf-texlive/fonts/enc/dvips/base/8r.enc
}</usr/share/texmf-texlive/fonts/type1/public/amsfonts/cm/cmmi10.pfb></usr/shar
e/texmf-texlive/fonts/type1/public/amsfonts/cm/cmmi8.pfb></usr/share/texmf-texl
ive/fonts/type1/public/amsfonts/cm/cmr6.pfb></usr/share/texmf-texlive/fonts/typ
e1/public/amsfonts/cm/cmr8.pfb></usr/share/texmf-texlive/fonts/type1/public/ams
fonts/cm/cmsy8.pfb></usr/share/texmf-texlive/fonts/type1/urw/times/utmb8a.pfb><
/usr/share/texmf-texlive/fonts/type1/urw/times/utmbi8a.pfb></usr/share/texmf-te
xlive/fonts/type1/urw/times/utmr8a.pfb></usr/share/texmf-texlive/fonts/type1/ur
w/times/utmri8a.pfb>
Output written on flex-pipe.pdf (13 pages, 1833463 bytes).
PDF statistics:
 292 PDF objects out of 1000 (max. 8388607)
 0 named destinations out of 1000 (max. 500000)
 96 words of extra memory for PDF output out of 10000 (max. 10000000)

