This is pdfTeX, Version 3.14159265-2.6-1.40.15 (TeX Live 2014) (preloaded format=pdflatex 2015.3.25)  6 MAR 2016 09:39
entering extended mode
 restricted \write18 enabled.
 %&-line parsing enabled.
**intro
(./intro.tex
LaTeX2e <2014/05/01>
Babel <3.9l> and hyphenation patterns for 79 languages loaded.
(./tudbeamer.cls
Document Class: tudbeamer 2009/07/14 1.1 Joe Werner's and Clemens v. Loewenich'
s TUD-Design-Manual package
(/usr/local/texlive/2014/texmf-dist/tex/latex/beamer/beamer.cls
(/usr/local/texlive/2014/texmf-dist/tex/latex/beamer/beamerbasercs.sty
Package: beamerbasercs 2015/03/08 (rcs-revision 368aa9ba9d38)
)
Document Class: beamer 2015/01/05 3.36 A class for typesetting presentations (r
cs-revision 8a39122e1f63)
(/usr/local/texlive/2014/texmf-dist/tex/latex/beamer/beamerbasemodes.sty
Package: beamerbasemodes 2013/09/03 (rcs-revision 768f2d98ca64)
\beamer@tempbox=\box26
\beamer@tempcount=\count79
\c@beamerpauses=\count80

(/usr/local/texlive/2014/texmf-dist/tex/latex/beamer/beamerbasedecode.sty
Package: beamerbasedecode 2010/05/01 (rcs-revision efa082c6111d)
\beamer@slideinframe=\count81
\beamer@minimum=\count82
)
\beamer@commentbox=\box27
\beamer@modecount=\count83
)
(/usr/local/texlive/2014/texmf-dist/tex/generic/oberdiek/ifpdf.sty
Package: ifpdf 2011/01/30 v2.3 Provides the ifpdf switch (HO)
Package ifpdf Info: pdfTeX in PDF mode is detected.
)
\headheight=\dimen102
\headdp=\dimen103
\footheight=\dimen104
\sidebarheight=\dimen105
\beamer@tempdim=\dimen106
\beamer@finalheight=\dimen107
\beamer@animht=\dimen108
\beamer@animdp=\dimen109
\beamer@animwd=\dimen110
\beamer@leftmargin=\dimen111
\beamer@rightmargin=\dimen112
\beamer@leftsidebar=\dimen113
\beamer@rightsidebar=\dimen114
\beamer@boxsize=\dimen115
\beamer@vboxoffset=\dimen116
\beamer@descdefault=\dimen117
\beamer@descriptionwidth=\dimen118
\beamer@lastskip=\skip41
\beamer@areabox=\box28
\beamer@animcurrent=\box29
\beamer@animshowbox=\box30
\beamer@sectionbox=\box31
\beamer@logobox=\box32
\beamer@linebox=\box33
\beamer@sectioncount=\count84
\beamer@subsubsectionmax=\count85
\beamer@subsectionmax=\count86
\beamer@sectionmax=\count87
\beamer@totalheads=\count88
\beamer@headcounter=\count89
\beamer@partstartpage=\count90
\beamer@sectionstartpage=\count91
\beamer@subsectionstartpage=\count92
\beamer@animationtempa=\count93
\beamer@animationtempb=\count94
\beamer@xpos=\count95
\beamer@ypos=\count96
\beamer@showpartnumber=\count97
\beamer@currentsubsection=\count98
\beamer@coveringdepth=\count99
\beamer@sectionadjust=\count100
\beamer@tocsectionnumber=\count101

(/usr/local/texlive/2014/texmf-dist/tex/latex/beamer/beamerbaseoptions.sty
Package: beamerbaseoptions 2013/03/10 (rcs-revision 47431932db0d)

(/usr/local/texlive/2014/texmf-dist/tex/latex/graphics/keyval.sty
Package: keyval 2014/10/28 v1.15 key=value parser (DPC)
\KV@toks@=\toks14
))
\beamer@paperwidth=\skip42
\beamer@paperheight=\skip43

(/usr/local/texlive/2014/texmf-dist/tex/latex/geometry/geometry.sty
Package: geometry 2010/09/12 v5.6 Page Geometry

(/usr/local/texlive/2014/texmf-dist/tex/generic/oberdiek/ifvtex.sty
Package: ifvtex 2010/03/01 v1.5 Detect VTeX and its facilities (HO)
Package ifvtex Info: VTeX not detected.
)
(/usr/local/texlive/2014/texmf-dist/tex/generic/ifxetex/ifxetex.sty
Package: ifxetex 2010/09/12 v0.6 Provides ifxetex conditional
)
\Gm@cnth=\count102
\Gm@cntv=\count103
\c@Gm@tempcnt=\count104
\Gm@bindingoffset=\dimen119
\Gm@wd@mp=\dimen120
\Gm@odd@mp=\dimen121
\Gm@even@mp=\dimen122
\Gm@layoutwidth=\dimen123
\Gm@layoutheight=\dimen124
\Gm@layouthoffset=\dimen125
\Gm@layoutvoffset=\dimen126
\Gm@dimlist=\toks15
)
(/usr/local/texlive/2014/texmf-dist/tex/latex/base/size10.clo
File: size10.clo 2014/09/29 v1.4h Standard LaTeX file (size option)
)
(/usr/local/texlive/2014/texmf-dist/tex/latex/pgf/basiclayer/pgfcore.sty
(/usr/local/texlive/2014/texmf-dist/tex/latex/graphics/graphicx.sty
Package: graphicx 2014/10/28 v1.0g Enhanced LaTeX Graphics (DPC,SPQR)

(/usr/local/texlive/2014/texmf-dist/tex/latex/graphics/graphics.sty
Package: graphics 2014/10/28 v1.0p Standard LaTeX Graphics (DPC,SPQR)

(/usr/local/texlive/2014/texmf-dist/tex/latex/graphics/trig.sty
Package: trig 1999/03/16 v1.09 sin cos tan (DPC)
)
(/usr/local/texlive/2014/texmf-dist/tex/latex/latexconfig/graphics.cfg
File: graphics.cfg 2010/04/23 v1.9 graphics configuration of TeX Live
)
Package graphics Info: Driver file: pdftex.def on input line 91.

(/usr/local/texlive/2014/texmf-dist/tex/latex/pdftex-def/pdftex.def
File: pdftex.def 2011/05/27 v0.06d Graphics/color for pdfTeX

(/usr/local/texlive/2014/texmf-dist/tex/generic/oberdiek/infwarerr.sty
Package: infwarerr 2010/04/08 v1.3 Providing info/warning/error messages (HO)
)
(/usr/local/texlive/2014/texmf-dist/tex/generic/oberdiek/ltxcmds.sty
Package: ltxcmds 2011/11/09 v1.22 LaTeX kernel commands for general use (HO)
)
\Gread@gobject=\count105
))
\Gin@req@height=\dimen127
\Gin@req@width=\dimen128
)
(/usr/local/texlive/2014/texmf-dist/tex/latex/pgf/systemlayer/pgfsys.sty
(/usr/local/texlive/2014/texmf-dist/tex/latex/pgf/utilities/pgfrcs.sty
(/usr/local/texlive/2014/texmf-dist/tex/generic/pgf/utilities/pgfutil-common.te
x
\pgfutil@everybye=\toks16
\pgfutil@tempdima=\dimen129
\pgfutil@tempdimb=\dimen130

(/usr/local/texlive/2014/texmf-dist/tex/generic/pgf/utilities/pgfutil-common-li
sts.tex))
(/usr/local/texlive/2014/texmf-dist/tex/generic/pgf/utilities/pgfutil-latex.def
\pgfutil@abb=\box34
(/usr/local/texlive/2014/texmf-dist/tex/latex/ms/everyshi.sty
Package: everyshi 2001/05/15 v3.00 EveryShipout Package (MS)
))
(/usr/local/texlive/2014/texmf-dist/tex/generic/pgf/utilities/pgfrcs.code.tex
Package: pgfrcs 2013/12/20 v3.0.0 (rcs-revision 1.28)
))
(/usr/local/texlive/2014/texmf-dist/tex/generic/pgf/systemlayer/pgfsys.code.tex
Package: pgfsys 2013/11/30 v3.0.0 (rcs-revision 1.47)
(/usr/local/texlive/2014/texmf-dist/tex/generic/pgf/utilities/pgfkeys.code.tex
\pgfkeys@pathtoks=\toks17
\pgfkeys@temptoks=\toks18

(/usr/local/texlive/2014/texmf-dist/tex/generic/pgf/utilities/pgfkeysfiltered.c
ode.tex
\pgfkeys@tmptoks=\toks19
))
\pgf@x=\dimen131
\pgf@y=\dimen132
\pgf@xa=\dimen133
\pgf@ya=\dimen134
\pgf@xb=\dimen135
\pgf@yb=\dimen136
\pgf@xc=\dimen137
\pgf@yc=\dimen138
\w@pgf@writea=\write3
\r@pgf@reada=\read1
\c@pgf@counta=\count106
\c@pgf@countb=\count107
\c@pgf@countc=\count108
\c@pgf@countd=\count109
\t@pgf@toka=\toks20
\t@pgf@tokb=\toks21
\t@pgf@tokc=\toks22

(/usr/local/texlive/2014/texmf-dist/tex/generic/pgf/systemlayer/pgf.cfg
File: pgf.cfg 2008/05/14  (rcs-revision 1.7)
)
Driver file for pgf: pgfsys-pdftex.def

(/usr/local/texlive/2014/texmf-dist/tex/generic/pgf/systemlayer/pgfsys-pdftex.d
ef
File: pgfsys-pdftex.def 2013/07/18  (rcs-revision 1.33)

(/usr/local/texlive/2014/texmf-dist/tex/generic/pgf/systemlayer/pgfsys-common-p
df.def
File: pgfsys-common-pdf.def 2013/10/10  (rcs-revision 1.13)
)))
(/usr/local/texlive/2014/texmf-dist/tex/generic/pgf/systemlayer/pgfsyssoftpath.
code.tex
File: pgfsyssoftpath.code.tex 2013/09/09  (rcs-revision 1.9)
\pgfsyssoftpath@smallbuffer@items=\count110
\pgfsyssoftpath@bigbuffer@items=\count111
)
(/usr/local/texlive/2014/texmf-dist/tex/generic/pgf/systemlayer/pgfsysprotocol.
code.tex
File: pgfsysprotocol.code.tex 2006/10/16  (rcs-revision 1.4)
)) (/usr/local/texlive/2014/texmf-dist/tex/latex/xcolor/xcolor.sty
Package: xcolor 2007/01/21 v2.11 LaTeX color extensions (UK)

(/usr/local/texlive/2014/texmf-dist/tex/latex/latexconfig/color.cfg
File: color.cfg 2007/01/18 v1.5 color configuration of teTeX/TeXLive
)
Package xcolor Info: Driver file: pdftex.def on input line 225.
Package xcolor Info: Model `cmy' substituted by `cmy0' on input line 1337.
Package xcolor Info: Model `hsb' substituted by `rgb' on input line 1341.
Package xcolor Info: Model `RGB' extended on input line 1353.
Package xcolor Info: Model `HTML' substituted by `rgb' on input line 1355.
Package xcolor Info: Model `Hsb' substituted by `hsb' on input line 1356.
Package xcolor Info: Model `tHsb' substituted by `hsb' on input line 1357.
Package xcolor Info: Model `HSB' substituted by `hsb' on input line 1358.
Package xcolor Info: Model `Gray' substituted by `gray' on input line 1359.
Package xcolor Info: Model `wave' substituted by `hsb' on input line 1360.
)
(/usr/local/texlive/2014/texmf-dist/tex/generic/pgf/basiclayer/pgfcore.code.tex
Package: pgfcore 2010/04/11 v3.0.0 (rcs-revision 1.7)
(/usr/local/texlive/2014/texmf-dist/tex/generic/pgf/math/pgfmath.code.tex
(/usr/local/texlive/2014/texmf-dist/tex/generic/pgf/math/pgfmathcalc.code.tex
(/usr/local/texlive/2014/texmf-dist/tex/generic/pgf/math/pgfmathutil.code.tex)
(/usr/local/texlive/2014/texmf-dist/tex/generic/pgf/math/pgfmathparser.code.tex
\pgfmath@dimen=\dimen139
\pgfmath@count=\count112
\pgfmath@box=\box35
\pgfmath@toks=\toks23
\pgfmath@stack@operand=\toks24
\pgfmath@stack@operation=\toks25
)
(/usr/local/texlive/2014/texmf-dist/tex/generic/pgf/math/pgfmathfunctions.code.
tex
(/usr/local/texlive/2014/texmf-dist/tex/generic/pgf/math/pgfmathfunctions.basic
.code.tex)
(/usr/local/texlive/2014/texmf-dist/tex/generic/pgf/math/pgfmathfunctions.trigo
nometric.code.tex)
(/usr/local/texlive/2014/texmf-dist/tex/generic/pgf/math/pgfmathfunctions.rando
m.code.tex)
(/usr/local/texlive/2014/texmf-dist/tex/generic/pgf/math/pgfmathfunctions.compa
rison.code.tex)
(/usr/local/texlive/2014/texmf-dist/tex/generic/pgf/math/pgfmathfunctions.base.
code.tex)
(/usr/local/texlive/2014/texmf-dist/tex/generic/pgf/math/pgfmathfunctions.round
.code.tex)
(/usr/local/texlive/2014/texmf-dist/tex/generic/pgf/math/pgfmathfunctions.misc.
code.tex)
(/usr/local/texlive/2014/texmf-dist/tex/generic/pgf/math/pgfmathfunctions.integ
erarithmetics.code.tex)))
(/usr/local/texlive/2014/texmf-dist/tex/generic/pgf/math/pgfmathfloat.code.tex
\c@pgfmathroundto@lastzeros=\count113
))
(/usr/local/texlive/2014/texmf-dist/tex/generic/pgf/basiclayer/pgfcorepoints.co
de.tex
File: pgfcorepoints.code.tex 2013/10/07  (rcs-revision 1.27)
\pgf@picminx=\dimen140
\pgf@picmaxx=\dimen141
\pgf@picminy=\dimen142
\pgf@picmaxy=\dimen143
\pgf@pathminx=\dimen144
\pgf@pathmaxx=\dimen145
\pgf@pathminy=\dimen146
\pgf@pathmaxy=\dimen147
\pgf@xx=\dimen148
\pgf@xy=\dimen149
\pgf@yx=\dimen150
\pgf@yy=\dimen151
\pgf@zx=\dimen152
\pgf@zy=\dimen153
)
(/usr/local/texlive/2014/texmf-dist/tex/generic/pgf/basiclayer/pgfcorepathconst
ruct.code.tex
File: pgfcorepathconstruct.code.tex 2013/10/07  (rcs-revision 1.29)
\pgf@path@lastx=\dimen154
\pgf@path@lasty=\dimen155
)
(/usr/local/texlive/2014/texmf-dist/tex/generic/pgf/basiclayer/pgfcorepathusage
.code.tex
File: pgfcorepathusage.code.tex 2013/12/13  (rcs-revision 1.23)
\pgf@shorten@end@additional=\dimen156
\pgf@shorten@start@additional=\dimen157
)
(/usr/local/texlive/2014/texmf-dist/tex/generic/pgf/basiclayer/pgfcorescopes.co
de.tex
File: pgfcorescopes.code.tex 2013/10/09  (rcs-revision 1.44)
\pgfpic=\box36
\pgf@hbox=\box37
\pgf@layerbox@main=\box38
\pgf@picture@serial@count=\count114
)
(/usr/local/texlive/2014/texmf-dist/tex/generic/pgf/basiclayer/pgfcoregraphicst
ate.code.tex
File: pgfcoregraphicstate.code.tex 2013/09/19  (rcs-revision 1.11)
\pgflinewidth=\dimen158
)
(/usr/local/texlive/2014/texmf-dist/tex/generic/pgf/basiclayer/pgfcoretransform
ations.code.tex
File: pgfcoretransformations.code.tex 2013/10/10  (rcs-revision 1.17)
\pgf@pt@x=\dimen159
\pgf@pt@y=\dimen160
\pgf@pt@temp=\dimen161
)
(/usr/local/texlive/2014/texmf-dist/tex/generic/pgf/basiclayer/pgfcorequick.cod
e.tex
File: pgfcorequick.code.tex 2008/10/09  (rcs-revision 1.3)
)
(/usr/local/texlive/2014/texmf-dist/tex/generic/pgf/basiclayer/pgfcoreobjects.c
ode.tex
File: pgfcoreobjects.code.tex 2006/10/11  (rcs-revision 1.2)
)
(/usr/local/texlive/2014/texmf-dist/tex/generic/pgf/basiclayer/pgfcorepathproce
ssing.code.tex
File: pgfcorepathprocessing.code.tex 2013/09/09  (rcs-revision 1.9)
)
(/usr/local/texlive/2014/texmf-dist/tex/generic/pgf/basiclayer/pgfcorearrows.co
de.tex
File: pgfcorearrows.code.tex 2013/11/07  (rcs-revision 1.40)
\pgfarrowsep=\dimen162
)
(/usr/local/texlive/2014/texmf-dist/tex/generic/pgf/basiclayer/pgfcoreshade.cod
e.tex
File: pgfcoreshade.code.tex 2013/07/15  (rcs-revision 1.15)
\pgf@max=\dimen163
\pgf@sys@shading@range@num=\count115
)
(/usr/local/texlive/2014/texmf-dist/tex/generic/pgf/basiclayer/pgfcoreimage.cod
e.tex
File: pgfcoreimage.code.tex 2013/07/15  (rcs-revision 1.18)

(/usr/local/texlive/2014/texmf-dist/tex/generic/pgf/basiclayer/pgfcoreexternal.
code.tex
File: pgfcoreexternal.code.tex 2013/07/15  (rcs-revision 1.20)
\pgfexternal@startupbox=\box39
))
(/usr/local/texlive/2014/texmf-dist/tex/generic/pgf/basiclayer/pgfcorelayers.co
de.tex
File: pgfcorelayers.code.tex 2013/07/18  (rcs-revision 1.7)
)
(/usr/local/texlive/2014/texmf-dist/tex/generic/pgf/basiclayer/pgfcoretranspare
ncy.code.tex
File: pgfcoretransparency.code.tex 2013/09/30  (rcs-revision 1.5)
)
(/usr/local/texlive/2014/texmf-dist/tex/generic/pgf/basiclayer/pgfcorepatterns.
code.tex
File: pgfcorepatterns.code.tex 2013/11/07  (rcs-revision 1.5)
)))
(/usr/local/texlive/2014/texmf-dist/tex/latex/pgf/utilities/xxcolor.sty
Package: xxcolor 2003/10/24 ver 0.1
\XC@nummixins=\count116
\XC@countmixins=\count117
)
(/usr/local/texlive/2014/texmf-dist/tex/generic/oberdiek/atbegshi.sty
Package: atbegshi 2011/10/05 v1.16 At begin shipout hook (HO)
)
(/usr/local/texlive/2014/texmf-dist/tex/latex/hyperref/hyperref.sty
Package: hyperref 2012/11/06 v6.83m Hypertext links for LaTeX

(/usr/local/texlive/2014/texmf-dist/tex/generic/oberdiek/hobsub-hyperref.sty
Package: hobsub-hyperref 2012/05/28 v1.13 Bundle oberdiek, subset hyperref (HO)


(/usr/local/texlive/2014/texmf-dist/tex/generic/oberdiek/hobsub-generic.sty
Package: hobsub-generic 2012/05/28 v1.13 Bundle oberdiek, subset generic (HO)
Package: hobsub 2012/05/28 v1.13 Construct package bundles (HO)
Package hobsub Info: Skipping package `infwarerr' (already loaded).
Package hobsub Info: Skipping package `ltxcmds' (already loaded).
Package: ifluatex 2010/03/01 v1.3 Provides the ifluatex switch (HO)
Package ifluatex Info: LuaTeX not detected.
Package hobsub Info: Skipping package `ifvtex' (already loaded).
Package: intcalc 2007/09/27 v1.1 Expandable calculations with integers (HO)
Package hobsub Info: Skipping package `ifpdf' (already loaded).
Package: etexcmds 2011/02/16 v1.5 Avoid name clashes with e-TeX commands (HO)
Package etexcmds Info: Could not find \expanded.
(etexcmds)             That can mean that you are not using pdfTeX 1.50 or
(etexcmds)             that some package has redefined \expanded.
(etexcmds)             In the latter case, load this package earlier.
Package: kvsetkeys 2012/04/25 v1.16 Key value parser (HO)
Package: kvdefinekeys 2011/04/07 v1.3 Define keys (HO)
Package: pdftexcmds 2011/11/29 v0.20 Utility functions of pdfTeX for LuaTeX (HO
)
Package pdftexcmds Info: LuaTeX not detected.
Package pdftexcmds Info: \pdf@primitive is available.
Package pdftexcmds Info: \pdf@ifprimitive is available.
Package pdftexcmds Info: \pdfdraftmode found.
Package: pdfescape 2011/11/25 v1.13 Implements pdfTeX's escape features (HO)
Package: bigintcalc 2012/04/08 v1.3 Expandable calculations on big integers (HO
)
Package: bitset 2011/01/30 v1.1 Handle bit-vector datatype (HO)
Package: uniquecounter 2011/01/30 v1.2 Provide unlimited unique counter (HO)
)
Package hobsub Info: Skipping package `hobsub' (already loaded).
Package: letltxmacro 2010/09/02 v1.4 Let assignment for LaTeX macros (HO)
Package: hopatch 2012/05/28 v1.2 Wrapper for package hooks (HO)
Package: xcolor-patch 2011/01/30 xcolor patch
Package: atveryend 2011/06/30 v1.8 Hooks at the very end of document (HO)
Package atveryend Info: \enddocument detected (standard20110627).
Package hobsub Info: Skipping package `atbegshi' (already loaded).
Package: refcount 2011/10/16 v3.4 Data extraction from label references (HO)
Package: hycolor 2011/01/30 v1.7 Color options for hyperref/bookmark (HO)
)
(/usr/local/texlive/2014/texmf-dist/tex/latex/oberdiek/auxhook.sty
Package: auxhook 2011/03/04 v1.3 Hooks for auxiliary files (HO)
)
(/usr/local/texlive/2014/texmf-dist/tex/latex/oberdiek/kvoptions.sty
Package: kvoptions 2011/06/30 v3.11 Key value format for package options (HO)
)
\@linkdim=\dimen164
\Hy@linkcounter=\count118
\Hy@pagecounter=\count119

(/usr/local/texlive/2014/texmf-dist/tex/latex/hyperref/pd1enc.def
File: pd1enc.def 2012/11/06 v6.83m Hyperref: PDFDocEncoding definition (HO)
)
\Hy@SavedSpaceFactor=\count120

(/usr/local/texlive/2014/texmf-dist/tex/latex/latexconfig/hyperref.cfg
File: hyperref.cfg 2002/06/06 v1.2 hyperref configuration of TeXLive
)
Package hyperref Info: Option `bookmarks' set `true' on input line 4319.
Package hyperref Info: Option `bookmarksopen' set `true' on input line 4319.
Package hyperref Info: Option `pdfpagelabels' set `false' on input line 4319.
Package hyperref Info: Option `plainpages' set `false' on input line 4319.
Package hyperref Info: Option `implicit' set `false' on input line 4319.
Package hyperref Info: Hyper figures OFF on input line 4443.
Package hyperref Info: Link nesting OFF on input line 4448.
Package hyperref Info: Hyper index ON on input line 4451.
Package hyperref Info: Plain pages OFF on input line 4458.
Package hyperref Info: Backreferencing OFF on input line 4463.
Package hyperref Info: Implicit mode OFF; no redefinition of LaTeX internals.
Package hyperref Info: Bookmarks ON on input line 4688.
\c@Hy@tempcnt=\count121

(/usr/local/texlive/2014/texmf-dist/tex/latex/url/url.sty
\Urlmuskip=\muskip10
Package: url 2013/09/16  ver 3.4  Verb mode for urls, etc.
)
LaTeX Info: Redefining \url on input line 5041.
\XeTeXLinkMargin=\dimen165
\Fld@menulength=\count122
\Field@Width=\dimen166
\Fld@charsize=\dimen167
Package hyperref Info: Hyper figures OFF on input line 6295.
Package hyperref Info: Link nesting OFF on input line 6300.
Package hyperref Info: Hyper index ON on input line 6303.
Package hyperref Info: backreferencing OFF on input line 6310.
Package hyperref Info: Link coloring OFF on input line 6315.
Package hyperref Info: Link coloring with OCG OFF on input line 6320.
Package hyperref Info: PDF/A mode OFF on input line 6325.
LaTeX Info: Redefining \ref on input line 6365.
LaTeX Info: Redefining \pageref on input line 6369.


Package hyperref Message: Stopped early.

)

Package hyperref Message: Driver (autodetected): hpdftex.

(/usr/local/texlive/2014/texmf-dist/tex/latex/hyperref/hpdftex.def
File: hpdftex.def 2012/11/06 v6.83m Hyperref driver for pdfTeX
\Fld@listcount=\count123
\c@bookmark@seq@number=\count124

(/usr/local/texlive/2014/texmf-dist/tex/latex/oberdiek/rerunfilecheck.sty
Package: rerunfilecheck 2011/04/15 v1.7 Rerun checks for auxiliary files (HO)
Package uniquecounter Info: New unique counter `rerunfilecheck' on input line 2
82.
))
(/usr/local/texlive/2014/texmf-dist/tex/latex/beamer/beamerbaserequires.sty
Package: beamerbaserequires 2010/05/01  (rcs-revision efa082c6111d)

(/usr/local/texlive/2014/texmf-dist/tex/latex/beamer/beamerbasecompatibility.st
y
Package: beamerbasecompatibility 2012/05/01  (rcs-revision 67c48b3b652d)
) (/usr/local/texlive/2014/texmf-dist/tex/latex/beamer/beamerbasefont.sty
Package: beamerbasefont 2015/01/05  (rcs-revision b4b4bee242e2)

(/usr/local/texlive/2014/texmf-dist/tex/latex/amsfonts/amssymb.sty
Package: amssymb 2013/01/14 v3.01 AMS font symbols

(/usr/local/texlive/2014/texmf-dist/tex/latex/amsfonts/amsfonts.sty
Package: amsfonts 2013/01/14 v3.01 Basic AMSFonts support
\@emptytoks=\toks26
\symAMSa=\mathgroup4
\symAMSb=\mathgroup5
LaTeX Font Info:    Overwriting math alphabet `\mathfrak' in version `bold'
(Font)                  U/euf/m/n --> U/euf/b/n on input line 106.
))
(/usr/local/texlive/2014/texmf-dist/tex/latex/sansmathaccent/sansmathaccent.sty
Package: sansmathaccent 2013/03/28
(/usr/local/texlive/2014/texmf-dist/tex/latex/filehook/filehook.sty
Package: filehook 2011/10/12 v0.5d Hooks for input files
)))
(/usr/local/texlive/2014/texmf-dist/tex/latex/beamer/beamerbasetranslator.sty
Package: beamerbasetranslator 2010/06/11  (rcs-revision 85fd1cc7fc42)

(/usr/local/texlive/2014/texmf-dist/tex/latex/beamer/translator/translator.sty
Package: translator 2010/06/12 ver 1.10

(/usr/local/texlive/2014/texmf-dist/tex/latex/beamer/translator/translator-lang
uage-mappings.tex)))
(/usr/local/texlive/2014/texmf-dist/tex/latex/beamer/beamerbasemisc.sty
Package: beamerbasemisc 2013/09/03  (rcs-revision a55719c41d85)
)
(/usr/local/texlive/2014/texmf-dist/tex/latex/beamer/beamerbasetwoscreens.sty
Package: beamerbasetwoscreens 2010/05/01  (rcs-revision efa082c6111d)
)
(/usr/local/texlive/2014/texmf-dist/tex/latex/beamer/beamerbaseoverlay.sty
Package: beamerbaseoverlay 2013/12/25  (rcs-revision f6bd5e3805da)
\beamer@argscount=\count125
\beamer@lastskipcover=\skip44
\beamer@trivlistdepth=\count126
)
(/usr/local/texlive/2014/texmf-dist/tex/latex/beamer/beamerbasetitle.sty
Package: beamerbasetitle 2010/09/21  (rcs-revision f0446ed0b6ae)
)
(/usr/local/texlive/2014/texmf-dist/tex/latex/beamer/beamerbasesection.sty
Package: beamerbasesection 2013/06/07  (rcs-revision 60b9fe0f342f)
\c@lecture=\count127
\c@part=\count128
\c@section=\count129
\c@subsection=\count130
\c@subsubsection=\count131
)
(/usr/local/texlive/2014/texmf-dist/tex/latex/beamer/beamerbaseframe.sty
Package: beamerbaseframe 2014/02/20  (rcs-revision 4b8ceeeff434)
\beamer@framebox=\box40
\beamer@frametitlebox=\box41
\beamer@zoombox=\box42
\beamer@zoomcount=\count132
\beamer@zoomframecount=\count133
\beamer@frametextheight=\dimen168
\c@subsectionslide=\count134
\beamer@frametopskip=\skip45
\beamer@framebottomskip=\skip46
\beamer@frametopskipautobreak=\skip47
\beamer@framebottomskipautobreak=\skip48
\beamer@envbody=\toks27
\framewidth=\dimen169
\c@framenumber=\count135
)
(/usr/local/texlive/2014/texmf-dist/tex/latex/beamer/beamerbaseverbatim.sty
Package: beamerbaseverbatim 2015/01/05  (rcs-revision 431510bb5890)
\beamer@verbatimfileout=\write4
)
(/usr/local/texlive/2014/texmf-dist/tex/latex/beamer/beamerbaseframesize.sty
Package: beamerbaseframesize 2011/09/12  (rcs-revision 70f9d8411e54)
\beamer@splitbox=\box43
\beamer@autobreakcount=\count136
\beamer@autobreaklastheight=\dimen170
\beamer@frametitletoks=\toks28
\beamer@framesubtitletoks=\toks29
)
(/usr/local/texlive/2014/texmf-dist/tex/latex/beamer/beamerbaseframecomponents.
sty
Package: beamerbaseframecomponents 2013/10/18  (rcs-revision 5cf6c5555a45)
\beamer@footins=\box44
) (/usr/local/texlive/2014/texmf-dist/tex/latex/beamer/beamerbasecolor.sty
Package: beamerbasecolor 2015/02/21  (rcs-revision d944b04ee2d5)
)
(/usr/local/texlive/2014/texmf-dist/tex/latex/beamer/beamerbasenotes.sty
Package: beamerbasenotes 2012/12/19  (rcs-revision 1686da3db3c9)
\beamer@frameboxcopy=\box45
)
(/usr/local/texlive/2014/texmf-dist/tex/latex/beamer/beamerbasetoc.sty
Package: beamerbasetoc 2015/03/08  (rcs-revision 7270298bbaae)
)
(/usr/local/texlive/2014/texmf-dist/tex/latex/beamer/beamerbasetemplates.sty
Package: beamerbasetemplates 2010/05/01  (rcs-revision efa082c6111d)
\beamer@sbttoks=\toks30

(/usr/local/texlive/2014/texmf-dist/tex/latex/beamer/beamerbaseauxtemplates.sty
Package: beamerbaseauxtemplates 2014/06/30  (rcs-revision 580088513a67)
(/usr/local/texlive/2014/texmf-dist/tex/latex/beamer/beamerbaseboxes.sty
Package: beamerbaseboxes 2012/05/13  (rcs-revision 56972908a390)
\bmb@box=\box46
\bmb@colorbox=\box47
\bmb@boxshadow=\box48
\bmb@boxshadowball=\box49
\bmb@boxshadowballlarge=\box50
\bmb@temp=\dimen171
\bmb@dima=\dimen172
\bmb@dimb=\dimen173
\bmb@prevheight=\dimen174
)
\beamer@blockheadheight=\dimen175
))
(/usr/local/texlive/2014/texmf-dist/tex/latex/beamer/beamerbaselocalstructure.s
ty
Package: beamerbaselocalstructure 2014/09/10  (rcs-revision 393f6dcff371)
 (/usr/local/texlive/2014/texmf-dist/tex/latex/tools/enumerate.sty
Package: enumerate 2014/10/28 v3.00 enumerate extensions (DPC)
\@enLab=\toks31
)
\c@figure=\count137
\c@table=\count138
\abovecaptionskip=\skip49
\belowcaptionskip=\skip50
)
(/usr/local/texlive/2014/texmf-dist/tex/latex/beamer/beamerbasenavigation.sty
Package: beamerbasenavigation 2015/02/27  (rcs-revision 923f4bf87efa)
\beamer@section@min@dim=\dimen176
)
(/usr/local/texlive/2014/texmf-dist/tex/latex/beamer/beamerbasetheorems.sty
Package: beamerbasetheorems 2010/06/06  (rcs-revision 7e7cc5e53e9d)

(/usr/local/texlive/2014/texmf-dist/tex/latex/amsmath/amsmath.sty
Package: amsmath 2013/01/14 v2.14 AMS math features
\@mathmargin=\skip51

For additional information on amsmath, use the `?' option.
(/usr/local/texlive/2014/texmf-dist/tex/latex/amsmath/amstext.sty
Package: amstext 2000/06/29 v2.01

(/usr/local/texlive/2014/texmf-dist/tex/latex/amsmath/amsgen.sty
File: amsgen.sty 1999/11/30 v2.0
\@emptytoks=\toks32
\ex@=\dimen177
))
(/usr/local/texlive/2014/texmf-dist/tex/latex/amsmath/amsbsy.sty
Package: amsbsy 1999/11/29 v1.2d
\pmbraise@=\dimen178
)
(/usr/local/texlive/2014/texmf-dist/tex/latex/amsmath/amsopn.sty
Package: amsopn 1999/12/14 v2.01 operator names
)
\inf@bad=\count139
LaTeX Info: Redefining \frac on input line 210.
\uproot@=\count140
\leftroot@=\count141
LaTeX Info: Redefining \overline on input line 306.
\classnum@=\count142
\DOTSCASE@=\count143
LaTeX Info: Redefining \ldots on input line 378.
LaTeX Info: Redefining \dots on input line 381.
LaTeX Info: Redefining \cdots on input line 466.
\Mathstrutbox@=\box51
\strutbox@=\box52
\big@size=\dimen179
LaTeX Font Info:    Redeclaring font encoding OML on input line 566.
LaTeX Font Info:    Redeclaring font encoding OMS on input line 567.
\macc@depth=\count144
\c@MaxMatrixCols=\count145
\dotsspace@=\muskip11
\c@parentequation=\count146
\dspbrk@lvl=\count147
\tag@help=\toks33
\row@=\count148
\column@=\count149
\maxfields@=\count150
\andhelp@=\toks34
\eqnshift@=\dimen180
\alignsep@=\dimen181
\tagshift@=\dimen182
\tagwidth@=\dimen183
\totwidth@=\dimen184
\lineht@=\dimen185
\@envbody=\toks35
\multlinegap=\skip52
\multlinetaggap=\skip53
\mathdisplay@stack=\toks36
LaTeX Info: Redefining \[ on input line 2665.
LaTeX Info: Redefining \] on input line 2666.
)
(/usr/local/texlive/2014/texmf-dist/tex/latex/amscls/amsthm.sty
Package: amsthm 2009/07/02 v2.20.1
\thm@style=\toks37
\thm@bodyfont=\toks38
\thm@headfont=\toks39
\thm@notefont=\toks40
\thm@headpunct=\toks41
\thm@preskip=\skip54
\thm@postskip=\skip55
\thm@headsep=\skip56
\dth@everypar=\toks42
)
\c@theorem=\count151
)
(/usr/local/texlive/2014/texmf-dist/tex/latex/beamer/beamerbasethemes.sty
Package: beamerbasethemes 2010/05/01  (rcs-revision efa082c6111d)
))
(/usr/local/texlive/2014/texmf-dist/tex/latex/beamer/themes/theme/beamerthemede
fault.sty
Package: beamerthemedefault 2010/06/17  (rcs-revision d02a7cf4d8ae)

(/usr/local/texlive/2014/texmf-dist/tex/latex/beamer/themes/font/beamerfontthem
edefault.sty
Package: beamerfontthemedefault 2012/12/19  (rcs-revision 1686da3db3c9)
)
(/usr/local/texlive/2014/texmf-dist/tex/latex/beamer/themes/color/beamercolorth
emedefault.sty
Package: beamercolorthemedefault 2012/12/19  (rcs-revision 1686da3db3c9)
)
(/usr/local/texlive/2014/texmf-dist/tex/latex/beamer/themes/inner/beamerinnerth
emedefault.sty
Package: beamerinnerthemedefault 2014/06/30  (rcs-revision 580088513a67)
\beamer@dima=\dimen186
\beamer@dimb=\dimen187
)
(/usr/local/texlive/2014/texmf-dist/tex/latex/beamer/themes/outer/beamerouterth
emedefault.sty
Package: beamerouterthemedefault 2012/12/19  (rcs-revision 1686da3db3c9)
)))) (./beamerthemeTUD.sty
Package: beamerthemeTUD 2014/09/20 1.11 Joe Werner's and Clemens von Loewenich'
s TUD-Design package

(/usr/local/texlive/2014/texmf-dist/tex/latex/xkeyval/xkeyval.sty
Package: xkeyval 2014/12/03 v2.7a package option processing (HA)

(/usr/local/texlive/2014/texmf-dist/tex/generic/xkeyval/xkeyval.tex
(/usr/local/texlive/2014/texmf-dist/tex/generic/xkeyval/xkvutils.tex
\XKV@toks=\toks43
\XKV@tempa@toks=\toks44
)
\XKV@depth=\count152
File: xkeyval.tex 2014/12/03 v2.7a key=value parser (HA)
))
(./beamerfontthemeTUD.sty
Package: beamerfontthemeTUD 2014/09/20 1.11 Joe Werner's and Clemens von Loewen
ich's TUD-Design package

(/usr/local/texlive/2014/texmf-dist/tex/latex/psnfss/helvet.sty
Package: helvet 2005/04/12 PSNFSS-v9.2a (WaS) 
)
(/usr/local/texlive/2014/texmf-dist/tex/latex/base/fix-cm.sty
Package: fix-cm 2014/09/29 v1.1s fixes to LaTeX

(/usr/local/texlive/2014/texmf-dist/tex/latex/base/ts1enc.def
File: ts1enc.def 2001/06/05 v3.0e (jk/car/fm) Standard LaTeX file
))
(/usr/local/texlive/2014/texmf-dist/tex/latex/base/fontenc.sty
Package: fontenc 2005/09/27 v1.99g Standard LaTeX package

(/usr/local/texlive/2014/texmf-dist/tex/latex/base/t1enc.def
File: t1enc.def 2005/09/27 v1.99g Standard LaTeX file
LaTeX Font Info:    Redeclaring font encoding T1 on input line 43.
))
(/usr/local/texlive/2014/texmf-dist/tex/latex/base/textcomp.sty
Package: textcomp 2005/09/27 v1.99g Standard LaTeX package
Package textcomp Info: Sub-encoding information:
(textcomp)               5 = only ISO-Adobe without \textcurrency
(textcomp)               4 = 5 + \texteuro
(textcomp)               3 = 4 + \textohm
(textcomp)               2 = 3 + \textestimated + \textcurrency
(textcomp)               1 = TS1 - \textcircled - \t
(textcomp)               0 = TS1 (full)
(textcomp)             Font families with sub-encoding setting implement
(textcomp)             only a restricted character set as indicated.
(textcomp)             Family '?' is the default used for unknown fonts.
(textcomp)             See the documentation for details.
Package textcomp Info: Setting ? sub-encoding to TS1/1 on input line 71.
Package textcomp Info: Changing ? sub-encoding to TS1/4 on input line 72.

(/usr/local/texlive/2014/texmf-dist/tex/latex/base/ts1enc.def
File: ts1enc.def 2001/06/05 v3.0e (jk/car/fm) Standard LaTeX file
LaTeX Font Info:    Redeclaring font encoding TS1 on input line 42.
)
LaTeX Info: Redefining \oldstylenums on input line 266.
Package textcomp Info: Setting cmr sub-encoding to TS1/0 on input line 281.
Package textcomp Info: Setting cmss sub-encoding to TS1/0 on input line 282.
Package textcomp Info: Setting cmtt sub-encoding to TS1/0 on input line 283.
Package textcomp Info: Setting cmvtt sub-encoding to TS1/0 on input line 284.
Package textcomp Info: Setting cmbr sub-encoding to TS1/0 on input line 285.
Package textcomp Info: Setting cmtl sub-encoding to TS1/0 on input line 286.
Package textcomp Info: Setting ccr sub-encoding to TS1/0 on input line 287.
Package textcomp Info: Setting ptm sub-encoding to TS1/4 on input line 288.
Package textcomp Info: Setting pcr sub-encoding to TS1/4 on input line 289.
Package textcomp Info: Setting phv sub-encoding to TS1/4 on input line 290.
Package textcomp Info: Setting ppl sub-encoding to TS1/3 on input line 291.
Package textcomp Info: Setting pag sub-encoding to TS1/4 on input line 292.
Package textcomp Info: Setting pbk sub-encoding to TS1/4 on input line 293.
Package textcomp Info: Setting pnc sub-encoding to TS1/4 on input line 294.
Package textcomp Info: Setting pzc sub-encoding to TS1/4 on input line 295.
Package textcomp Info: Setting bch sub-encoding to TS1/4 on input line 296.
Package textcomp Info: Setting put sub-encoding to TS1/5 on input line 297.
Package textcomp Info: Setting uag sub-encoding to TS1/5 on input line 298.
Package textcomp Info: Setting ugq sub-encoding to TS1/5 on input line 299.
Package textcomp Info: Setting ul8 sub-encoding to TS1/4 on input line 300.
Package textcomp Info: Setting ul9 sub-encoding to TS1/4 on input line 301.
Package textcomp Info: Setting augie sub-encoding to TS1/5 on input line 302.
Package textcomp Info: Setting dayrom sub-encoding to TS1/3 on input line 303.
Package textcomp Info: Setting dayroms sub-encoding to TS1/3 on input line 304.

Package textcomp Info: Setting pxr sub-encoding to TS1/0 on input line 305.
Package textcomp Info: Setting pxss sub-encoding to TS1/0 on input line 306.
Package textcomp Info: Setting pxtt sub-encoding to TS1/0 on input line 307.
Package textcomp Info: Setting txr sub-encoding to TS1/0 on input line 308.
Package textcomp Info: Setting txss sub-encoding to TS1/0 on input line 309.
Package textcomp Info: Setting txtt sub-encoding to TS1/0 on input line 310.
Package textcomp Info: Setting lmr sub-encoding to TS1/0 on input line 311.
Package textcomp Info: Setting lmdh sub-encoding to TS1/0 on input line 312.
Package textcomp Info: Setting lmss sub-encoding to TS1/0 on input line 313.
Package textcomp Info: Setting lmssq sub-encoding to TS1/0 on input line 314.
Package textcomp Info: Setting lmvtt sub-encoding to TS1/0 on input line 315.
Package textcomp Info: Setting qhv sub-encoding to TS1/0 on input line 316.
Package textcomp Info: Setting qag sub-encoding to TS1/0 on input line 317.
Package textcomp Info: Setting qbk sub-encoding to TS1/0 on input line 318.
Package textcomp Info: Setting qcr sub-encoding to TS1/0 on input line 319.
Package textcomp Info: Setting qcs sub-encoding to TS1/0 on input line 320.
Package textcomp Info: Setting qpl sub-encoding to TS1/0 on input line 321.
Package textcomp Info: Setting qtm sub-encoding to TS1/0 on input line 322.
Package textcomp Info: Setting qzc sub-encoding to TS1/0 on input line 323.
Package textcomp Info: Setting qhvc sub-encoding to TS1/0 on input line 324.
Package textcomp Info: Setting futs sub-encoding to TS1/4 on input line 325.
Package textcomp Info: Setting futx sub-encoding to TS1/4 on input line 326.
Package textcomp Info: Setting futj sub-encoding to TS1/4 on input line 327.
Package textcomp Info: Setting hlh sub-encoding to TS1/3 on input line 328.
Package textcomp Info: Setting hls sub-encoding to TS1/3 on input line 329.
Package textcomp Info: Setting hlst sub-encoding to TS1/3 on input line 330.
Package textcomp Info: Setting hlct sub-encoding to TS1/5 on input line 331.
Package textcomp Info: Setting hlx sub-encoding to TS1/5 on input line 332.
Package textcomp Info: Setting hlce sub-encoding to TS1/5 on input line 333.
Package textcomp Info: Setting hlcn sub-encoding to TS1/5 on input line 334.
Package textcomp Info: Setting hlcw sub-encoding to TS1/5 on input line 335.
Package textcomp Info: Setting hlcf sub-encoding to TS1/5 on input line 336.
Package textcomp Info: Setting pplx sub-encoding to TS1/3 on input line 337.
Package textcomp Info: Setting pplj sub-encoding to TS1/3 on input line 338.
Package textcomp Info: Setting ptmx sub-encoding to TS1/4 on input line 339.
Package textcomp Info: Setting ptmj sub-encoding to TS1/4 on input line 340.
)
LaTeX Font Info:    Overwriting symbol font `operators' in version `normal'
(Font)                  OT1/cmr/m/n --> OT1/phv/m/n on input line 68.
LaTeX Font Info:    Overwriting symbol font `operators' in version `bold'
(Font)                  OT1/cmr/bx/n --> OT1/phv/bx/n on input line 69.
\symSFMath=\mathgroup6
LaTeX Font Info:    Overwriting symbol font `SFMath' in version `normal'
(Font)                  OT1/phv/m/sl --> OT1/phv/m/sl on input line 81.
LaTeX Font Info:    Overwriting symbol font `SFMath' in version `bold'
(Font)                  OT1/phv/m/sl --> OT1/phv/bx/n on input line 82.
LaTeX Font Info:    Redeclaring math symbol \imath on input line 136.
LaTeX Font Info:    Redeclaring math symbol \jmath on input line 137.
\symSFMathUp=\mathgroup7
LaTeX Font Info:    Overwriting symbol font `SFMathUp' in version `normal'
(Font)                  OT1/phv/m/n --> OT1/phv/m/n on input line 144.
LaTeX Font Info:    Overwriting symbol font `SFMathUp' in version `bold'
(Font)                  OT1/phv/m/n --> OT1/phv/bx/n on input line 145.
LaTeX Font Info:    Redeclaring math symbol \ldotp on input line 148.
\symSFMathGreek=\mathgroup8
LaTeX Font Info:    Overwriting symbol font `SFMathGreek' in version `normal'
(Font)                  OT1/cmss/m/n --> OT1/cmss/m/n on input line 157.
LaTeX Font Info:    Overwriting symbol font `SFMathGreek' in version `bold'
(Font)                  OT1/cmss/m/n --> OT1/cmss/bx/n on input line 158.
LaTeX Font Info:    Redeclaring math symbol \Gamma on input line 160.
LaTeX Font Info:    Redeclaring math symbol \Delta on input line 161.
LaTeX Font Info:    Redeclaring math symbol \Theta on input line 162.
LaTeX Font Info:    Redeclaring math symbol \Lambda on input line 163.
LaTeX Font Info:    Redeclaring math symbol \Xi on input line 164.
LaTeX Font Info:    Redeclaring math symbol \Pi on input line 165.
LaTeX Font Info:    Redeclaring math symbol \Sigma on input line 166.
LaTeX Font Info:    Redeclaring math symbol \Upsilon on input line 167.
LaTeX Font Info:    Redeclaring math symbol \Phi on input line 168.
LaTeX Font Info:    Redeclaring math symbol \Psi on input line 169.
LaTeX Font Info:    Redeclaring math symbol \Omega on input line 170.
\symSFMathUpGreek=\mathgroup9
LaTeX Font Info:    Overwriting symbol font `SFMathUpGreek' in version `normal'

(Font)                  OT1/cmss/m/n --> OT1/cmss/m/n on input line 174.
LaTeX Font Info:    Overwriting symbol font `SFMathUpGreek' in version `bold'
(Font)                  OT1/cmss/m/n --> OT1/cmss/bx/n on input line 175.
LaTeX Font Info:    Overwriting math alphabet `\mathnormal' in version `normal'

(Font)                  OML/cmm/m/it --> OT1/phv/m/sl on input line 183.
LaTeX Font Info:    Overwriting math alphabet `\mathnormal' in version `bold'
(Font)                  OML/cmm/b/it --> OT1/phv/bx/n on input line 184.
LaTeX Font Info:    Overwriting math alphabet `\mathrm' in version `normal'
(Font)                  OT1/phv/m/n --> OT1/phv/m/n on input line 186.
LaTeX Font Info:    Overwriting math alphabet `\mathrm' in version `bold'
(Font)                  OT1/phv/bx/n --> OT1/phv/bx/n on input line 187.
LaTeX Font Info:    Overwriting math alphabet `\mathbf' in version `normal'
(Font)                  OT1/cmr/bx/n --> OT1/phv/bx/n on input line 189.
LaTeX Font Info:    Overwriting math alphabet `\mathbf' in version `bold'
(Font)                  OT1/cmr/bx/n --> OT1/phv/bx/n on input line 190.
LaTeX Font Info:    Overwriting math alphabet `\mathit' in version `normal'
(Font)                  OT1/cmr/m/it --> OT1/phv/m/sl on input line 192.
LaTeX Font Info:    Overwriting math alphabet `\mathit' in version `bold'
(Font)                  OT1/cmr/bx/it --> OT1/phv/m/sl on input line 193.
LaTeX Font Info:    Overwriting math alphabet `\mathsf' in version `normal'
(Font)                  OT1/cmss/m/n --> OT1/phv/m/n on input line 195.
LaTeX Font Info:    Overwriting math alphabet `\mathsf' in version `bold'
(Font)                  OT1/cmss/bx/n --> OT1/phv/bx/n on input line 196.
LaTeX Font Info:    Overwriting math alphabet `\mathsl' in version `bold'
(Font)                  OT1/phv/m/sl --> OT1/phv/m/sl on input line 202.
)
(./beamercolorthemeTUD.sty
Package: beamercolorthemeTUD 2009/02/20 1.0 Joe Werner's and Clemens von Loewen
ich's TUD-Design package
 (./tudcolours.sty
Package: tudcolours 2009/03/12 1.9 Clemens von Loewenich's and Joe Werner's TUD
-Design package
 (./tudcolours.cfg
File: tudcolours.cfg 2008/12/03

(/usr/local/texlive/2014/texmf-dist/tex/latex/base/ifthen.sty
Package: ifthen 2014/09/29 v1.1c Standard LaTeX ifthen package (DPC)
))
(./tudcolours.def
File: tudcolours.def 2008/12/03
))

Package beamercolorthemeTUD Warning: Option `inverttitle' ignored. on input lin
e 74.

) (./beamerouterthemeTUD.sty
Package: beamerouterthemeTUD 2009/07/14 1.1 Joe Werner's and Clemens von Loewen
ich's TUD-Design package

(/usr/local/texlive/2014/texmf-dist/tex/latex/tools/calc.sty
Package: calc 2014/10/28 v4.3 Infix arithmetic (KKT,FJ)
\calc@Acount=\count153
\calc@Bcount=\count154
\calc@Adimen=\dimen188
\calc@Bdimen=\dimen189
\calc@Askip=\skip57
\calc@Bskip=\skip58
LaTeX Info: Redefining \setlength on input line 75.
LaTeX Info: Redefining \addtolength on input line 76.
\calc@Ccount=\count155
\calc@Cskip=\skip59
)
\TUD@titleboxheight=\skip60
\TUD@titleboxwidth=\skip61
\TUD@titleboxdepth=\skip62
\TUD@titleboxcomplete=\skip63
\TUD@frametitleboxheight=\skip64
\TUD@frametitleboxwidth=\skip65
\TUD@logoboxheight=\skip66
\TUD@logoboxwidth=\skip67
\TUD@logoboxskip=\skip68
\TUD@rulelength=\skip69
\TUD@ruleskip=\skip70
\TUD@largeruleheight=\skip71
\TUD@smallruleheight=\skip72
\TUD@fontheight=\skip73
\TUD@smalllogoboxheight=\skip74
\TUD@smalllogoboxdepth=\skip75
\TUD@smalllogoboxwidth=\skip76
\TUD@smallauthorboxwidth=\skip77
\TUD@logobox=\box53
\frametitlebox=\box54
\frameauthorbox=\box55
\framelogobox=\box56
\TUD@titlebox=\box57
\TUD@titlepagebox=\box58
)
(./beamerinnerthemeTUD.sty
Package: beamerinnerthemeTUD 2009/02/20 1.0 Joe Werner's and Clemens von Loewen
ich's TUD-Design package
)) (./intro.len) (./intro.len)
\tf@len=\write5
\openout5 = `intro.len'.


(/usr/local/texlive/2014/texmf-dist/tex/generic/german/ngerman.sty
v2.5e 1998-07-08
Package: ngerman 1998/07/08 v2.5e Support for writing german texts (br)
\grmnU@D=\dimen190
ngerman -- \language number for naustrian undefined, default 31 used.
)
(/usr/local/texlive/2014/texmf-dist/tex/latex/caption/caption.sty
Package: caption 2013/05/02 v3.3-89 Customizing captions (AR)

(/usr/local/texlive/2014/texmf-dist/tex/latex/caption/caption3.sty
Package: caption3 2013/05/02 v1.6-88 caption3 kernel (AR)
Package caption3 Info: TeX engine: e-TeX on input line 57.
\captionmargin=\dimen191
\captionmargin@=\dimen192
\captionwidth=\dimen193
\caption@tempdima=\dimen194
\caption@indent=\dimen195
\caption@parindent=\dimen196
\caption@hangindent=\dimen197
)
\c@ContinuedFloat=\count156
Package caption Info: beamer document class.
Package caption Info: hyperref package is loaded.
Package caption Info: Hyperref support is turned off
(caption)             because hyperref has stopped early.
)
(/usr/local/texlive/2014/texmf-dist/tex/generic/babel/babel.sty
Package: babel 2014/09/25 3.9l The Babel package

(/usr/local/texlive/2014/texmf-dist/tex/generic/babel-german/german.ldf
Language: german 2014/10/10 v2.7b German support for babel (traditional orthogr
aphy)

(/usr/local/texlive/2014/texmf-dist/tex/generic/babel-german/germanb.ldf
Language: germanb 2014/10/10 v2.7b German support for babel (traditional orthog
raphy)

(/usr/local/texlive/2014/texmf-dist/tex/generic/babel/babel.def
File: babel.def 2014/09/25 3.9l Babel common definitions
\babel@savecnt=\count157
\U@D=\dimen198
LaTeX Info: Redefining \textlatin on input line 1431.
)
\l@austrian = a dialect from \language\l@german 
Package babel Info: Making " an active character on input line 110.
))
(/usr/local/texlive/2014/texmf-dist/tex/generic/babel-english/english.ldf
Language: english 2012/08/20 v3.3p English support from the babel system
))
(/usr/local/texlive/2014/texmf-dist/tex/latex/subfigure/subfigure.sty
Package: subfigure 2002/03/15 v2.1.5 subfigure package
\subfigtopskip=\skip78
\subfigcapskip=\skip79
\subfigcaptopadj=\dimen199
\subfigbottomskip=\skip80
\subfigcapmargin=\dimen200
\subfiglabelskip=\skip81
\c@subfigure=\count158
\c@lofdepth=\count159
\c@subtable=\count160
\c@lotdepth=\count161

****************************************
* Local config file subfigure.cfg used *
****************************************
(/usr/local/texlive/2014/texmf-dist/tex/latex/subfigure/subfigure.cfg)
\subfig@top=\skip82
\subfig@bottom=\skip83
)
(/usr/local/texlive/2014/texmf-dist/tex/latex/multirow/multirow.sty
\bigstrutjot=\dimen201
)
(./intro.aux)
\openout1 = `intro.aux'.

LaTeX Font Info:    Checking defaults for OML/cmm/m/it on input line 12.
LaTeX Font Info:    ... okay on input line 12.
LaTeX Font Info:    Checking defaults for T1/cmr/m/n on input line 12.
LaTeX Font Info:    ... okay on input line 12.
LaTeX Font Info:    Checking defaults for OT1/cmr/m/n on input line 12.
LaTeX Font Info:    ... okay on input line 12.
LaTeX Font Info:    Checking defaults for OMS/cmsy/m/n on input line 12.
LaTeX Font Info:    ... okay on input line 12.
LaTeX Font Info:    Checking defaults for OMX/cmex/m/n on input line 12.
LaTeX Font Info:    ... okay on input line 12.
LaTeX Font Info:    Checking defaults for U/cmr/m/n on input line 12.
LaTeX Font Info:    ... okay on input line 12.
LaTeX Font Info:    Checking defaults for PD1/pdf/m/n on input line 12.
LaTeX Font Info:    ... okay on input line 12.
LaTeX Font Info:    Checking defaults for TS1/cmr/m/n on input line 12.
LaTeX Font Info:    ... okay on input line 12.
LaTeX Font Info:    Try loading font information for T1+phv on input line 12.
 (/usr/local/texlive/2014/texmf-dist/tex/latex/psnfss/t1phv.fd
File: t1phv.fd 2001/06/04 scalable font definitions for T1/phv.
)
LaTeX Font Info:    Font shape `T1/phv/m/n' will be
(Font)              scaled to size 9.40002pt on input line 12.

*geometry* driver: auto-detecting
*geometry* detected driver: pdftex
*geometry* verbose mode - [ preamble ] result:
* driver: pdftex
* paper: custom
* layout: <same size as paper>
* layoutoffset:(h,v)=(0.0pt,0.0pt)
* modes: landscape includehead includefoot 
* h-part:(L,W,R)=(9.99756pt, 344.20024pt, 9.99756pt)
* v-part:(T,H,B)=(0.0pt, 273.14662pt, 0.0pt)
* \paperwidth=364.19536pt
* \paperheight=273.14662pt
* \textwidth=344.20024pt
* \textheight=244.6939pt
* \oddsidemargin=-62.27243pt
* \evensidemargin=-62.27243pt
* \topmargin=-72.26999pt
* \headheight=14.22636pt
* \headsep=0.0pt
* \topskip=10.0pt
* \footskip=14.22636pt
* \marginparwidth=3.0pt
* \marginparsep=11.0pt
* \columnsep=10.0pt
* \skip\footins=9.0pt plus 4.0pt minus 2.0pt
* \hoffset=0.0pt
* \voffset=0.0pt
* \mag=1000
* \@twocolumnfalse
* \@twosidefalse
* \@mparswitchfalse
* \@reversemarginfalse
* (1in=72.27pt=25.4mm, 1cm=28.453pt)

(/usr/local/texlive/2014/texmf-dist/tex/context/base/supp-pdf.mkii
[Loading MPS to PDF converter (version 2006.09.02).]
\scratchcounter=\count162
\scratchdimen=\dimen202
\scratchbox=\box59
\nofMPsegments=\count163
\nofMParguments=\count164
\everyMPshowfont=\toks45
\MPscratchCnt=\count165
\MPscratchDim=\dimen203
\MPnumerator=\count166
\makeMPintoPDFobject=\count167
\everyMPtoPDFconversion=\toks46
) (/usr/local/texlive/2014/texmf-dist/tex/latex/oberdiek/epstopdf-base.sty
Package: epstopdf-base 2010/02/09 v2.5 Base part for package epstopdf

(/usr/local/texlive/2014/texmf-dist/tex/latex/oberdiek/grfext.sty
Package: grfext 2010/08/19 v1.1 Manage graphics extensions (HO)
)
Package grfext Info: Graphics extension search list:
(grfext)             [.png,.pdf,.jpg,.mps,.jpeg,.jbig2,.jb2,.PNG,.PDF,.JPG,.JPE
G,.JBIG2,.JB2,.eps]
(grfext)             \AppendGraphicsExtensions on input line 452.

(/usr/local/texlive/2014/texmf-dist/tex/latex/latexconfig/epstopdf-sys.cfg
File: epstopdf-sys.cfg 2010/07/13 v1.3 Configuration of (r)epstopdf for TeX Liv
e
))
ABD: EveryShipout initializing macros
\AtBeginShipoutBox=\box60
Package hyperref Info: Link coloring OFF on input line 12.

(/usr/local/texlive/2014/texmf-dist/tex/latex/hyperref/nameref.sty
Package: nameref 2012/10/27 v2.43 Cross-referencing by name of section

(/usr/local/texlive/2014/texmf-dist/tex/generic/oberdiek/gettitlestring.sty
Package: gettitlestring 2010/12/03 v1.4 Cleanup title references (HO)
)
\c@section@level=\count168
)
LaTeX Info: Redefining \ref on input line 12.
LaTeX Info: Redefining \pageref on input line 12.
LaTeX Info: Redefining \nameref on input line 12.

(./intro.out) (./intro.out)
\@outlinefile=\write6
\openout6 = `intro.out'.


(/usr/local/texlive/2014/texmf-dist/tex/latex/beamer/translator/dicts/translato
r-basic-dictionary/translator-basic-dictionary-English.dict
Dictionary: translator-basic-dictionary, Language: English 
)
(/usr/local/texlive/2014/texmf-dist/tex/latex/beamer/translator/dicts/translato
r-basic-dictionary/translator-basic-dictionary-German.dict
Dictionary: translator-basic-dictionary, Language: German 
)
(/usr/local/texlive/2014/texmf-dist/tex/latex/beamer/translator/dicts/translato
r-bibliography-dictionary/translator-bibliography-dictionary-English.dict
Dictionary: translator-bibliography-dictionary, Language: English 
)
(/usr/local/texlive/2014/texmf-dist/tex/latex/beamer/translator/dicts/translato
r-bibliography-dictionary/translator-bibliography-dictionary-German.dict
Dictionary: translator-bibliography-dictionary, Language: German 
)
(/usr/local/texlive/2014/texmf-dist/tex/latex/beamer/translator/dicts/translato
r-environment-dictionary/translator-environment-dictionary-English.dict
Dictionary: translator-environment-dictionary, Language: English 
)
(/usr/local/texlive/2014/texmf-dist/tex/latex/beamer/translator/dicts/translato
r-environment-dictionary/translator-environment-dictionary-German.dict
Dictionary: translator-environment-dictionary, Language: German 
)
(/usr/local/texlive/2014/texmf-dist/tex/latex/beamer/translator/dicts/translato
r-months-dictionary/translator-months-dictionary-English.dict
Dictionary: translator-months-dictionary, Language: English 
)
(/usr/local/texlive/2014/texmf-dist/tex/latex/beamer/translator/dicts/translato
r-months-dictionary/translator-months-dictionary-German.dict
Dictionary: translator-months-dictionary, Language: German 
)
(/usr/local/texlive/2014/texmf-dist/tex/latex/beamer/translator/dicts/translato
r-numbers-dictionary/translator-numbers-dictionary-English.dict
Dictionary: translator-numbers-dictionary, Language: English 
)
(/usr/local/texlive/2014/texmf-dist/tex/latex/beamer/translator/dicts/translato
r-numbers-dictionary/translator-numbers-dictionary-German.dict
Dictionary: translator-numbers-dictionary, Language: German 
)
(/usr/local/texlive/2014/texmf-dist/tex/latex/beamer/translator/dicts/translato
r-theorem-dictionary/translator-theorem-dictionary-English.dict
Dictionary: translator-theorem-dictionary, Language: English 
)
(/usr/local/texlive/2014/texmf-dist/tex/latex/beamer/translator/dicts/translato
r-theorem-dictionary/translator-theorem-dictionary-German.dict
Dictionary: translator-theorem-dictionary, Language: German 
)
LaTeX Info: Redefining \includegraphics on input line 12.
Package caption Info: Begin \AtBeginDocument code.
Package caption Info: Incompatible package detected (regarding \caption).
(caption)             \caption = macro:->\ifx \@captype \@undefined \@latex@err
or {\noexpand \caption outside figure or table}\@ehd \expandafter \@gobble \els
e \refstepcounter \@captype \expandafter \@firstofone \fi {\@dblarg {\@caption 
\@captype }}.


Package caption Warning: \caption will not be redefined since it's already
(caption)                redefined by a document class or package which is
(caption)                unknown to the caption package.
See the caption package documentation for explanation.

Package caption Info: subfigure package is loaded.
Package caption Info: End \AtBeginDocument code.
(./intro.nav)
LaTeX Font Info:    Font shape `T1/phv/m/n' will be
(Font)              scaled to size 4.70001pt on input line 12.

Underfull \hbox (badness 10000) in paragraph at lines 12--12

 []

LaTeX Font Info:    Try loading font information for OT1+phv on input line 12.
(/usr/local/texlive/2014/texmf-dist/tex/latex/psnfss/ot1phv.fd
File: ot1phv.fd 2001/06/04 scalable font definitions for OT1/phv.
)
LaTeX Font Info:    Font shape `OT1/phv/m/n' will be
(Font)              scaled to size 4.70001pt on input line 12.
LaTeX Font Info:    Try loading font information for U+msa on input line 12.

(/usr/local/texlive/2014/texmf-dist/tex/latex/amsfonts/umsa.fd
File: umsa.fd 2013/01/14 v3.01 AMS symbols A
)
LaTeX Font Info:    Try loading font information for U+msb on input line 12.

(/usr/local/texlive/2014/texmf-dist/tex/latex/amsfonts/umsb.fd
File: umsb.fd 2013/01/14 v3.01 AMS symbols B
)
LaTeX Font Info:    Font shape `OT1/phv/m/sl' will be
(Font)              scaled to size 4.70001pt on input line 12.


Package hyperref Warning: Option `pdfauthor' has already been used,
(hyperref)                setting the option has no effect on input line 20.

LaTeX Font Info:    Font shape `T1/phv/m/n' will be
(Font)              scaled to size 3.76001pt on input line 30.
LaTeX Font Info:    Font shape `T1/phv/m/n' will be
(Font)              scaled to size 11.28003pt on input line 30.
LaTeX Font Info:    Font shape `T1/phv/bx/n' in size <12> not available
(Font)              Font shape `T1/phv/b/n' tried instead on input line 30.
LaTeX Font Info:    Font shape `T1/phv/b/n' will be
(Font)              scaled to size 11.28003pt on input line 30.
LaTeX Font Info:    Font shape `T1/phv/bx/n' in size <10> not available
(Font)              Font shape `T1/phv/b/n' tried instead on input line 30.
LaTeX Font Info:    Font shape `T1/phv/b/n' will be
(Font)              scaled to size 9.40002pt on input line 30.
LaTeX Font Info:    Font shape `OT1/phv/m/n' will be
(Font)              scaled to size 11.28003pt on input line 30.
LaTeX Font Info:    Font shape `OT1/phv/m/n' will be
(Font)              scaled to size 7.52002pt on input line 30.
LaTeX Font Info:    Font shape `OT1/phv/m/n' will be
(Font)              scaled to size 5.64001pt on input line 30.
LaTeX Font Info:    Font shape `OT1/phv/m/sl' will be
(Font)              scaled to size 11.28003pt on input line 30.
LaTeX Font Info:    Font shape `OT1/phv/m/sl' will be
(Font)              scaled to size 7.52002pt on input line 30.
LaTeX Font Info:    Font shape `OT1/phv/m/sl' will be
(Font)              scaled to size 5.64001pt on input line 30.

Overfull \hbox (6.00092pt too wide) has occurred while \output is active
[][] 
 []


Overfull \vbox (154.03957pt too high) has occurred while \output is active []


Underfull \hbox (badness 10000) has occurred while \output is active

 []

[1{/usr/local/texlive/2014/texmf-var/fonts/map/pdftex/updmap/pdftex.map}

]
LaTeX Font Info:    Font shape `T1/phv/m/n' will be
(Font)              scaled to size 6.58002pt on input line 51.
LaTeX Font Info:    Font shape `OT1/phv/m/n' will be
(Font)              scaled to size 6.58002pt on input line 51.
LaTeX Font Info:    Font shape `OT1/phv/m/sl' will be
(Font)              scaled to size 6.58002pt on input line 51.
LaTeX Font Info:    Font shape `T1/phv/m/n' will be
(Font)              scaled to size 8.46002pt on input line 51.

Underfull \hbox (badness 10000) has occurred while \output is active

 []

[2

] <./figures/fpga-app2.pdf, id=72, 697.60625pt x 367.3725pt>
File: ./figures/fpga-app2.pdf Graphic file (type pdf)

<use ./figures/fpga-app2.pdf>
Package pdftex.def Info: ./figures/fpga-app2.pdf used on input line 59.
(pdftex.def)             Requested size: 309.7781pt x 163.13548pt.

Underfull \hbox (badness 10000) has occurred while \output is active

 []

[3

 <./figures/fpga-app2.pdf>]
<./figures/fpga-app.pdf, id=94, 563.10374pt x 249.93375pt>
File: ./figures/fpga-app.pdf Graphic file (type pdf)

<use ./figures/fpga-app.pdf>
Package pdftex.def Info: ./figures/fpga-app.pdf used on input line 75.
(pdftex.def)             Requested size: 240.93912pt x 106.93932pt.

Underfull \hbox (badness 10000) has occurred while \output is active

 []

[4

 <./figures/fpga-app.pdf>]
<./figures/fpga-accelerator.pdf, id=108, 471.7625pt x 332.24126pt>
File: ./figures/fpga-accelerator.pdf Graphic file (type pdf)

<use ./figures/fpga-accelerator.pdf>
Package pdftex.def Info: ./figures/fpga-accelerator.pdf used on input line 89.
(pdftex.def)             Requested size: 206.52223pt x 145.44644pt.

Underfull \hbox (badness 10000) has occurred while \output is active

 []

[5

 <./figures/fpga-accelerator.pdf>]
<./figures/design-challenge.pdf, id=123, 563.10374pt x 386.44376pt>
File: ./figures/design-challenge.pdf Graphic file (type pdf)

<use ./figures/design-challenge.pdf>
Package pdftex.def Info: ./figures/design-challenge.pdf used on input line 96.
(pdftex.def)             Requested size: 292.5723pt x 200.7868pt.

Overfull \vbox (3.56577pt too high) detected at line 96
 []


Underfull \hbox (badness 10000) has occurred while \output is active

 []

[6

 <./figures/design-challenge.pdf>]
<./figures/hls-compilation.pdf, id=197, 387.4475pt x 299.1175pt>
File: ./figures/hls-compilation.pdf Graphic file (type pdf)

<use ./figures/hls-compilation.pdf>
Package pdftex.def Info: ./figures/hls-compilation.pdf used on input line 104.
(pdftex.def)             Requested size: 240.93912pt x 186.01231pt.

Underfull \hbox (badness 10000) has occurred while \output is active

 []

[7

 <./figures/hls-compilation.pdf>]
<./figures/fpga-challenge-detail.pdf, id=216, 698.61pt x 242.9075pt>
File: ./figures/fpga-challenge-detail.pdf Graphic file (type pdf)

<use ./figures/fpga-challenge-detail.pdf>
Package pdftex.def Info: ./figures/fpga-challenge-detail.pdf used on input line
 114.
(pdftex.def)             Requested size: 309.7781pt x 107.70987pt.

Underfull \hbox (badness 10000) has occurred while \output is active

 []

[8

 <./figures/fpga-challenge-detail.pdf>]
Underfull \hbox (badness 10000) has occurred while \output is active

 []

[9

] <./figures/overlay-architecture1.pdf, id=244, 706.64pt x 339.2675pt>
File: ./figures/overlay-architecture1.pdf Graphic file (type pdf)

<use ./figures/overlay-architecture1.pdf>
Package pdftex.def Info: ./figures/overlay-architecture1.pdf used on input line
 140.
(pdftex.def)             Requested size: 309.7781pt x 148.72942pt.

Underfull \hbox (badness 10000) has occurred while \output is active

 []

[10

 <./figures/overlay-architecture1.pdf>]
<./figures/overlay-architecture2.pdf, id=272, 706.64pt x 339.2675pt>
File: ./figures/overlay-architecture2.pdf Graphic file (type pdf)

<use ./figures/overlay-architecture2.pdf>
Package pdftex.def Info: ./figures/overlay-architecture2.pdf used on input line
 149.
(pdftex.def)             Requested size: 309.7781pt x 148.72942pt.

Underfull \hbox (badness 10000) has occurred while \output is active

 []

[11

 <./figures/overlay-architecture2.pdf>]
<./figures/qd-overview.pdf, id=301, 521.95pt x 325.215pt>
File: ./figures/qd-overview.pdf Graphic file (type pdf)

<use ./figures/qd-overview.pdf>
Package pdftex.def Info: ./figures/qd-overview.pdf used on input line 164.
(pdftex.def)             Requested size: 258.15018pt x 160.85042pt.

Overfull \vbox (8.96794pt too high) detected at line 164
 []


Underfull \hbox (badness 10000) has occurred while \output is active

 []

[12

 <./figures/qd-overview.pdf>]
<./figures/qd-flow1.pdf, id=326, 723.70375pt x 447.6725pt>
File: ./figures/qd-flow1.pdf Graphic file (type pdf)

<use ./figures/qd-flow1.pdf>
Package pdftex.def Info: ./figures/qd-flow1.pdf used on input line 171.
(pdftex.def)             Requested size: 326.98917pt x 202.27046pt.

Overfull \vbox (5.04942pt too high) detected at line 171
 []


Underfull \hbox (badness 10000) has occurred while \output is active

 []

[13

 <./figures/qd-flow1.pdf>]
<./figures/qd-flow2.pdf, id=345, 723.70375pt x 447.6725pt>
File: ./figures/qd-flow2.pdf Graphic file (type pdf)

<use ./figures/qd-flow2.pdf>
Package pdftex.def Info: ./figures/qd-flow2.pdf used on input line 178.
(pdftex.def)             Requested size: 326.98917pt x 202.27046pt.

Overfull \vbox (5.04942pt too high) detected at line 178
 []


Underfull \hbox (badness 10000) has occurred while \output is active

 []

[14

 <./figures/qd-flow2.pdf>]
<./figures/qd-flow3.pdf, id=366, 723.70375pt x 447.6725pt>
File: ./figures/qd-flow3.pdf Graphic file (type pdf)

<use ./figures/qd-flow3.pdf>
Package pdftex.def Info: ./figures/qd-flow3.pdf used on input line 185.
(pdftex.def)             Requested size: 326.98917pt x 202.27046pt.

Overfull \vbox (5.04942pt too high) detected at line 185
 []


Underfull \hbox (badness 10000) has occurred while \output is active

 []

[15

 <./figures/qd-flow3.pdf>]
<./figures/accel-sel3.pdf, id=387, 393.47pt x 176.66pt>
File: ./figures/accel-sel3.pdf Graphic file (type pdf)

<use ./figures/accel-sel3.pdf>
Package pdftex.def Info: ./figures/accel-sel3.pdf used on input line 202.
(pdftex.def)             Requested size: 223.72804pt x 100.44923pt.

Underfull \hbox (badness 10000) has occurred while \output is active

 []

[16

 <./figures/accel-sel3.pdf>]
<./figures/qd-flow4.pdf, id=449, 723.70375pt x 447.6725pt>
File: ./figures/qd-flow4.pdf Graphic file (type pdf)

<use ./figures/qd-flow4.pdf>
Package pdftex.def Info: ./figures/qd-flow4.pdf used on input line 209.
(pdftex.def)             Requested size: 326.98917pt x 202.27046pt.

Overfull \vbox (5.04942pt too high) detected at line 209
 []


Underfull \hbox (badness 10000) has occurred while \output is active

 []

[17

 <./figures/qd-flow4.pdf>]
<./figures/lib-build.pdf, id=470, 645.41125pt x 390.45876pt>
File: ./figures/lib-build.pdf Graphic file (type pdf)

<use ./figures/lib-build.pdf>
Package pdftex.def Info: ./figures/lib-build.pdf used on input line 216.
(pdftex.def)             Requested size: 292.5723pt x 176.99768pt.

Underfull \hbox (badness 10000) has occurred while \output is active

 []

[18

 <./figures/lib-build.pdf>]
<./figures/qd-flow5.pdf, id=482, 723.70375pt x 447.6725pt>
File: ./figures/qd-flow5.pdf Graphic file (type pdf)

<use ./figures/qd-flow5.pdf>
Package pdftex.def Info: ./figures/qd-flow5.pdf used on input line 223.
(pdftex.def)             Requested size: 326.98917pt x 202.27046pt.

Overfull \vbox (5.04942pt too high) detected at line 223
 []


Underfull \hbox (badness 10000) has occurred while \output is active

 []

[19

 <./figures/qd-flow5.pdf>]
<./figures/scgra-accelerator.pdf, id=504, 113.42375pt x 68.255pt>
File: ./figures/scgra-accelerator.pdf Graphic file (type pdf)

<use ./figures/scgra-accelerator.pdf>
Package pdftex.def Info: ./figures/scgra-accelerator.pdf used on input line 239
.
(pdftex.def)             Requested size: 206.52223pt x 124.2805pt.

Underfull \hbox (badness 10000) has occurred while \output is active

 []

[20

 <./figures/scgra-accelerator.pdf>]
<./figures/pe.pdf, id=525, 335.2525pt x 186.6975pt>
File: ./figures/pe.pdf Graphic file (type pdf)
 <use ./figures/pe.pdf>
Package pdftex.def Info: ./figures/pe.pdf used on input line 248.
(pdftex.def)             Requested size: 258.15018pt x 143.76036pt.

Underfull \hbox (badness 10000) has occurred while \output is active

 []

[21

 <./figures/pe.pdf>] <./figures/alu.pdf, id=543, 226.8475pt x 116.435pt>
File: ./figures/alu.pdf Graphic file (type pdf)

<use ./figures/alu.pdf>
Package pdftex.def Info: ./figures/alu.pdf used on input line 260.
(pdftex.def)             Requested size: 189.31117pt x 97.16869pt.

<./figures/op-table.pdf, id=544, 624.3325pt x 384.43625pt>
File: ./figures/op-table.pdf Graphic file (type pdf)

<use ./figures/op-table.pdf>
Package pdftex.def Info: ./figures/op-table.pdf used on input line 260.
(pdftex.def)             Requested size: 189.31117pt x 116.56949pt.

Overfull \vbox (13.4171pt too high) detected at line 260
 []


Underfull \hbox (badness 10000) has occurred while \output is active

 []

[22

 <./figures/alu.pdf> <./figures/op-table.pdf>]
<./figures/controller.pdf, id=607, 666.49pt x 495.8525pt>
File: ./figures/controller.pdf Graphic file (type pdf)

<use ./figures/controller.pdf>
Package pdftex.def Info: ./figures/controller.pdf used on input line 267.
(pdftex.def)             Requested size: 258.15018pt x 192.05763pt.

Underfull \hbox (badness 10000) has occurred while \output is active

 []

[23

 <./figures/controller.pdf>]
<./figures/dfg-gen.pdf, id=634, 441.65pt x 349.305pt>
File: ./figures/dfg-gen.pdf Graphic file (type pdf)

<use ./figures/dfg-gen.pdf>
Package pdftex.def Info: ./figures/dfg-gen.pdf used on input line 274.
(pdftex.def)             Requested size: 258.15018pt x 204.18002pt.

Overfull \vbox (6.95898pt too high) detected at line 274
 []


Underfull \hbox (badness 10000) has occurred while \output is active

 []

[24

 <./figures/dfg-gen.pdf>]
Underfull \hbox (badness 10000) has occurred while \output is active

 []

[25

] <./figures/custom-para.pdf, id=726, 567.11874pt x 380.42125pt>
File: ./figures/custom-para.pdf Graphic file (type pdf)

<use ./figures/custom-para.pdf>
Package pdftex.def Info: ./figures/custom-para.pdf used on input line 312.
(pdftex.def)             Requested size: 240.93912pt x 161.62173pt.

Overfull \vbox (17.04874pt too high) detected at line 312
 []


Underfull \hbox (badness 10000) has occurred while \output is active

 []

[26

 <./figures/custom-para.pdf>]
<./figures/custom-model.pdf, id=751, 704.6325pt x 483.8075pt>
File: ./figures/custom-model.pdf Graphic file (type pdf)

<use ./figures/custom-model.pdf>
Package pdftex.def Info: ./figures/custom-model.pdf used on input line 320.
(pdftex.def)             Requested size: 309.7781pt x 212.69139pt.

Overfull \vbox (8.89037pt too high) detected at line 320
 []


Underfull \hbox (badness 10000) has occurred while \output is active

 []

[27

 <./figures/custom-model.pdf>]
<./figures/customization-framework.pdf, id=787, 483.8075pt x 527.9725pt>
File: ./figures/customization-framework.pdf Graphic file (type pdf)

<use ./figures/customization-framework.pdf>
Package pdftex.def Info: ./figures/customization-framework.pdf used on input li
ne 328.
(pdftex.def)             Requested size: 206.52223pt x 225.37222pt.

Overfull \vbox (18.75116pt too high) detected at line 328
 []


Underfull \hbox (badness 10000) has occurred while \output is active

 []

[28

 <./figures/customization-framework.pdf>]
<./figures/sub-dse.pdf, id=815, 623.32875pt x 430.60875pt>
File: ./figures/sub-dse.pdf Graphic file (type pdf)

<use ./figures/sub-dse.pdf>
Package pdftex.def Info: ./figures/sub-dse.pdf used on input line 336.
(pdftex.def)             Requested size: 275.36124pt x 190.22403pt.

Underfull \hbox (badness 10000) has occurred while \output is active

 []

[29

 <./figures/sub-dse.pdf>]
Underfull \hbox (badness 10000) has occurred while \output is active

 []

[30

] <./figures/benchmark-setup.pdf, id=845, 609.27625pt x 520.94624pt>
File: ./figures/benchmark-setup.pdf Graphic file (type pdf)

<use ./figures/benchmark-setup.pdf>
Package pdftex.def Info: ./figures/benchmark-setup.pdf used on input line 364.
(pdftex.def)             Requested size: 258.15018pt x 220.72754pt.

Overfull \vbox (14.10648pt too high) detected at line 364
 []


Underfull \hbox (badness 10000) has occurred while \output is active

 []

[31

 <./figures/benchmark-setup.pdf>]
LaTeX Font Info:    Font shape `T1/phv/bx/n' in size <9> not available
(Font)              Font shape `T1/phv/b/n' tried instead on input line 383.
LaTeX Font Info:    Font shape `T1/phv/b/n' will be
(Font)              scaled to size 8.46002pt on input line 383.

Underfull \hbox (badness 10000) has occurred while \output is active

 []

[32

] <./figures/compile-setup.pdf, id=907, 666.49pt x 534.99875pt>
File: ./figures/compile-setup.pdf Graphic file (type pdf)

<use ./figures/compile-setup.pdf>
Package pdftex.def Info: ./figures/compile-setup.pdf used on input line 391.
(pdftex.def)             Requested size: 275.36124pt x 221.04073pt.

Overfull \vbox (14.41966pt too high) detected at line 391
 []


Underfull \hbox (badness 10000) has occurred while \output is active

 []

[33

 <./figures/compile-setup.pdf>]
<./figures/accel-config.pdf, id=980, 651.43375pt x 366.36874pt>
File: ./figures/accel-config.pdf Graphic file (type pdf)

<use ./figures/accel-config.pdf>
Package pdftex.def Info: ./figures/accel-config.pdf used on input line 398.
(pdftex.def)             Requested size: 309.7781pt x 174.22261pt.

Underfull \hbox (badness 10000) has occurred while \output is active

 []

[34

 <./figures/accel-config.pdf>]
<./figures/mm-perf.pdf, id=1001, 628.3475pt x 332.24126pt>
File: ./figures/mm-perf.pdf Graphic file (type pdf)

<use ./figures/mm-perf.pdf>
Package pdftex.def Info: ./figures/mm-perf.pdf used on input line 425.
(pdftex.def)             Requested size: 151.44894pt x 80.07918pt.
LaTeX Font Info:    Font shape `T1/phv/m/n' will be
(Font)              scaled to size 7.52002pt on input line 425.

<./figures/fir-perf.pdf, id=1002, 632.3625pt x 332.24126pt>
File: ./figures/fir-perf.pdf Graphic file (type pdf)

<use ./figures/fir-perf.pdf>
Package pdftex.def Info: ./figures/fir-perf.pdf used on input line 425.
(pdftex.def)             Requested size: 151.44894pt x 79.56715pt.

<./figures/se-perf.pdf, id=1003, 632.3625pt x 332.24126pt>
File: ./figures/se-perf.pdf Graphic file (type pdf)

<use ./figures/se-perf.pdf>
Package pdftex.def Info: ./figures/se-perf.pdf used on input line 425.
(pdftex.def)             Requested size: 151.44894pt x 79.56715pt.

<./figures/km-perf.pdf, id=1004, 632.3625pt x 331.2375pt>
File: ./figures/km-perf.pdf Graphic file (type pdf)

<use ./figures/km-perf.pdf>
Package pdftex.def Info: ./figures/km-perf.pdf used on input line 425.
(pdftex.def)             Requested size: 151.44894pt x 79.32677pt.

Overfull \vbox (22.77568pt too high) detected at line 425
 []


Underfull \hbox (badness 10000) has occurred while \output is active

 []

[35

 <./figures/mm-perf.pdf> <./figures/fir-perf.pdf> <./figures/se-perf.pdf> <./fi
gures/km-perf.pdf>]
<./figures/quickdough-runtime.pdf, id=1055, 481.8pt x 228.855pt>
File: ./figures/quickdough-runtime.pdf Graphic file (type pdf)

<use ./figures/quickdough-runtime.pdf>
Package pdftex.def Info: ./figures/quickdough-runtime.pdf used on input line 43
9.
(pdftex.def)             Requested size: 275.36124pt x 130.7979pt.

Underfull \hbox (badness 10000) has occurred while \output is active

 []

[36

 <./figures/quickdough-runtime.pdf>]
Underfull \hbox (badness 10000) has occurred while \output is active

 []

[37

]
LaTeX Font Info:    Font shape `OT1/phv/m/n' will be
(Font)              scaled to size 9.40002pt on input line 476.
LaTeX Font Info:    Font shape `OT1/phv/m/sl' will be
(Font)              scaled to size 9.40002pt on input line 476.

Underfull \hbox (badness 10000) has occurred while \output is active

 []

[38

] <./figures/DSE-Time.pdf, id=1083, 648.4225pt x 278.03876pt>
File: ./figures/DSE-Time.pdf Graphic file (type pdf)

<use ./figures/DSE-Time.pdf>
Package pdftex.def Info: ./figures/DSE-Time.pdf used on input line 487.
(pdftex.def)             Requested size: 240.93912pt x 103.31395pt.

Underfull \hbox (badness 10000) has occurred while \output is active

 []

[39

 <./figures/DSE-Time.pdf>]
<./figures/mm-cp.pdf, id=1098, 473.77pt x 247.92625pt>
File: ./figures/mm-cp.pdf Graphic file (type pdf)

<use ./figures/mm-cp.pdf>
Package pdftex.def Info: ./figures/mm-cp.pdf used on input line 512.
(pdftex.def)             Requested size: 154.88905pt x 81.05173pt.

<./figures/fir-cp.pdf, id=1099, 473.77pt x 247.92625pt>
File: ./figures/fir-cp.pdf Graphic file (type pdf)

<use ./figures/fir-cp.pdf>
Package pdftex.def Info: ./figures/fir-cp.pdf used on input line 512.
(pdftex.def)             Requested size: 154.88905pt x 81.05173pt.

<./figures/se-cp.pdf, id=1100, 473.77pt x 247.92625pt>
File: ./figures/se-cp.pdf Graphic file (type pdf)

<use ./figures/se-cp.pdf>
Package pdftex.def Info: ./figures/se-cp.pdf used on input line 512.
(pdftex.def)             Requested size: 154.88905pt x 81.05173pt.

<./figures/km-cp.pdf, id=1101, 473.77pt x 247.92625pt>
File: ./figures/km-cp.pdf Graphic file (type pdf)

<use ./figures/km-cp.pdf>
Package pdftex.def Info: ./figures/km-cp.pdf used on input line 512.
(pdftex.def)             Requested size: 154.88905pt x 81.05173pt.

Overfull \vbox (21.11278pt too high) detected at line 512
 []


Underfull \hbox (badness 10000) has occurred while \output is active

 []

[40

 <./figures/mm-cp.pdf> <./figures/fir-cp.pdf> <./figures/se-cp.pdf> <./figures/
km-cp.pdf>]
Underfull \hbox (badness 10000) has occurred while \output is active

 []

[41

]
Underfull \hbox (badness 10000) has occurred while \output is active

 []

[42

] <./figures/mm-sim-perf1.pdf, id=1151, 658.46pt x 239.89626pt>
File: ./figures/mm-sim-perf1.pdf Graphic file (type pdf)

<use ./figures/mm-sim-perf1.pdf>
Package pdftex.def Info: ./figures/mm-sim-perf1.pdf used on input line 562.
(pdftex.def)             Requested size: 223.72804pt x 81.50873pt.

<./figures/mm-sim-perf2.pdf, id=1152, 658.46pt x 239.89626pt>
File: ./figures/mm-sim-perf2.pdf Graphic file (type pdf)

<use ./figures/mm-sim-perf2.pdf>
Package pdftex.def Info: ./figures/mm-sim-perf2.pdf used on input line 562.
(pdftex.def)             Requested size: 223.72804pt x 81.50873pt.

Overfull \vbox (20.1468pt too high) detected at line 562
 []


Underfull \hbox (badness 10000) has occurred while \output is active

 []

[43

 <./figures/mm-sim-perf1.pdf> <./figures/mm-sim-perf2.pdf>]
<./figures/impl-scale.pdf, id=1178, 645.41125pt x 468.75125pt>
File: ./figures/impl-scale.pdf Graphic file (type pdf)

<use ./figures/impl-scale.pdf>
Package pdftex.def Info: ./figures/impl-scale.pdf used on input line 589.
(pdftex.def)             Requested size: 206.52223pt x 149.98915pt.

Overfull \vbox (15.34276pt too high) detected at line 589
 []


Underfull \hbox (badness 10000) has occurred while \output is active

 []

[44

 <./figures/impl-scale.pdf>]
<./figures/pipeline-resource.pdf, id=1194, 664.4825pt x 215.80624pt>
File: ./figures/pipeline-resource.pdf Graphic file (type pdf)

<use ./figures/pipeline-resource.pdf>
Package pdftex.def Info: ./figures/pipeline-resource.pdf used on input line 601
.
(pdftex.def)             Requested size: 275.36124pt x 89.42949pt.

<./figures/pipeline-power.pdf, id=1195, 645.41125pt x 335.2525pt>
File: ./figures/pipeline-power.pdf Graphic file (type pdf)

<use ./figures/pipeline-power.pdf>
Package pdftex.def Info: ./figures/pipeline-power.pdf used on input line 601.
(pdftex.def)             Requested size: 172.10011pt x 89.39397pt.

Underfull \hbox (badness 10000) has occurred while \output is active

 []

[45

 <./figures/pipeline-resource.pdf> <./figures/pipeline-power.pdf>]
<./figures/pipeline-scgra2x2-edp.pdf, id=1217, 664.4825pt x 209.78375pt>
File: ./figures/pipeline-scgra2x2-edp.pdf Graphic file (type pdf)

<use ./figures/pipeline-scgra2x2-edp.pdf>
Package pdftex.def Info: ./figures/pipeline-scgra2x2-edp.pdf used on input line
 621.
(pdftex.def)             Requested size: 258.15018pt x 81.50162pt.

<./figures/pipeline-scgra5x5-edp.pdf, id=1218, 491.8375pt x 155.58125pt>
File: ./figures/pipeline-scgra5x5-edp.pdf Graphic file (type pdf)

<use ./figures/pipeline-scgra5x5-edp.pdf>
Package pdftex.def Info: ./figures/pipeline-scgra5x5-edp.pdf used on input line
 621.
(pdftex.def)             Requested size: 258.15018pt x 81.66237pt.

Overfull \vbox (22.17331pt too high) detected at line 621
 []


Underfull \hbox (badness 10000) has occurred while \output is active

 []

[46

 <./figures/pipeline-scgra2x2-edp.pdf> <./figures/pipeline-scgra5x5-edp.pdf>] <
./figures/impl-freq.pdf, id=1244, 478.78876pt x 253.94875pt>
File: ./figures/impl-freq.pdf Graphic file (type pdf)

<use ./figures/impl-freq.pdf>
Package pdftex.def Info: ./figures/impl-freq.pdf used on input line 641.
(pdftex.def)             Requested size: 172.10011pt x 91.28197pt.

<./figures/hw-overhead.pdf, id=1245, 488.82625pt x 159.59625pt>
File: ./figures/hw-overhead.pdf Graphic file (type pdf)

<use ./figures/hw-overhead.pdf>
Package pdftex.def Info: ./figures/hw-overhead.pdf used on input line 641.
(pdftex.def)             Requested size: 240.93912pt x 78.66553pt.

Overfull \vbox (13.51097pt too high) detected at line 641
 []


Underfull \hbox (badness 10000) has occurred while \output is active

 []

[47

 <./figures/impl-freq.pdf> <./figures/hw-overhead.pdf>]
Underfull \hbox (badness 10000) has occurred while \output is active

 []

[48

] <./figures/FF-Overhead.pdf, id=1278, 667.49374pt x 384.43625pt>
File: ./figures/FF-Overhead.pdf Graphic file (type pdf)

<use ./figures/FF-Overhead.pdf>
Package pdftex.def Info: ./figures/FF-Overhead.pdf used on input line 690.
(pdftex.def)             Requested size: 154.88905pt x 89.20451pt.

<./figures/LUT-Overhead.pdf, id=1279, 667.49374pt x 384.43625pt>
File: ./figures/LUT-Overhead.pdf Graphic file (type pdf)

<use ./figures/LUT-Overhead.pdf>
Package pdftex.def Info: ./figures/LUT-Overhead.pdf used on input line 690.
(pdftex.def)             Requested size: 154.88905pt x 89.20451pt.

<./figures/DSP-Overhead.pdf, id=1280, 667.49374pt x 384.43625pt>
File: ./figures/DSP-Overhead.pdf Graphic file (type pdf)

<use ./figures/DSP-Overhead.pdf>
Package pdftex.def Info: ./figures/DSP-Overhead.pdf used on input line 690.
(pdftex.def)             Requested size: 154.88905pt x 89.20451pt.

<./figures/BRAM-Overhead.pdf, id=1281, 667.49374pt x 384.43625pt>
File: ./figures/BRAM-Overhead.pdf Graphic file (type pdf)

<use ./figures/BRAM-Overhead.pdf>
Package pdftex.def Info: ./figures/BRAM-Overhead.pdf used on input line 690.
(pdftex.def)             Requested size: 154.88905pt x 89.20451pt.

Overfull \vbox (74.35687pt too high) detected at line 690
 []


Underfull \hbox (badness 10000) has occurred while \output is active

 []

[49

 <./figures/FF-Overhead.pdf> <./figures/LUT-Overhead.pdf> <./figures/DSP-Overhe
ad.pdf> <./figures/BRAM-Overhead.pdf>]
<./figures/Base-Power.pdf, id=1325, 683.55376pt x 384.43625pt>
File: ./figures/Base-Power.pdf Graphic file (type pdf)

<use ./figures/Base-Power.pdf>
Package pdftex.def Info: ./figures/Base-Power.pdf used on input line 706.
(pdftex.def)             Requested size: 137.678pt x 77.43141pt.

<./figures/BRAM-Power.pdf, id=1326, 660.4675pt x 392.46625pt>
File: ./figures/BRAM-Power.pdf Graphic file (type pdf)

<use ./figures/BRAM-Power.pdf>
Package pdftex.def Info: ./figures/BRAM-Power.pdf used on input line 706.
(pdftex.def)             Requested size: 137.678pt x 81.80951pt.

Underfull \hbox (badness 10000) has occurred while \output is active

 []

[50

 <./figures/Base-Power.pdf> <./figures/BRAM-Power.pdf>]
<./figures/dma-latency.pdf, id=1351, 522.95375pt x 464.73625pt>
File: ./figures/dma-latency.pdf Graphic file (type pdf)

<use ./figures/dma-latency.pdf>
Package pdftex.def Info: ./figures/dma-latency.pdf used on input line 717.
(pdftex.def)             Requested size: 206.52223pt x 183.5298pt.

Overfull \vbox (14.19109pt too high) detected at line 717
 []


Underfull \hbox (badness 10000) has occurred while \output is active

 []

[51

 <./figures/dma-latency.pdf>]
<./figures/epsilon-sensitivity.pdf, id=1366, 471.7625pt x 241.90375pt>
File: ./figures/epsilon-sensitivity.pdf Graphic file (type pdf)

<use ./figures/epsilon-sensitivity.pdf>
Package pdftex.def Info: ./figures/epsilon-sensitivity.pdf used on input line 7
28.
(pdftex.def)             Requested size: 223.72804pt x 114.7209pt.
LaTeX Font Info:    Font shape `OT1/phv/m/n' will be
(Font)              scaled to size 8.46002pt on input line 728.
LaTeX Font Info:    Font shape `OT1/phv/m/sl' will be
(Font)              scaled to size 8.46002pt on input line 728.

Underfull \hbox (badness 10000) has occurred while \output is active

 []

[52

 <./figures/epsilon-sensitivity.pdf>]
<./figures/data-mem.pdf, id=1390, 385.44pt x 181.67876pt>
File: ./figures/data-mem.pdf Graphic file (type pdf)

<use ./figures/data-mem.pdf>
Package pdftex.def Info: ./figures/data-mem.pdf used on input line 744.
(pdftex.def)             Requested size: 240.93912pt x 113.56557pt.

<./figures/inst-rom.pdf, id=1391, 249.93375pt x 64.24pt>
File: ./figures/inst-rom.pdf Graphic file (type pdf)

<use ./figures/inst-rom.pdf>
Package pdftex.def Info: ./figures/inst-rom.pdf used on input line 744.
(pdftex.def)             Requested size: 206.52223pt x 53.08392pt.

Overfull \vbox (12.94711pt too high) detected at line 744
 []


Underfull \hbox (badness 10000) has occurred while \output is active

 []

[53

 <./figures/data-mem.pdf> <./figures/inst-rom.pdf

pdfTeX warning: pdflatex (file ./figures/inst-rom.pdf): PDF inclusion: multiple
 pdfs with page group included in a single page
>] <./figures/accel-sel1.pdf, id=1424, 716.6775pt x 386.44376pt>
File: ./figures/accel-sel1.pdf Graphic file (type pdf)

<use ./figures/accel-sel1.pdf>
Package pdftex.def Info: ./figures/accel-sel1.pdf used on input line 753.
(pdftex.def)             Requested size: 326.98917pt x 176.3216pt.

Overfull \vbox (5.07918pt too high) detected at line 753
 []


Underfull \hbox (badness 10000) has occurred while \output is active

 []

[54

 <./figures/accel-sel1.pdf>]
<./figures/accel-sel2.pdf, id=1451, 716.6775pt x 462.72874pt>
File: ./figures/accel-sel2.pdf Graphic file (type pdf)

<use ./figures/accel-sel2.pdf>
Package pdftex.def Info: ./figures/accel-sel2.pdf used on input line 760.
(pdftex.def)             Requested size: 326.98917pt x 211.12794pt.

Overfull \vbox (13.9069pt too high) detected at line 760
 []


Underfull \hbox (badness 10000) has occurred while \output is active

 []

[55

 <./figures/accel-sel2.pdf>]
<./figures/lib-impl-time.pdf, id=1503, 640.3925pt x 330.23375pt>
File: ./figures/lib-impl-time.pdf Graphic file (type pdf)

<use ./figures/lib-impl-time.pdf>
Package pdftex.def Info: ./figures/lib-impl-time.pdf used on input line 774.
(pdftex.def)             Requested size: 206.52223pt x 106.49326pt.

Underfull \hbox (badness 10000) has occurred while \output is active

 []

[56

 <./figures/lib-impl-time.pdf>]
<./figures/fpga-intro.pdf, id=1520, 662.475pt x 348.30125pt>
File: ./figures/fpga-intro.pdf Graphic file (type pdf)

<use ./figures/fpga-intro.pdf>
Package pdftex.def Info: ./figures/fpga-intro.pdf used on input line 782.
(pdftex.def)             Requested size: 275.36124pt x 144.77084pt.

Underfull \hbox (badness 10000) has occurred while \output is active

 []

[57

 <./figures/fpga-intro.pdf>]
\tf@nav=\write7
\openout7 = `intro.nav'.

\tf@toc=\write8
\openout8 = `intro.toc'.

\tf@snm=\write9
\openout9 = `intro.snm'.

Package atveryend Info: Empty hook `BeforeClearDocument' on input line 785.
Package atveryend Info: Empty hook `AfterLastShipout' on input line 785.
 (./intro.aux)
Package atveryend Info: Empty hook `AtVeryEndDocument' on input line 785.
Package atveryend Info: Executing hook `AtEndAfterFileList' on input line 785.
Package rerunfilecheck Info: File `intro.out' has not changed.
(rerunfilecheck)             Checksum: 42276842BA245AB46D76EE45128D0BA4;721.
Package atveryend Info: Empty hook `AtVeryVeryEnd' on input line 785.
 ) 
Here is how much of TeX's memory you used:
 20604 strings out of 493109
 388214 string characters out of 6135010
 447601 words of memory out of 5000000
 23317 multiletter control sequences out of 15000+600000
 48248 words of font info for 82 fonts, out of 8000000 for 9000
 1141 hyphenation exceptions out of 8191
 62i,22n,96p,402b,677s stack positions out of 5000i,500n,10000p,200000b,80000s
{/usr/local/texlive/2014/texmf-dist/fonts/enc/dvips/base/8r.enc}</usr/local/t
exlive/2014/texmf-dist/fonts/type1/public/amsfonts/cm/cmmi10.pfb></usr/local/te
xlive/2014/texmf-dist/fonts/type1/public/amsfonts/cm/cmmi9.pfb></usr/local/texl
ive/2014/texmf-dist/fonts/type1/public/amsfonts/cm/cmsy8.pfb></usr/local/texliv
e/2014/texmf-dist/fonts/type1/public/amsfonts/symbols/msam5.pfb></usr/local/tex
live/2014/texmf-dist/fonts/type1/public/amsfonts/symbols/msam7.pfb></usr/local/
texlive/2014/texmf-dist/fonts/type1/urw/helvetic/uhvb8a.pfb></usr/local/texlive
/2014/texmf-dist/fonts/type1/urw/helvetic/uhvr8a.pfb>
Output written on intro.pdf (57 pages, 4817372 bytes).
PDF statistics:
 1701 PDF objects out of 1728 (max. 8388607)
 995 compressed objects within 10 object streams
 155 named destinations out of 1000 (max. 500000)
 441 words of extra memory for PDF output out of 10000 (max. 10000000)

