This is pdfTeX, Version 3.1415926-1.40.10 (TeX Live 2009/Debian) (format=pdflatex 2013.9.7)  15 SEP 2013 12:29
entering extended mode
 %&-line parsing enabled.
**randomideas
(./randomideas.tex
LaTeX2e <2009/09/24>
Babel <v3.8l> and hyphenation patterns for english, usenglishmax, dumylang, noh
yphenation, farsi, arabic, croatian, bulgarian, ukrainian, russian, czech, slov
ak, danish, dutch, finnish, french, basque, ngerman, german, german-x-2009-06-1
9, ngerman-x-2009-06-19, ibycus, monogreek, greek, ancientgreek, hungarian, san
skrit, italian, latin, latvian, lithuanian, mongolian2a, mongolian, bokmal, nyn
orsk, romanian, irish, coptic, serbian, turkish, welsh, esperanto, uppersorbian
, estonian, indonesian, interlingua, icelandic, kurmanji, slovenian, polish, po
rtuguese, spanish, galician, catalan, swedish, ukenglish, pinyin, loaded.
(/usr/share/texmf-texlive/tex/latex/base/article.cls
Document Class: article 2007/10/19 v1.4h Standard LaTeX document class
(/usr/share/texmf-texlive/tex/latex/base/size12.clo
File: size12.clo 2007/10/19 v1.4h Standard LaTeX file (size option)
)
\c@part=\count79
\c@section=\count80
\c@subsection=\count81
\c@subsubsection=\count82
\c@paragraph=\count83
\c@subparagraph=\count84
\c@figure=\count85
\c@table=\count86
\abovecaptionskip=\skip41
\belowcaptionskip=\skip42
\bibindent=\dimen102
)
(/usr/share/texmf-texlive/tex/latex/geometry/geometry.sty
Package: geometry 2008/12/21 v4.2 Page Geometry

(/usr/share/texmf-texlive/tex/latex/graphics/keyval.sty
Package: keyval 1999/03/16 v1.13 key=value parser (DPC)
\KV@toks@=\toks14
)
(/usr/share/texmf-texlive/tex/generic/oberdiek/ifpdf.sty
Package: ifpdf 2009/04/10 v2.0 Provides the ifpdf switch (HO)
Package ifpdf Info: pdfTeX in pdf mode detected.
)
(/usr/share/texmf-texlive/tex/generic/oberdiek/ifvtex.sty
Package: ifvtex 2008/11/04 v1.4 Switches for detecting VTeX and its modes (HO)
Package ifvtex Info: VTeX not detected.
)
\Gm@cnth=\count87
\Gm@cntv=\count88
\c@Gm@tempcnt=\count89
\Gm@bindingoffset=\dimen103
\Gm@wd@mp=\dimen104
\Gm@odd@mp=\dimen105
\Gm@even@mp=\dimen106
\Gm@dimlist=\toks15

(/usr/share/texmf-texlive/tex/xelatex/xetexconfig/geometry.cfg))
(/usr/share/texmf-texlive/tex/latex/graphics/graphicx.sty
Package: graphicx 1999/02/16 v1.0f Enhanced LaTeX Graphics (DPC,SPQR)

(/usr/share/texmf-texlive/tex/latex/graphics/graphics.sty
Package: graphics 2009/02/05 v1.0o Standard LaTeX Graphics (DPC,SPQR)

(/usr/share/texmf-texlive/tex/latex/graphics/trig.sty
Package: trig 1999/03/16 v1.09 sin cos tan (DPC)
)
(/etc/texmf/tex/latex/config/graphics.cfg
File: graphics.cfg 2009/08/28 v1.8 graphics configuration of TeX Live
)
Package graphics Info: Driver file: pdftex.def on input line 91.

(/usr/share/texmf-texlive/tex/latex/pdftex-def/pdftex.def
File: pdftex.def 2010/03/12 v0.04p Graphics/color for pdfTeX
\Gread@gobject=\count90
))
\Gin@req@height=\dimen107
\Gin@req@width=\dimen108
)
(/usr/share/texmf-texlive/tex/latex/float/float.sty
Package: float 2001/11/08 v1.3d Float enhancements (AL)
\c@float@type=\count91
\float@exts=\toks16
\float@box=\box26
\@float@everytoks=\toks17
\@floatcapt=\box27
)
(/usr/share/texmf-texlive/tex/latex/wrapfig/wrapfig.sty
\wrapoverhang=\dimen109
\WF@size=\dimen110
\c@WF@wrappedlines=\count92
\WF@box=\box28
\WF@everypar=\toks18
Package: wrapfig 2003/01/31  v 3.6
)
(/usr/share/texmf-texlive/tex/latex/lipsum/lipsum.sty
Package: lipsum 2005/01/26 v1.0 150 paragraphs of Lorem Ipsum dummy text
File: lipsum.dtx 2005/01/26 v1.0 150 paragraphs of Lorem Ipsum dummy text
\c@lips@count=\count93
)
(/usr/share/texmf-texlive/tex/latex/ltxmisc/url.sty
\Urlmuskip=\muskip10
Package: url 2006/04/12  ver 3.3  Verb mode for urls, etc.
) (./randomideas.aux)
\openout1 = `randomideas.aux'.

LaTeX Font Info:    Checking defaults for OML/cmm/m/it on input line 39.
LaTeX Font Info:    ... okay on input line 39.
LaTeX Font Info:    Checking defaults for T1/cmr/m/n on input line 39.
LaTeX Font Info:    ... okay on input line 39.
LaTeX Font Info:    Checking defaults for OT1/cmr/m/n on input line 39.
LaTeX Font Info:    ... okay on input line 39.
LaTeX Font Info:    Checking defaults for OMS/cmsy/m/n on input line 39.
LaTeX Font Info:    ... okay on input line 39.
LaTeX Font Info:    Checking defaults for OMX/cmex/m/n on input line 39.
LaTeX Font Info:    ... okay on input line 39.
LaTeX Font Info:    Checking defaults for U/cmr/m/n on input line 39.
LaTeX Font Info:    ... okay on input line 39.

*geometry auto-detecting driver*
*geometry detected driver: pdftex*
-------------------- Geometry parameters
paper: a4paper
landscape: --
twocolumn: --
twoside: --
asymmetric: --
h-parts: 89.62709pt, 0.7\paperwidth , 89.6271pt (default)
v-parts: 101.40665pt, 0.7\paperheight , 152.11pt (default)
hmarginratio: 1:1
vmarginratio: 2:3
lines: --
heightrounded: --
bindingoffset: 0.0pt
truedimen: --
includehead: --
includefoot: --
includemp: --
driver: pdftex
-------------------- Page layout dimensions and switches
\paperwidth  597.50787pt
\paperheight 845.04684pt
\textwidth  418.25368pt
\textheight 591.5302pt
\oddsidemargin  17.3571pt
\evensidemargin 17.3571pt
\topmargin  -7.86334pt
\headheight 12.0pt
\headsep    25.0pt
\footskip   30.0pt
\marginparwidth 44.0pt
\marginparsep   10.0pt
\columnsep  10.0pt
\skip\footins  10.8pt plus 4.0pt minus 2.0pt
\hoffset 0.0pt
\voffset 0.0pt
\mag 1000

(1in=72.27pt, 1cm=28.45pt)
-----------------------
(/usr/share/texmf-texlive/tex/context/base/supp-pdf.mkii
[Loading MPS to PDF converter (version 2006.09.02).]
\scratchcounter=\count94
\scratchdimen=\dimen111
\scratchbox=\box29
\nofMPsegments=\count95
\nofMParguments=\count96
\everyMPshowfont=\toks19
\MPscratchCnt=\count97
\MPscratchDim=\dimen112
\MPnumerator=\count98
\everyMPtoPDFconversion=\toks20
)
LaTeX Font Info:    External font `cmex10' loaded for size
(Font)              <12> on input line 63.
LaTeX Font Info:    External font `cmex10' loaded for size
(Font)              <8> on input line 63.
LaTeX Font Info:    External font `cmex10' loaded for size
(Font)              <6> on input line 63.
 [1

{/var/lib/texmf/fonts/map/pdftex/updmap/pdftex.map}] (./randomideas.toc)
\tf@toc=\write3
\openout3 = `randomideas.toc'.


[1] [2] [3]

pdfTeX warning: pdflatex (file ./figures/system-context.pdf): PDF inclusion: fo
und PDF version <1.5>, but at most version <1.4> allowed
<./figures/system-context.pdf, id=18, 225.84375pt x 123.46124pt>
File: ./figures/system-context.pdf Graphic file (type pdf)

<use ./figures/system-context.pdf> [4 <./figures/system-context.pdf>]

pdfTeX warning: pdflatex (file ./figures/codesign.pdf): PDF inclusion: found PD
F version <1.5>, but at most version <1.4> allowed
<./figures/codesign.pdf, id=33, 388.45125pt x 99.37125pt>
File: ./figures/codesign.pdf Graphic file (type pdf)

<use ./figures/codesign.pdf>

pdfTeX warning: pdflatex (file ./figures/scgra-acceleratorv2.pdf): PDF inclusio
n: found PDF version <1.5>, but at most version <1.4> allowed
<./figures/scgra-acceleratorv2.pdf, id=35, 146.5475pt x 80.3pt>
File: ./figures/scgra-acceleratorv2.pdf Graphic file (type pdf)

<use ./figures/scgra-acceleratorv2.pdf> [5 <./figures/codesign.pdf>]

pdfTeX warning: pdflatex (file ./figures/pe.pdf): PDF inclusion: found PDF vers
ion <1.5>, but at most version <1.4> allowed
<./figures/pe.pdf, id=57, 337.86226pt x 191.87685pt>
File: ./figures/pe.pdf Graphic file (type pdf)
 <use ./figures/pe.pdf>
[6 <./figures/scgra-acceleratorv2.pdf>] [7 <./figures/pe.pdf>]

pdfTeX warning: pdflatex (file ./figures/design-space-overview.pdf): PDF inclus
ion: found PDF version <1.5>, but at most version <1.4> allowed
<./figures/design-space-overview.pdf, id=575, 386.44376pt x 293.095pt>
File: ./figures/design-space-overview.pdf Graphic file (type pdf)

<use ./figures/design-space-overview.pdf> [8] [9 <./figures/design-space-overvi
ew.pdf>] [10] <./figures/design-flow.pdf, id=603, 457.71pt x 260.975pt>
File: ./figures/design-flow.pdf Graphic file (type pdf)

<use ./figures/design-flow.pdf> [11 <./figures/design-flow.pdf>]
<./figures/loop-unrolling.pdf, id=2137, 754.82pt x 399.4925pt>
File: ./figures/loop-unrolling.pdf Graphic file (type pdf)

<use ./figures/loop-unrolling.pdf>
<./figures/any-loop-unrolling.pdf, id=2138, 737.75626pt x 416.55624pt>
File: ./figures/any-loop-unrolling.pdf Graphic file (type pdf)

<use ./figures/any-loop-unrolling.pdf> [12 <./figures/loop-unrolling.pdf>]
[13 <./figures/any-loop-unrolling.pdf>] (./randomideas.bbl [14]
Missing character: There is no â in font cmti12!
Missing character: There is no € in font cmti12!
Missing character: There is no ™ in font cmti12!
 [15]) [16]
(./randomideas.aux) ) 
Here is how much of TeX's memory you used:
 1762 strings out of 493848
 23596 string characters out of 1152824
 167820 words of memory out of 3000000
 5040 multiletter control sequences out of 15000+50000
 10266 words of font info for 36 fonts, out of 3000000 for 9000
 714 hyphenation exceptions out of 8191
 25i,9n,19p,212b,253s stack positions out of 5000i,500n,10000p,200000b,50000s
</usr/share/texmf-texlive/fonts/type1/public/amsfonts/cm/c
mbx12.pfb></usr/share/texmf-texlive/fonts/type1/public/amsfonts/cm/cmcsc10.pfb>
</usr/share/texmf-texlive/fonts/type1/public/amsfonts/cm/cmr12.pfb></usr/share/
texmf-texlive/fonts/type1/public/amsfonts/cm/cmti12.pfb></usr/share/texmf-texli
ve/fonts/type1/public/amsfonts/cm/cmtt12.pfb>
Output written on randomideas.pdf (17 pages, 900013 bytes).
PDF statistics:
 2185 PDF objects out of 2487 (max. 8388607)
 0 named destinations out of 1000 (max. 500000)
 41 words of extra memory for PDF output out of 10000 (max. 10000000)

