This is pdfTeX, Version 3.1415926-1.40.10 (TeX Live 2009/Debian) (format=pdflatex 2013.9.7)  9 DEC 2014 22:39
entering extended mode
 %&-line parsing enabled.
**scgra-customization
(./scgra-customization.tex
LaTeX2e <2009/09/24>
Babel <v3.8l> and hyphenation patterns for english, usenglishmax, dumylang, noh
yphenation, farsi, arabic, croatian, bulgarian, ukrainian, russian, czech, slov
ak, danish, dutch, finnish, french, basque, ngerman, german, german-x-2009-06-1
9, ngerman-x-2009-06-19, ibycus, monogreek, greek, ancientgreek, hungarian, san
skrit, italian, latin, latvian, lithuanian, mongolian2a, mongolian, bokmal, nyn
orsk, romanian, irish, coptic, serbian, turkish, welsh, esperanto, uppersorbian
, estonian, indonesian, interlingua, icelandic, kurmanji, slovenian, polish, po
rtuguese, spanish, galician, catalan, swedish, ukenglish, pinyin, loaded.
(./acm_proc_article-sp.cls
(/usr/share/texmf-texlive/tex/latex/graphics/epsfig.sty
Package: epsfig 1999/02/16 v1.7a (e)psfig emulation (SPQR)

(/usr/share/texmf-texlive/tex/latex/graphics/graphicx.sty
Package: graphicx 1999/02/16 v1.0f Enhanced LaTeX Graphics (DPC,SPQR)

(/usr/share/texmf-texlive/tex/latex/graphics/keyval.sty
Package: keyval 1999/03/16 v1.13 key=value parser (DPC)
\KV@toks@=\toks14
)
(/usr/share/texmf-texlive/tex/latex/graphics/graphics.sty
Package: graphics 2009/02/05 v1.0o Standard LaTeX Graphics (DPC,SPQR)

(/usr/share/texmf-texlive/tex/latex/graphics/trig.sty
Package: trig 1999/03/16 v1.09 sin cos tan (DPC)
)
(/etc/texmf/tex/latex/config/graphics.cfg
File: graphics.cfg 2009/08/28 v1.8 graphics configuration of TeX Live
)
Package graphics Info: Driver file: pdftex.def on input line 91.

(/usr/share/texmf-texlive/tex/latex/pdftex-def/pdftex.def
File: pdftex.def 2010/03/12 v0.04p Graphics/color for pdfTeX
\Gread@gobject=\count79
))
\Gin@req@height=\dimen102
\Gin@req@width=\dimen103
)
\epsfxsize=\dimen104
\epsfysize=\dimen105
)
(/usr/share/texmf-texlive/tex/latex/amsfonts/amssymb.sty
Package: amssymb 2009/06/22 v3.00

(/usr/share/texmf-texlive/tex/latex/amsfonts/amsfonts.sty
Package: amsfonts 2009/06/22 v3.00 Basic AMSFonts support
\@emptytoks=\toks15
\symAMSa=\mathgroup4
\symAMSb=\mathgroup5
LaTeX Font Info:    Overwriting math alphabet `\mathfrak' in version `bold'
(Font)                  U/euf/m/n --> U/euf/b/n on input line 96.
))
(/usr/share/texmf-texlive/tex/latex/amsmath/amsmath.sty
Package: amsmath 2000/07/18 v2.13 AMS math features
\@mathmargin=\skip41

For additional information on amsmath, use the `?' option.
(/usr/share/texmf-texlive/tex/latex/amsmath/amstext.sty
Package: amstext 2000/06/29 v2.01

(/usr/share/texmf-texlive/tex/latex/amsmath/amsgen.sty
File: amsgen.sty 1999/11/30 v2.0
\@emptytoks=\toks16
\ex@=\dimen106
))
(/usr/share/texmf-texlive/tex/latex/amsmath/amsbsy.sty
Package: amsbsy 1999/11/29 v1.2d
\pmbraise@=\dimen107
)
(/usr/share/texmf-texlive/tex/latex/amsmath/amsopn.sty
Package: amsopn 1999/12/14 v2.01 operator names
)
\inf@bad=\count80
LaTeX Info: Redefining \frac on input line 211.
\uproot@=\count81
\leftroot@=\count82
LaTeX Info: Redefining \overline on input line 307.
\classnum@=\count83
\DOTSCASE@=\count84
LaTeX Info: Redefining \ldots on input line 379.
LaTeX Info: Redefining \dots on input line 382.
LaTeX Info: Redefining \cdots on input line 467.
\Mathstrutbox@=\box26
\strutbox@=\box27
\big@size=\dimen108
LaTeX Font Info:    Redeclaring font encoding OML on input line 567.
LaTeX Font Info:    Redeclaring font encoding OMS on input line 568.
\macc@depth=\count85
\c@MaxMatrixCols=\count86
\dotsspace@=\muskip10
\c@parentequation=\count87
\dspbrk@lvl=\count88
\tag@help=\toks17
\row@=\count89
\column@=\count90
\maxfields@=\count91
\andhelp@=\toks18
\eqnshift@=\dimen109
\alignsep@=\dimen110
\tagshift@=\dimen111
\tagwidth@=\dimen112
\totwidth@=\dimen113
\lineht@=\dimen114
\@envbody=\toks19
\multlinegap=\skip42
\multlinetaggap=\skip43
\mathdisplay@stack=\toks20
LaTeX Info: Redefining \[ on input line 2666.
LaTeX Info: Redefining \] on input line 2667.
)
Document Class 'acm_proc_article-sp' <22nd. April '09>. Modified by G.K.M. Tobi
n
Based in part upon document Style `acmconf' <22 May 89>. Hacked 4/91 by
shivers@cs.cmu.edu, 4/93 by theobald@cs.mcgill.ca
Excerpts were taken from (Journal Style) 'esub2acm.cls'.
****** Bugs/comments/suggestions to Gerry Murray -- murray@hq.acm.org ******
\footheight=\dimen115
\@maxsep=\dimen116
\@dblmaxsep=\dimen117
\aucount=\count92
\originalaucount=\count93
\auwidth=\dimen118
\auskip=\dimen119
\auskipcount=\count94
\auskip=\dimen120
\allauboxes=\dimen121
\addauthors=\toks21
\addauflag=\count95
\subtitletext=\toks22
\savesection=\count96
\sectioncntr=\count97
\c@figure=\count98
\c@table=\count99
\titleboxnotes=\toks23
\titleboxnoteflag=\count100
Document Class: acm_proc_article-sp 2009/04/22 - V3.2SP - based on esub2acm.sty
 <23 April 96>
(/usr/share/texmf-texlive/tex/latex/base/latexsym.sty
Package: latexsym 1998/08/17 v2.2e Standard LaTeX package (lasy symbols)
\symlasy=\mathgroup6
LaTeX Font Info:    Overwriting symbol font `lasy' in version `bold'
(Font)                  U/lasy/m/n --> U/lasy/b/n on input line 47.
)
\@acmtitlebox=\box28
\titlenotecount=\count101
\tntoks=\toks24
\tntokstwo=\toks25
\tntoksthree=\toks26
\tntoksfour=\toks27
\tntoksfive=\toks28
\catcount=\count102
\copyrightnotice=\toks29
\conf=\toks30
\confinfo=\toks31
\c@part=\count103
\c@section=\count104
\c@subsection=\count105
\c@subsubsection=\count106
\c@paragraph=\count107

Using 'Abbrev' bibliography style
LaTeX Info: Redefining \cite on input line 1236.
\bibindent=\dimen122
\colcntr=\count108
\saveb@x=\box29
\copyrtyr=\toks32
\acmcopyr=\toks33
\boilerplate=\toks34
\copyrightetc=\toks35
(/usr/share/texmf-texlive/tex/latex/base/fontenc.sty
Package: fontenc 2005/09/27 v1.99g Standard LaTeX package

(/usr/share/texmf-texlive/tex/latex/base/t1enc.def
File: t1enc.def 2005/09/27 v1.99g Standard LaTeX file
LaTeX Font Info:    Redeclaring font encoding T1 on input line 43.
)
LaTeX Font Info:    Try loading font information for T1+aer on input line 100.

(/usr/share/texmf-texlive/tex/latex/ae/t1aer.fd
File: t1aer.fd 1997/11/16 Font definitions for T1/aer.
)))
(/usr/share/texmf-texlive/tex/latex/multirow/multirow.sty
\bigstrutjot=\dimen123
)
(/usr/share/texmf-texlive/tex/latex/subfig/subfig.sty
Package: subfig 2005/06/28 ver: 1.3 subfig package

(/usr/share/texmf-texlive/tex/latex/caption/caption.sty
Package: caption 2009/10/09 v3.1k Customizing captions (AR)

(/usr/share/texmf-texlive/tex/latex/caption/caption3.sty
Package: caption3 2009/10/09 v3.1k caption3 kernel (AR)
\captionmargin=\dimen124
\captionmargin@=\dimen125
\captionwidth=\dimen126
\caption@indent=\dimen127
\caption@parindent=\dimen128
\caption@hangindent=\dimen129
\abovecaptionskip=\skip44
\belowcaptionskip=\skip45
Package caption Info: Unknown document class (or package),
(caption)             standard defaults will be used on input line 1068.
)

Package caption Warning: Unsupported document class (or package) detected,
(caption)                usage of the caption package is not recommended.
See the caption package documentation for explanation.

Package caption Info: \@makecaption = \long macro:#1#2-> \vskip \baselineskip \
setbox \@tempboxa \hbox {\textbf {#1: #2}} \ifdim \wd \@tempboxa >\hsize \textb
f {#1: #2}\par \else \hbox to\hsize {\hfil \box \@tempboxa \hfil }\par \fi .
\c@ContinuedFloat=\count109
)
\c@KVtest=\count110
\sf@farskip=\skip46
\sf@captopadj=\dimen130
\sf@capskip=\skip47
\sf@nearskip=\skip48
\c@subfigure=\count111
\c@subfigure@save=\count112
\c@lofdepth=\count113
\c@subtable=\count114
\c@subtable@save=\count115
\c@lotdepth=\count116
\sf@top=\skip49
\sf@bottom=\skip50
) (/usr/share/texmf-texlive/tex/latex/ltxmisc/dblfloatfix.sty
Package: dblfloatfix 2003/11/18 v1.0 (MH)

(/usr/share/texmf-texlive/tex/latex/base/fixltx2e.sty
Package: fixltx2e 2006/09/13 v1.1m fixes to LaTeX
LaTeX Info: Redefining \em on input line 420.
LaTeX Info: The control sequence `\[' is already robust on input line 471.
LaTeX Info: The control sequence `\]' is already robust on input line 472.
)
\@dblbotnum=\count117
\c@dblbotnumber=\count118
) (./algorithmic.sty
Package: algorithmic 2006/06/02

Document Style `algorithmic' - environment
(/usr/share/texmf-texlive/tex/latex/base/ifthen.sty
Package: ifthen 2001/05/26 v1.1c Standard LaTeX ifthen package (DPC)
)
(/usr/share/texmf-texlive/tex/latex/tools/calc.sty
Package: calc 2007/08/22 v4.3 Infix arithmetic (KKT,FJ)
\calc@Acount=\count119
\calc@Bcount=\count120
\calc@Adimen=\dimen131
\calc@Bdimen=\dimen132
\calc@Askip=\skip51
\calc@Bskip=\skip52
LaTeX Info: Redefining \setlength on input line 76.
LaTeX Info: Redefining \addtolength on input line 77.
\calc@Ccount=\count121
\calc@Cskip=\skip53
)
\c@ALC@line=\count122
\c@ALC@rem=\count123
\c@ALC@depth=\count124
\ALC@tlm=\skip54
\algorithmicindent=\skip55
)
(/usr/share/texmf-texlive/tex/latex/algorithms/algorithm.sty
Package: algorithm 2009/08/24 v0.1 Document Style `algorithm' - floating enviro
nment

(/usr/share/texmf-texlive/tex/latex/float/float.sty
Package: float 2001/11/08 v1.3d Float enhancements (AL)
\c@float@type=\count125
\float@exts=\toks36
\float@box=\box30
\@float@everytoks=\toks37
\@floatcapt=\box31
)
\@float@every@algorithm=\toks38
\c@algorithm=\count126
)
(/usr/share/texmf-texlive/tex/latex/tools/xspace.sty
Package: xspace 2006/05/08 v1.12 Space after command names (DPC,MH)
) (./url.sty
\Urlmuskip=\muskip11
Package: url 2006/04/12  ver 3.3  Verb mode for urls, etc.
)
(/usr/share/texmf-texlive/tex/latex/etoolbox/etoolbox.sty
Package: etoolbox 2009/08/06 v1.8 e-TeX tools for LaTeX

(/usr/share/texmf-texlive/tex/latex/etex-pkg/etex.sty
Package: etex 1998/03/26 v2.0 eTeX basic definition package (PEB)
\et@xins=\count127
))
(./scgra-customization.aux

LaTeX Warning: Label `subfig-1' multiply defined.


LaTeX Warning: Label `sub@subfig-1' multiply defined.


LaTeX Warning: Label `subfig-2' multiply defined.


LaTeX Warning: Label `sub@subfig-2' multiply defined.


LaTeX Warning: Label `subfig-3' multiply defined.


LaTeX Warning: Label `sub@subfig-3' multiply defined.


LaTeX Warning: Label `subfig-1' multiply defined.


LaTeX Warning: Label `sub@subfig-1' multiply defined.


LaTeX Warning: Label `subfig-2' multiply defined.


LaTeX Warning: Label `sub@subfig-2' multiply defined.


LaTeX Warning: Label `subfig-3' multiply defined.


LaTeX Warning: Label `sub@subfig-3' multiply defined.


LaTeX Warning: Label `subfig-1' multiply defined.


LaTeX Warning: Label `sub@subfig-1' multiply defined.


LaTeX Warning: Label `subfig-2' multiply defined.


LaTeX Warning: Label `sub@subfig-2' multiply defined.


LaTeX Warning: Label `subfig-3' multiply defined.


LaTeX Warning: Label `sub@subfig-3' multiply defined.

)
\openout1 = `scgra-customization.aux'.

LaTeX Font Info:    Checking defaults for OML/cmm/m/it on input line 37.
LaTeX Font Info:    ... okay on input line 37.
LaTeX Font Info:    Checking defaults for T1/cmr/m/n on input line 37.
LaTeX Font Info:    ... okay on input line 37.
LaTeX Font Info:    Checking defaults for OT1/cmr/m/n on input line 37.
LaTeX Font Info:    ... okay on input line 37.
LaTeX Font Info:    Checking defaults for OMS/cmsy/m/n on input line 37.
LaTeX Font Info:    ... okay on input line 37.
LaTeX Font Info:    Checking defaults for OMX/cmex/m/n on input line 37.
LaTeX Font Info:    ... okay on input line 37.
LaTeX Font Info:    Checking defaults for U/cmr/m/n on input line 37.
LaTeX Font Info:    ... okay on input line 37.
 (/usr/share/texmf-texlive/tex/context/base/supp-pdf.mkii
[Loading MPS to PDF converter (version 2006.09.02).]
\scratchcounter=\count128
\scratchdimen=\dimen133
\scratchbox=\box32
\nofMPsegments=\count129
\nofMParguments=\count130
\everyMPshowfont=\toks39
\MPscratchCnt=\count131
\MPscratchDim=\dimen134
\MPnumerator=\count132
\everyMPtoPDFconversion=\toks40
)
Package caption Info: Begin \AtBeginDocument code.
Package caption3 Info: subfig package 1.2 or 1.3 is loaded.
LaTeX Info: Redefining \subref on input line 37.
Package caption Info: float package is loaded.
Package caption Info: End \AtBeginDocument code.
LaTeX Font Info:    Try loading font information for U+msa on input line 63.
 (/usr/share/texmf-texlive/tex/latex/amsfonts/umsa.fd
File: umsa.fd 2009/06/22 v3.00 AMS symbols A
)
LaTeX Font Info:    Try loading font information for U+msb on input line 63.

(/usr/share/texmf-texlive/tex/latex/amsfonts/umsb.fd
File: umsb.fd 2009/06/22 v3.00 AMS symbols B
)
LaTeX Font Info:    Try loading font information for U+lasy on input line 63.

(/usr/share/texmf-texlive/tex/latex/base/ulasy.fd
File: ulasy.fd 1998/08/17 v2.2e LaTeX symbol font definitions
)
Overfull \hbox (2.57262pt too wide) in paragraph at lines 66--77
\T1/aer/m/n/9 We present an au-to-matic hard-ware/software co-design frame-
 []


Overfull \hbox (7.96365pt too wide) in paragraph at lines 98--98
[]\secfnt SCGRA OVER-LAY BASED FPGA AC-CEL-
 []

<./figures/mm-ExeTime-Power.pdf, id=1, 512.35477pt x 395.7206pt>
File: ./figures/mm-ExeTime-Power.pdf Graphic file (type pdf)

<use ./figures/mm-ExeTime-Power.pdf>
<./figures/mm-ExeTime-Energy.pdf, id=3, 539.48738pt x 395.7206pt>
File: ./figures/mm-ExeTime-Energy.pdf Graphic file (type pdf)

<use ./figures/mm-ExeTime-Energy.pdf>
<./figures/mm-ExeTime-EDP.pdf, id=5, 547.89378pt x 395.7206pt>
File: ./figures/mm-ExeTime-EDP.pdf Graphic file (type pdf)

<use ./figures/mm-ExeTime-EDP.pdf>
Underfull \hbox (badness 10000) in paragraph at lines 107--116
[][]
 []


Underfull \hbox (badness 10000) in paragraph at lines 107--116
[]
 []

<./figures/fir-ExeTime-Power.pdf, id=7, 518.291pt x 395.7206pt>
File: ./figures/fir-ExeTime-Power.pdf Graphic file (type pdf)

<use ./figures/fir-ExeTime-Power.pdf>
<./figures/fir-ExeTime-Energy.pdf, id=9, 522.85493pt x 395.7206pt>
File: ./figures/fir-ExeTime-Energy.pdf Graphic file (type pdf)

<use ./figures/fir-ExeTime-Energy.pdf>
<./figures/fir-ExeTime-EDP.pdf, id=11, 507.93983pt x 395.7206pt>
File: ./figures/fir-ExeTime-EDP.pdf Graphic file (type pdf)

<use ./figures/fir-ExeTime-EDP.pdf>
Underfull \hbox (badness 10000) in paragraph at lines 124--133
[][]
 []


Underfull \hbox (badness 10000) in paragraph at lines 124--133
[]
 []

<./figures/kmean-ExeTime-Power.pdf, id=13, 518.291pt x 395.7206pt>
File: ./figures/kmean-ExeTime-Power.pdf Graphic file (type pdf)

<use ./figures/kmean-ExeTime-Power.pdf>
<./figures/kmean-ExeTime-Energy.pdf, id=15, 522.41579pt x 395.7206pt>
File: ./figures/kmean-ExeTime-Energy.pdf Graphic file (type pdf)

<use ./figures/kmean-ExeTime-Energy.pdf>
<./figures/kmean-ExeTime-EDP.pdf, id=17, 507.93983pt x 395.7206pt>
File: ./figures/kmean-ExeTime-EDP.pdf Graphic file (type pdf)

<use ./figures/kmean-ExeTime-EDP.pdf>
Underfull \hbox (badness 10000) in paragraph at lines 142--151
[][]
 []


Underfull \hbox (badness 10000) in paragraph at lines 142--151
[]
 []

<./figures/sobel-ExeTime-Power.pdf, id=19, 518.31453pt x 395.7206pt>
File: ./figures/sobel-ExeTime-Power.pdf Graphic file (type pdf)

<use ./figures/sobel-ExeTime-Power.pdf>
<./figures/sobel-ExeTime-Energy.pdf, id=21, 515.49149pt x 395.7206pt>
File: ./figures/sobel-ExeTime-Energy.pdf Graphic file (type pdf)

<use ./figures/sobel-ExeTime-Energy.pdf>
<./figures/sobel-ExeTime-EDP.pdf, id=23, 519.05167pt x 391.1645pt>
File: ./figures/sobel-ExeTime-EDP.pdf Graphic file (type pdf)

<use ./figures/sobel-ExeTime-EDP.pdf>
Underfull \hbox (badness 10000) in paragraph at lines 160--169
[][]
 []


Underfull \hbox (badness 10000) in paragraph at lines 160--169
[]
 []

(./scgra-customization.bbl) [1{/var/lib/texmf/fonts/map/pdftex/updmap/pdftex.ma
p}



] [2 <./figures/mm-ExeTime-Power.pdf> <./figures/mm-ExeTime-Energy.pdf> <./figu
res/mm-ExeTime-EDP.pdf> <./figures/fir-ExeTime-Power.pdf> <./figures/fir-ExeTim
e-Energy.pdf> <./figures/fir-ExeTime-EDP.pdf>] [3 <./figures/kmean-ExeTime-Powe
r.pdf> <./figures/kmean-ExeTime-Energy.pdf> <./figures/kmean-ExeTime-EDP.pdf> <
./figures/sobel-ExeTime-Power.pdf> <./figures/sobel-ExeTime-Energy.pdf> <./figu
res/sobel-ExeTime-EDP.pdf>] (./scgra-customization.aux)

LaTeX Warning: There were multiply-defined labels.

 ) 
Here is how much of TeX's memory you used:
 4073 strings out of 493848
 55378 string characters out of 1152824
 123146 words of memory out of 3000000
 7264 multiletter control sequences out of 15000+50000
 41684 words of font info for 55 fonts, out of 3000000 for 9000
 714 hyphenation exceptions out of 8191
 44i,10n,45p,789b,371s stack positions out of 5000i,500n,10000p,200000b,50000s
{/usr/share/texmf-texlive/fonts/enc/dvips/base/8r.enc}</usr/share/texmf-texli
ve/fonts/type1/public/amsfonts/cm/cmr9.pfb></usr/share/texmf-texlive/fonts/type
1/urw/helvetic/uhvb8a.pfb></usr/share/texmf-texlive/fonts/type1/urw/helvetic/uh
vr8a.pfb></usr/share/texmf-texlive/fonts/type1/urw/times/utmb8a.pfb>
Output written on scgra-customization.pdf (3 pages, 307870 bytes).
PDF statistics:
 513 PDF objects out of 1000 (max. 8388607)
 0 named destinations out of 1000 (max. 500000)
 61 words of extra memory for PDF output out of 10000 (max. 10000000)

