This is pdfTeX, Version 3.14159265-2.6-1.40.15 (TeX Live 2014) (preloaded format=pdflatex 2015.3.25)  16 MAY 2015 23:09
entering extended mode
 restricted \write18 enabled.
 %&-line parsing enabled.
**auto-nested-loop-acc
(./auto-nested-loop-acc.tex
LaTeX2e <2014/05/01>
Babel <3.9l> and hyphenation patterns for 79 languages loaded.
(./acmsmall.cls
Document Class: acmsmall 2012/03/05, fonts included on 28 June 2010
(./url.sty
\Urlmuskip=\muskip10
Package: url 2006/04/12  ver 3.3  Verb mode for urls, etc.
)

Using ACM, TRETS option: 2010/05/04 by Aptara

(/usr/local/texlive/2014/texmf-dist/tex/latex/base/latexsym.sty
Package: latexsym 1998/08/17 v2.2e Standard LaTeX package (lasy symbols)
\symlasy=\mathgroup4
LaTeX Font Info:    Overwriting symbol font `lasy' in version `bold'
(Font)                  U/lasy/m/n --> U/lasy/b/n on input line 47.
)
(/usr/local/texlive/2014/texmf-dist/tex/latex/graphics/color.sty
Package: color 2014/10/28 v1.1a Standard LaTeX Color (DPC)

(/usr/local/texlive/2014/texmf-dist/tex/latex/latexconfig/color.cfg
File: color.cfg 2007/01/18 v1.5 color configuration of teTeX/TeXLive
)
Package color Info: Driver file: pdftex.def on input line 137.

(/usr/local/texlive/2014/texmf-dist/tex/latex/pdftex-def/pdftex.def
File: pdftex.def 2011/05/27 v0.06d Graphics/color for pdfTeX

(/usr/local/texlive/2014/texmf-dist/tex/generic/oberdiek/infwarerr.sty
Package: infwarerr 2010/04/08 v1.3 Providing info/warning/error messages (HO)
)
(/usr/local/texlive/2014/texmf-dist/tex/generic/oberdiek/ltxcmds.sty
Package: ltxcmds 2011/11/09 v1.22 LaTeX kernel commands for general use (HO)
)
\Gread@gobject=\count79
))
(/usr/local/texlive/2014/texmf-dist/tex/latex/graphics/graphicx.sty
Package: graphicx 2014/10/28 v1.0g Enhanced LaTeX Graphics (DPC,SPQR)

(/usr/local/texlive/2014/texmf-dist/tex/latex/graphics/keyval.sty
Package: keyval 2014/10/28 v1.15 key=value parser (DPC)
\KV@toks@=\toks14
)
(/usr/local/texlive/2014/texmf-dist/tex/latex/graphics/graphics.sty
Package: graphics 2014/10/28 v1.0p Standard LaTeX Graphics (DPC,SPQR)

(/usr/local/texlive/2014/texmf-dist/tex/latex/graphics/trig.sty
Package: trig 1999/03/16 v1.09 sin cos tan (DPC)
)
(/usr/local/texlive/2014/texmf-dist/tex/latex/latexconfig/graphics.cfg
File: graphics.cfg 2010/04/23 v1.9 graphics configuration of TeX Live
)
Package graphics Info: Driver file: pdftex.def on input line 91.
)
\Gin@req@height=\dimen102
\Gin@req@width=\dimen103
)
Document Class `acmsmall' Electronic Submissions v1.4 <July 09, 2012> (ACM).
\@firstpg=\count80
\@lastpg=\count81
\trimheight=\dimen104
\trimwidth=\dimen105
\normaltextheight=\dimen106
\tempdimen=\dimen107
\tempbox=\box26
\tbbox=\box27
\tabledim=\dimen108
\symnewlargesymbols=\mathgroup5
LaTeX Font Info:    Redeclaring math symbol \bigsqcup on input line 2319.
\normalparindent=\dimen109
\footheight=\skip41
\@maxsep=\skip42
\@dblmaxsep=\skip43
\@totalpg=\count82
\@abstract=\box28
\@permissionbox=\box29
\c@part=\count83
\c@section=\count84
\c@subsection=\count85
\c@subsubsection=\count86
\c@paragraph=\count87
\enumdim=\dimen110
\c@theorem=\count88
\belowcaptionskip=\skip44
\abovecaptionskip=\skip45
\c@figure=\count89
\c@table=\count90
\@narrowfig=\dimen111
\@nfigbox=\box30
\@nfcapbox=\box31
\@nfigbox=\box32
\@nfcapbox=\box33
\bibindent=\dimen112
LaTeX Font Info:    Overwriting math alphabet `\mathbb' in version `normal'
(Font)                  OT1/ams/bx/n --> OT1/ams/bx/n on input line 3901.
LaTeX Font Info:    Overwriting math alphabet `\mathbb' in version `bold'
(Font)                  OT1/ams/bx/n --> OT1/ams/bx/n on input line 3902.
) (/usr/local/texlive/2014/texmf-dist/tex/latex/siunitx/siunitx.sty
(/usr/local/texlive/2014/texmf-dist/tex/latex/l3kernel/expl3.sty
Package: expl3 2015/03/01 v5547 L3 programming layer (loader) 

(/usr/local/texlive/2014/texmf-dist/tex/latex/l3kernel/expl3-code.tex
Package: expl3 2015/03/01 v5547 L3 programming layer (code) 
L3 Module: l3bootstrap 2015/02/28 v5542 L3 Bootstrap code

(/usr/local/texlive/2014/texmf-dist/tex/latex/etex-pkg/etex.sty
Package: etex 2015/03/02 v2.1 eTeX basic definition package (PEB,DPC)
\et@xins=\count91
)
L3 Module: l3names 2015/02/24 v5535 L3 Namespace for primitives
L3 Module: l3basics 2015/01/27 v5500 L3 Basic definitions
L3 Module: l3expan 2014/11/27 v5472 L3 Argument expansion
L3 Module: l3tl 2015/01/27 v5500 L3 Token lists
L3 Module: l3str 2015/03/01 v5545 L3 Strings
L3 Module: l3seq 2014/08/23 v5354 L3 Sequences and stacks
L3 Module: l3int 2015/02/21 v5529 L3 Integers
\c_max_int=\count92
\l_tmpa_int=\count93
\l_tmpb_int=\count94
\g_tmpa_int=\count95
\g_tmpb_int=\count96
L3 Module: l3quark 2014/08/23 v5354 L3 Quarks
L3 Module: l3prg 2014/08/23 v5354 L3 Control structures
\g__prg_map_int=\count97
L3 Module: l3clist 2014/08/23 v5354 L3 Comma separated lists
L3 Module: l3token 2014/09/15 v5422 L3 Experimental token manipulation
L3 Module: l3prop 2014/08/23 v5354 L3 Property lists
L3 Module: l3msg 2015/02/26 v5537 L3 Messages
L3 Module: l3file 2014/08/24 v5369 L3 File and I/O operations
\l_iow_line_count_int=\count98
\l__iow_target_count_int=\count99
\l__iow_current_line_int=\count100
\l__iow_current_word_int=\count101
\l__iow_current_indentation_int=\count102
L3 Module: l3skip 2014/08/23 v5354 L3 Dimensions and skips
\c_zero_dim=\dimen113
\c_max_dim=\dimen114
\l_tmpa_dim=\dimen115
\l_tmpb_dim=\dimen116
\g_tmpa_dim=\dimen117
\g_tmpb_dim=\dimen118
\c_zero_skip=\skip46
\c_max_skip=\skip47
\l_tmpa_skip=\skip48
\l_tmpb_skip=\skip49
\g_tmpa_skip=\skip50
\g_tmpb_skip=\skip51
\c_zero_muskip=\muskip11
\c_max_muskip=\muskip12
\l_tmpa_muskip=\muskip13
\l_tmpb_muskip=\muskip14
\g_tmpa_muskip=\muskip15
\g_tmpb_muskip=\muskip16
L3 Module: l3keys 2015/01/27 v5500 L3 Key-value interfaces
\g__keyval_level_int=\count103
\l_keys_choice_int=\count104
L3 Module: l3fp 2014/08/22 v5336 L3 Floating points
\c__fp_leading_shift_int=\count105
\c__fp_middle_shift_int=\count106
\c__fp_trailing_shift_int=\count107
\c__fp_big_leading_shift_int=\count108
\c__fp_big_middle_shift_int=\count109
\c__fp_big_trailing_shift_int=\count110
\c__fp_Bigg_leading_shift_int=\count111
\c__fp_Bigg_middle_shift_int=\count112
\c__fp_Bigg_trailing_shift_int=\count113
L3 Module: l3box 2014/08/23 v5354 L3 Experimental boxes
\c_empty_box=\box34
\l_tmpa_box=\box35
\l_tmpb_box=\box36
\g_tmpa_box=\box37
\g_tmpb_box=\box38
L3 Module: l3coffins 2014/08/23 v5354 L3 Coffin code layer
\l__coffin_internal_box=\box39
\l__coffin_internal_dim=\dimen119
\l__coffin_offset_x_dim=\dimen120
\l__coffin_offset_y_dim=\dimen121
\l__coffin_x_dim=\dimen122
\l__coffin_y_dim=\dimen123
\l__coffin_x_prime_dim=\dimen124
\l__coffin_y_prime_dim=\dimen125
\c_empty_coffin=\box40
\l__coffin_aligned_coffin=\box41
\l__coffin_aligned_internal_coffin=\box42
\l_tmpa_coffin=\box43
\l_tmpb_coffin=\box44
\l__coffin_display_coffin=\box45
\l__coffin_display_coord_coffin=\box46
\l__coffin_display_pole_coffin=\box47
\l__coffin_display_offset_dim=\dimen126
\l__coffin_display_x_dim=\dimen127
\l__coffin_display_y_dim=\dimen128
L3 Module: l3color 2014/08/23 v5354 L3 Experimental color support
L3 Module: l3candidates 2015/03/01 v5544 L3 Experimental additions to l3kernel
\l__box_top_dim=\dimen129
\l__box_bottom_dim=\dimen130
\l__box_left_dim=\dimen131
\l__box_right_dim=\dimen132
\l__box_top_new_dim=\dimen133
\l__box_bottom_new_dim=\dimen134
\l__box_left_new_dim=\dimen135
\l__box_right_new_dim=\dimen136
\l__box_internal_box=\box48
\l__coffin_bounding_shift_dim=\dimen137
\l__coffin_left_corner_dim=\dimen138
\l__coffin_right_corner_dim=\dimen139
\l__coffin_bottom_corner_dim=\dimen140
\l__coffin_top_corner_dim=\dimen141
\l__coffin_scaled_total_height_dim=\dimen142
\l__coffin_scaled_width_dim=\dimen143
)
(/usr/local/texlive/2014/texmf-dist/tex/latex/l3kernel/l3unicode-data.def
File: l3unicode-data.def 2015/03/01 v5544 L3 Unicode data
)
(/usr/local/texlive/2014/texmf-dist/tex/latex/l3kernel/l3pdfmode.def
File: l3pdfmode.def 2015/03/01 v5544 L3 Experimental driver: PDF mode
\l__driver_color_stack_int=\count114
))
(/usr/local/texlive/2014/texmf-dist/tex/latex/l3packages/xparse/xparse.sty
Package: xparse 2014/11/25 v5471 L3 Experimental document command parser
\l__xparse_current_arg_int=\count115
\l__xparse_m_args_int=\count116
\l__xparse_mandatory_args_int=\count117
\l__xparse_processor_int=\count118
\l__xparse_v_nesting_int=\count119
)
Package: siunitx 2015/01/21 v2.6e A comprehensive (SI) units package

(/usr/local/texlive/2014/texmf-dist/tex/latex/amsmath/amstext.sty
Package: amstext 2000/06/29 v2.01

(/usr/local/texlive/2014/texmf-dist/tex/latex/amsmath/amsgen.sty
File: amsgen.sty 1999/11/30 v2.0
\@emptytoks=\toks15
\ex@=\dimen144
)
LaTeX Info: Redefining \text on input line 39.
)
(/usr/local/texlive/2014/texmf-dist/tex/latex/tools/array.sty
Package: array 2014/10/28 v2.4c Tabular extension package (FMi)
\col@sep=\dimen145
\extrarowheight=\dimen146
\NC@list=\toks16
\extratabsurround=\skip52
\backup@length=\skip53
)
(/usr/local/texlive/2014/texmf-dist/tex/latex/l3packages/l3keys2e/l3keys2e.sty
Package: l3keys2e 2014/11/25 v5471 LaTeX2e option processing using LaTeX3 keys
)
Variant \tl_if_blank:VTF already defined; not changing it on line 50
\l__siunitx_tmp_box=\box49
\l__siunitx_tmp_dim=\dimen147
\l__siunitx_tmp_int=\count120
Variant \prop_get:NVNT already defined; not changing it on line 380
Variant \prop_get:NVNF already defined; not changing it on line 381
Variant \prop_get:NVNTF already defined; not changing it on line 382
\l__siunitx_number_mantissa_length_int=\count121
\l__siunitx_number_uncert_length_int=\count122
\l__siunitx_round_int=\count123
\l__siunitx_process_decimal_int=\count124
\l__siunitx_process_uncertainty_int=\count125
\l__siunitx_process_fixed_int=\count126
\l__siunitx_process_integer_min_int=\count127
\l__siunitx_process_precision_int=\count128
\l__siunitx_group_min_int=\count129
\l__siunitx_angle_marker_box=\box50
\l__siunitx_angle_unit_box=\box51
\l__siunitx_angle_marker_dim=\dimen148
\l__siunitx_angle_unit_dim=\dimen149
\l__siunitx_unit_int=\count130
\l__siunitx_unit_denominator_int=\count131
\l__siunitx_unit_numerator_int=\count132
\l__siunitx_unit_prefix_int=\count133
\l__siunitx_unit_prefix_base_int=\count134
\l__siunitx_unit_prefix_gram_int=\count135
\l__siunitx_number_product_int=\count136
\c__siunitx_one_fill_skip=\skip54
\l__siunitx_table_unit_align_skip=\skip55
\l__siunitx_table_exponent_dim=\dimen150
\l__siunitx_table_integer_dim=\dimen151
\l__siunitx_table_mantissa_dim=\dimen152
\l__siunitx_table_marker_dim=\dimen153
\l__siunitx_table_result_dim=\dimen154
\l__siunitx_table_uncert_dim=\dimen155
\l__siunitx_table_fill_pre_dim=\dimen156
\l__siunitx_table_fill_post_dim=\dimen157
\l__siunitx_table_fill_mid_dim=\dimen158
\l__siunitx_table_pre_box=\box52
\l__siunitx_table_post_box=\box53
\l__siunitx_table_mantissa_box=\box54
\l__siunitx_table_result_box=\box55
\l__siunitx_table_number_align_skip=\skip56
\l__siunitx_table_text_align_skip=\skip57
.................................................
. LaTeX info: "xparse/define-command"
. 
. Defining command \DeclareBinaryPrefix with sig. 'mmm' on line 7176.
.................................................
.................................................
. LaTeX info: "xparse/define-command"
. 
. Defining command \DeclareSIPostPower with sig. 'mm' on line 7179.
.................................................
.................................................
. LaTeX info: "xparse/define-command"
. 
. Defining command \DeclareSIPrefix with sig. 'mmm' on line 7182.
.................................................
.................................................
. LaTeX info: "xparse/define-command"
. 
. Defining command \DeclareSIPrePower with sig. 'mm' on line 7185.
.................................................
.................................................
. LaTeX info: "xparse/define-command"
. 
. Defining command \DeclareSIQualifier with sig. 'mm' on line 7188.
.................................................
.................................................
. LaTeX info: "xparse/define-command"
. 
. Defining command \DeclareSIUnit with sig. 'O{}mm' on line 7191.
.................................................
.................................................
. LaTeX info: "xparse/define-command"
. 
. Defining command \DeclareSIUnitWithOptions with sig. 'mmm' on line 7194.
.................................................
.................................................
. LaTeX info: "xparse/define-command"
. 
. Defining command \ang with sig. 'o>{\SplitArgument {2}{;}}m' on line 7209.
.................................................
.................................................
. LaTeX info: "xparse/define-command"
. 
. Defining command \num with sig. 'om' on line 7217.
.................................................
.................................................
. LaTeX info: "xparse/define-command"
. 
. Defining command \numlist with sig. 'o>{\SplitList {;}}m' on line 7225.
.................................................
.................................................
. LaTeX info: "xparse/define-command"
. 
. Defining command \numrange with sig. 'omm' on line 7233.
.................................................
.................................................
. LaTeX info: "xparse/define-command"
. 
. Defining command \SIlist with sig. 'o>{\SplitList {;}}mm' on line 7244.
.................................................
.................................................
. LaTeX info: "xparse/define-command"
. 
. Defining command \SIrange with sig. 'ommm' on line 7255.
.................................................
.................................................
. LaTeX info: "xparse/define-command"
. 
. Defining command \SI with sig. 'omom' on line 7266.
.................................................
.................................................
. LaTeX info: "xparse/define-command"
. 
. Defining command \sisetup with sig. 'm' on line 7269.
.................................................
.................................................
. LaTeX info: "xparse/define-command"
. 
. Defining command \tablenum with sig. 'om' on line 7281.
.................................................
.................................................
. LaTeX info: "xparse/define-command"
. 
. Defining command \si with sig. 'om' on line 7292.
.................................................
.................................................
. LaTeX info: "xparse/define-command"
. 
. Defining command \__siunitx_bookmark_num:w with sig. 'om' on line 7339.
.................................................
.................................................
. LaTeX info: "xparse/define-command"
. 
. Defining command \__siunitx_bookmark_numrange:w with sig. 'omm' on line
. 7341.
.................................................
.................................................
. LaTeX info: "xparse/define-command"
. 
. Defining command \__siunitx_bookmark_SI:w with sig. 'omom' on line 7343.
.................................................
.................................................
. LaTeX info: "xparse/define-command"
. 
. Defining command \__siunitx_bookmark_SIlist:w with sig. 'omm' on line 7345.
.................................................
.................................................
. LaTeX info: "xparse/define-command"
. 
. Defining command \__siunitx_bookmark_SIrange:w with sig. 'ommm' on line
. 7347.
.................................................
.................................................
. LaTeX info: "xparse/define-command"
. 
. Defining command \__siunitx_bookmark_si:w with sig. 'om' on line 7348.
.................................................
\g__file_internal_ior=\read1
(/usr/local/texlive/2014/texmf-dist/tex/latex/beamer/translator/translator.sty
Package: translator 2010/06/12 ver 1.10

(/usr/local/texlive/2014/texmf-dist/tex/latex/beamer/translator/translator-lang
uage-mappings.tex)))
(/usr/local/texlive/2014/texmf-dist/tex/latex/algorithms/algorithm.sty
Package: algorithm 2009/08/24 v0.1 Document Style `algorithm' - floating enviro
nment

(/usr/local/texlive/2014/texmf-dist/tex/latex/float/float.sty
Package: float 2001/11/08 v1.3d Float enhancements (AL)
\c@float@type=\count137
\float@exts=\toks17
\float@box=\box56
\@float@everytoks=\toks18
\@floatcapt=\box57
)
(/usr/local/texlive/2014/texmf-dist/tex/latex/base/ifthen.sty
Package: ifthen 2014/09/29 v1.1c Standard LaTeX ifthen package (DPC)
)
\@float@every@algorithm=\toks19
\c@algorithm=\count138
)
(./algorithmic.sty
Package: algorithmic 2006/06/02

Document Style `algorithmic' - environment
(/usr/local/texlive/2014/texmf-dist/tex/latex/tools/calc.sty
Package: calc 2014/10/28 v4.3 Infix arithmetic (KKT,FJ)
\calc@Acount=\count139
\calc@Bcount=\count140
\calc@Adimen=\dimen159
\calc@Bdimen=\dimen160
\calc@Askip=\skip58
\calc@Bskip=\skip59
LaTeX Info: Redefining \setlength on input line 75.
LaTeX Info: Redefining \addtolength on input line 76.
\calc@Ccount=\count141
\calc@Cskip=\skip60
)
\c@ALC@line=\count142
\c@ALC@rem=\count143
\c@ALC@depth=\count144
\ALC@tlm=\skip61
\algorithmicindent=\skip62
)
(./algorithm2e.sty
Package: algorithm2e 2008/00/00 v3.10 algorithms environments
\c@AlgoLine=\count145

(/usr/local/texlive/2014/texmf-dist/tex/latex/tools/xspace.sty
Package: xspace 2014/10/28 v1.13 Space after command names (DPC,MH)
)
(/usr/local/texlive/2014/texmf-dist/tex/latex/relsize/relsize.sty
Package: relsize 2013/03/29 ver 4.1
)
********************************************************
Package `algorithm2e' Release 4.01 -- december 14 2009 --
- algorithm2e-announce@lirmm.fr mailing list for announcement about releases
- algorithm2e-discussion@lirmm.fr mailing list for discussion about package
subscribe by emailing sympa@lirmm.fr with 'subscribe <list> <firstname name>'
- Author: Christophe Fiorio (fiorio@lirmm.fr)
********************************************************
\skiptotal=\skip63
\skiplinenumber=\skip64
\skiprule=\skip65
\skiphlne=\skip66
\skiptext=\skip67
\skiplength=\skip68
\algomargin=\skip69
\skipalgocfslide=\skip70
\algowidth=\dimen161
\inoutsize=\dimen162
\inoutline=\dimen163
\interspacetitleruled=\dimen164
\interspacealgoruled=\dimen165
\interspacetitleboxruled=\dimen166
\algocf@inoutbox=\box58
\algocf@inputbox=\box59
\AlCapSkip=\skip71
\AlCapHSkip=\skip72
\algocf@nlbox=\box60
\algocf@hangingbox=\box61
\algocf@capbox=\box62
\algoheightruledefault=\skip73
\algoheightrule=\skip74
\algotitleheightruledefault=\skip75
\algotitleheightrule=\skip76
\c@algocfline=\count146
\c@algocfproc=\count147
\c@algocf=\count148
\algocf@algoframe=\box63
\algocf@algobox=\box64
)
(/usr/local/texlive/2014/texmf-dist/tex/latex/threeparttable/threeparttable.sty
Package: threeparttable 2003/06/13  v 3.0
\@tempboxb=\box65
) (/usr/local/texlive/2014/texmf-dist/tex/latex/enumitem/enumitem.sty
Package: enumitem 2011/09/28 v3.5.2 Customized lists
\labelindent=\skip77
\enit@outerparindent=\dimen167
\enit@toks=\toks20
\enit@inbox=\box66
\enitdp@description=\count149
)
(/usr/local/texlive/2014/texmf-dist/tex/latex/etoolbox/etoolbox.sty
Package: etoolbox 2015/03/19 v2.1d e-TeX tools for LaTeX (JAW)
\etb@tempcnta=\count150
)
(/usr/local/texlive/2014/texmf-dist/tex/latex/tools/bm.sty
Package: bm 2014/10/28 v1.1c Bold Symbol Support (DPC/FMi)
\symboldoperators=\mathgroup6
\symboldletters=\mathgroup7
\symboldsymbols=\mathgroup8
\symboldlasy=\mathgroup9
LaTeX Font Info:    Redeclaring math alphabet \mathbf on input line 137.
LaTeX Info: Redefining \bm on input line 203.
)
(/usr/local/texlive/2014/texmf-dist/tex/latex/amsmath/amsmath.sty
Package: amsmath 2013/01/14 v2.14 AMS math features
\@mathmargin=\skip78

For additional information on amsmath, use the `?' option.
(/usr/local/texlive/2014/texmf-dist/tex/latex/amsmath/amsbsy.sty
Package: amsbsy 1999/11/29 v1.2d
LaTeX Info: Redefining \boldsymbol on input line 39.
\pmbraise@=\dimen168
)
(/usr/local/texlive/2014/texmf-dist/tex/latex/amsmath/amsopn.sty
Package: amsopn 1999/12/14 v2.01 operator names
)
\inf@bad=\count151
LaTeX Info: Redefining \frac on input line 210.
\uproot@=\count152
\leftroot@=\count153
LaTeX Info: Redefining \overline on input line 306.
\classnum@=\count154
\DOTSCASE@=\count155
LaTeX Info: Redefining \ldots on input line 378.
LaTeX Info: Redefining \dots on input line 381.
LaTeX Info: Redefining \cdots on input line 466.
\Mathstrutbox@=\box67
\strutbox@=\box68
\big@size=\dimen169
LaTeX Font Info:    Redeclaring font encoding OML on input line 566.
LaTeX Font Info:    Redeclaring font encoding OMS on input line 567.
\macc@depth=\count156
\c@MaxMatrixCols=\count157
\dotsspace@=\muskip17
\c@parentequation=\count158
\dspbrk@lvl=\count159
\tag@help=\toks21
\row@=\count160
\column@=\count161
\maxfields@=\count162
\andhelp@=\toks22
\eqnshift@=\dimen170
\alignsep@=\dimen171
\tagshift@=\dimen172
\tagwidth@=\dimen173
\totwidth@=\dimen174
\lineht@=\dimen175
\@envbody=\toks23
\multlinegap=\skip79
\multlinetaggap=\skip80
\mathdisplay@stack=\toks24
LaTeX Info: Redefining \[ on input line 2665.
LaTeX Info: Redefining \] on input line 2666.
)
(/usr/local/texlive/2014/texmf-dist/tex/latex/natbib/natbib.sty
Package: natbib 2010/09/13 8.31b (PWD, AO)
\bibhang=\skip81
\bibsep=\skip82
LaTeX Info: Redefining \cite on input line 694.
\c@NAT@ctr=\count163
)
(/usr/local/texlive/2014/texmf-dist/tex/latex/multirow/multirow.sty
\bigstrutjot=\dimen176
)
(/usr/local/texlive/2014/texmf-dist/tex/latex/subfig/subfig.sty
Package: subfig 2005/06/28 ver: 1.3 subfig package

(/usr/local/texlive/2014/texmf-dist/tex/latex/caption/caption3.sty
Package: caption3 2013/05/02 v1.6-88 caption3 kernel (AR)
Package caption3 Info: TeX engine: e-TeX on input line 57.
\captionmargin=\dimen177
\captionmargin@=\dimen178
\captionwidth=\dimen179
\caption@tempdima=\dimen180
\caption@indent=\dimen181
\caption@parindent=\dimen182
\caption@hangindent=\dimen183
Package caption Info: Unknown document class (or package),
(caption)             standard defaults will be used.
)
\c@KVtest=\count164
\sf@farskip=\skip83
\sf@captopadj=\dimen184
\sf@capskip=\skip84
\sf@nearskip=\skip85
\c@subfigure=\count165
\c@subfigure@save=\count166
\c@lofdepth=\count167
\c@subtable=\count168
\c@subtable@save=\count169
\c@lotdepth=\count170
\sf@top=\skip86
\sf@bottom=\skip87
)
(/usr/local/texlive/2014/texmf-dist/tex/latex/dblfloatfix/dblfloatfix.sty
Package: dblfloatfix 2012/12/31 v1.0a (JAW)

(/usr/local/texlive/2014/texmf-dist/tex/latex/base/fixltx2e.sty
Package: fixltx2e 2014/09/29 v1.1s fixes to LaTeX
LaTeX Info: Redefining \em on input line 430.
LaTeX Info: The control sequence `\[' is already robust on input line 481.
LaTeX Info: The control sequence `\]' is already robust on input line 482.
)
\@dblbotnum=\count171
\c@dblbotnumber=\count172
)
(./auto-nested-loop-acc.aux)
\openout1 = `auto-nested-loop-acc.aux'.

LaTeX Font Info:    Checking defaults for OML/cmm/m/it on input line 66.
LaTeX Font Info:    ... okay on input line 66.
LaTeX Font Info:    Checking defaults for T1/cmr/m/n on input line 66.
LaTeX Font Info:    ... okay on input line 66.
LaTeX Font Info:    Checking defaults for OT1/cmr/m/n on input line 66.
LaTeX Font Info:    ... okay on input line 66.
LaTeX Font Info:    Checking defaults for OMS/cmsy/m/n on input line 66.
LaTeX Font Info:    ... okay on input line 66.
LaTeX Font Info:    Checking defaults for OMX/cmex/m/n on input line 66.
LaTeX Font Info:    ... okay on input line 66.
LaTeX Font Info:    Checking defaults for U/cmr/m/n on input line 66.
LaTeX Font Info:    ... okay on input line 66.

(/usr/local/texlive/2014/texmf-dist/tex/context/base/supp-pdf.mkii
[Loading MPS to PDF converter (version 2006.09.02).]
\scratchcounter=\count173
\scratchdimen=\dimen185
\scratchbox=\box69
\nofMPsegments=\count174
\nofMParguments=\count175
\everyMPshowfont=\toks25
\MPscratchCnt=\count176
\MPscratchDim=\dimen186
\MPnumerator=\count177
\makeMPintoPDFobject=\count178
\everyMPtoPDFconversion=\toks26
) (/usr/local/texlive/2014/texmf-dist/tex/generic/oberdiek/pdftexcmds.sty
Package: pdftexcmds 2011/11/29 v0.20 Utility functions of pdfTeX for LuaTeX (HO
)

(/usr/local/texlive/2014/texmf-dist/tex/generic/oberdiek/ifluatex.sty
Package: ifluatex 2010/03/01 v1.3 Provides the ifluatex switch (HO)
Package ifluatex Info: LuaTeX not detected.
)
(/usr/local/texlive/2014/texmf-dist/tex/generic/oberdiek/ifpdf.sty
Package: ifpdf 2011/01/30 v2.3 Provides the ifpdf switch (HO)
Package ifpdf Info: pdfTeX in PDF mode is detected.
)
Package pdftexcmds Info: LuaTeX not detected.
Package pdftexcmds Info: \pdf@primitive is available.
Package pdftexcmds Info: \pdf@ifprimitive is available.
Package pdftexcmds Info: \pdfdraftmode found.
)
(/usr/local/texlive/2014/texmf-dist/tex/latex/oberdiek/epstopdf-base.sty
Package: epstopdf-base 2010/02/09 v2.5 Base part for package epstopdf

(/usr/local/texlive/2014/texmf-dist/tex/latex/oberdiek/grfext.sty
Package: grfext 2010/08/19 v1.1 Manage graphics extensions (HO)

(/usr/local/texlive/2014/texmf-dist/tex/generic/oberdiek/kvdefinekeys.sty
Package: kvdefinekeys 2011/04/07 v1.3 Define keys (HO)
))
(/usr/local/texlive/2014/texmf-dist/tex/latex/oberdiek/kvoptions.sty
Package: kvoptions 2011/06/30 v3.11 Key value format for package options (HO)

(/usr/local/texlive/2014/texmf-dist/tex/generic/oberdiek/kvsetkeys.sty
Package: kvsetkeys 2012/04/25 v1.16 Key value parser (HO)

(/usr/local/texlive/2014/texmf-dist/tex/generic/oberdiek/etexcmds.sty
Package: etexcmds 2011/02/16 v1.5 Avoid name clashes with e-TeX commands (HO)
Package etexcmds Info: Could not find \expanded.
(etexcmds)             That can mean that you are not using pdfTeX 1.50 or
(etexcmds)             that some package has redefined \expanded.
(etexcmds)             In the latter case, load this package earlier.
)))
Package grfext Info: Graphics extension search list:
(grfext)             [.png,.pdf,.jpg,.mps,.jpeg,.jbig2,.jb2,.PNG,.PDF,.JPG,.JPE
G,.JBIG2,.JB2,.eps]
(grfext)             \AppendGraphicsExtensions on input line 452.

(/usr/local/texlive/2014/texmf-dist/tex/latex/latexconfig/epstopdf-sys.cfg
File: epstopdf-sys.cfg 2010/07/13 v1.3 Configuration of (r)epstopdf for TeX Liv
e
))
(/usr/local/texlive/2014/texmf-dist/tex/latex/beamer/translator/dicts/translato
r-basic-dictionary/translator-basic-dictionary-English.dict
Dictionary: translator-basic-dictionary, Language: English 
)
(/usr/local/texlive/2014/texmf-dist/tex/latex/siunitx/siunitx-abbreviations.cfg
File: siunitx-abbreviations.cfg 2015/01/21 v2.6e siunitx: Abbreviated units
) (/usr/local/texlive/2014/texmf-dist/tex/latex/siunitx/siunitx-binary.cfg
File: siunitx-binary.cfg 2015/01/21 v2.6e siunitx: Binary units
)
Package caption Info: Begin \AtBeginDocument code.
Package caption Info: subfig package v1.3 is loaded.
Package caption Info: End \AtBeginDocument code.
\c__siunitx_mathsf_int=\count179
LaTeX Font Info:    Try loading font information for U+lasy on input line 66.

(/usr/local/texlive/2014/texmf-dist/tex/latex/base/ulasy.fd
File: ulasy.fd 1998/08/17 v2.2e LaTeX symbol font definitions
)
LaTeX Font Info:    Font shape `U/lasy/b/n' in size <7> not available
(Font)              Font shape `U/lasy/m/n' tried instead on input line 66.
LaTeX Font Info:    Font shape `U/lasy/b/n' in size <5> not available
(Font)              Font shape `U/lasy/m/n' tried instead on input line 66.
\c__siunitx_mathtt_int=\count180
 (./abstract.tex)
LaTeX Font Info:    Font shape `U/lasy/b/n' in size <8> not available
(Font)              Font shape `U/lasy/m/n' tried instead on input line 95.
LaTeX Font Info:    Font shape `U/lasy/b/n' in size <6> not available
(Font)              Font shape `U/lasy/m/n' tried instead on input line 95.
LaTeX Font Info:    Try loading font information for OMS+cmr on input line 95.

(/usr/local/texlive/2014/texmf-dist/tex/latex/base/omscmr.fd
File: omscmr.fd 2014/09/29 v2.5h Standard LaTeX font definitions
)
LaTeX Font Info:    Font shape `OMS/cmr/m/n' in size <8> not available
(Font)              Font shape `OMS/cmsy/m/n' tried instead on input line 95.

(./introduction.tex
Overfull \vbox (72.27pt too high) has occurred while \output is active []


pdfTeX warning (Object streams): \pdfobjcompresslevel > 0 requires \pdfminorver
sion > 4. Object streams disabled now.
[1{/usr/local/texlive/2014/texmf-var/fonts/map/pdftex/updmap/pdftex.map}
Non-PDF special ignored!

]
Underfull \vbox (badness 10000) has occurred while \output is active []

 [2])
(./relatedwork.tex [3]) (./acc-framework.tex

pdfTeX warning: pdflatex (file ./figures/framework.pdf): PDF inclusion: found P
DF version <1.5>, but at most version <1.4> allowed
<./figures/framework.pdf, id=22, 473.77pt x 250.9375pt>
File: ./figures/framework.pdf Graphic file (type pdf)

<use ./figures/framework.pdf>
Package pdftex.def Info: ./figures/framework.pdf used on input line 26.
(pdftex.def)             Requested size: 297.0pt x 157.31416pt.
 [4]

pdfTeX warning: pdflatex (file ./figures/horizontal-compilation.pdf): PDF inclu
sion: found PDF version <1.5>, but at most version <1.4> allowed
<./figures/horizontal-compilation.pdf, id=26, 741.77126pt x 281.05pt>
File: ./figures/horizontal-compilation.pdf Graphic file (type pdf)

<use ./figures/horizontal-compilation.pdf>
Package pdftex.def Info: ./figures/horizontal-compilation.pdf used on input lin
e 55.
(pdftex.def)             Requested size: 316.80121pt x 120.03432pt.
) (./scgra.tex [5 <./figures/framework.pdf> <./figures/horizontal-compilation.p
df

pdfTeX warning: pdflatex (file ./figures/horizontal-compilation.pdf): PDF inclu
sion: multiple pdfs with page group included in a single page
>]

pdfTeX warning: pdflatex (file ./figures/scgra-accelerator.pdf): PDF inclusion:
 found PDF version <1.5>, but at most version <1.4> allowed
<./figures/scgra-accelerator.pdf, id=54, 650.43pt x 195.73125pt>
File: ./figures/scgra-accelerator.pdf Graphic file (type pdf)

<use ./figures/scgra-accelerator.pdf>
Package pdftex.def Info: ./figures/scgra-accelerator.pdf used on input line 36.

(pdftex.def)             Requested size: 392.04218pt x 117.97723pt.


pdfTeX warning: pdflatex (file ./figures/group-dfg.pdf): PDF inclusion: found P
DF version <1.5>, but at most version <1.4> allowed
<./figures/group-dfg.pdf, id=55, 629.35126pt x 140.525pt>
File: ./figures/group-dfg.pdf Graphic file (type pdf)

<use ./figures/group-dfg.pdf>
Package pdftex.def Info: ./figures/group-dfg.pdf used on input line 54.
(pdftex.def)             Requested size: 376.19879pt x 84.00043pt.

Underfull \vbox (badness 3281) has occurred while \output is active []

 [6 <./figures/scgra-accelerator.pdf>]

pdfTeX warning: pdflatex (file ./figures/buffer-type0.pdf): PDF inclusion: foun
d PDF version <1.5>, but at most version <1.4> allowed
<./figures/buffer-type0.pdf, id=71, 213.79875pt x 67.25125pt>
File: ./figures/buffer-type0.pdf Graphic file (type pdf)

<use ./figures/buffer-type0.pdf>
Package pdftex.def Info: ./figures/buffer-type0.pdf used on input line 99.
(pdftex.def)             Requested size: 118.80121pt x 37.36899pt.


pdfTeX warning: pdflatex (file ./figures/buffer-type1.pdf): PDF inclusion: foun
d PDF version <1.5>, but at most version <1.4> allowed
<./figures/buffer-type1.pdf, id=72, 213.79875pt x 99.37125pt>
File: ./figures/buffer-type1.pdf Graphic file (type pdf)

<use ./figures/buffer-type1.pdf>
Package pdftex.def Info: ./figures/buffer-type1.pdf used on input line 103.
(pdftex.def)             Requested size: 138.60242pt x 64.42072pt.


pdfTeX warning: pdflatex (file ./figures/buffer-type2.pdf): PDF inclusion: foun
d PDF version <1.5>, but at most version <1.4> allowed
<./figures/buffer-type2.pdf, id=73, 296.10625pt x 108.405pt>
File: ./figures/buffer-type2.pdf Graphic file (type pdf)

<use ./figures/buffer-type2.pdf>
Package pdftex.def Info: ./figures/buffer-type2.pdf used on input line 108.
(pdftex.def)             Requested size: 178.19879pt x 65.24033pt.


pdfTeX warning: pdflatex (file ./figures/buffer-type3.pdf): PDF inclusion: foun
d PDF version <1.5>, but at most version <1.4> allowed
<./figures/buffer-type3.pdf, id=74, 340.27126pt x 153.57375pt>
File: ./figures/buffer-type3.pdf Graphic file (type pdf)

<use ./figures/buffer-type3.pdf>
Package pdftex.def Info: ./figures/buffer-type3.pdf used on input line 112.
(pdftex.def)             Requested size: 217.80121pt x 98.30092pt.

Overfull \hbox (6.66666pt too wide) in paragraph at lines 99--113
 [][] 
 []



pdfTeX warning: pdflatex (file ./figures/buffer-pipelining.pdf): PDF inclusion:
 found PDF version <1.5>, but at most version <1.4> allowed
<./figures/buffer-pipelining.pdf, id=75, 517.935pt x 94.3525pt>
File: ./figures/buffer-pipelining.pdf Graphic file (type pdf)

<use ./figures/buffer-pipelining.pdf>
Package pdftex.def Info: ./figures/buffer-pipelining.pdf used on input line 142
.
(pdftex.def)             Requested size: 356.39758pt x 64.92763pt.
 [7 <./figures/group-dfg.pdf>])
(./customization-method.tex [8 <./figures/buffer-type0.pdf> <./figures/buffer-t
ype1.pdf

pdfTeX warning: pdflatex (file ./figures/buffer-type1.pdf): PDF inclusion: mult
iple pdfs with page group included in a single page
> <./figures/buffer-type2.pdf

pdfTeX warning: pdflatex (file ./figures/buffer-type2.pdf): PDF inclusion: mult
iple pdfs with page group included in a single page
> <./figures/buffer-type3.pdf

pdfTeX warning: pdflatex (file ./figures/buffer-type3.pdf): PDF inclusion: mult
iple pdfs with page group included in a single page
> <./figures/buffer-pipelining.pdf

pdfTeX warning: pdflatex (file ./figures/buffer-pipelining.pdf): PDF inclusion:
 multiple pdfs with page group included in a single page
>]

pdfTeX warning: pdflatex (file ./figures/customization-framework.pdf): PDF incl
usion: found PDF version <1.5>, but at most version <1.4> allowed
<./figures/customization-framework.pdf, id=186, 422.57875pt x 526.96875pt>
File: ./figures/customization-framework.pdf Graphic file (type pdf)

<use ./figures/customization-framework.pdf>
Package pdftex.def Info: ./figures/customization-framework.pdf used on input li
ne 32.
(pdftex.def)             Requested size: 217.80121pt x 271.61305pt.
 [9 <./figures/customization-framework.pdf>] [10]
Overfull \hbox (12.87814pt too wide) in paragraph at lines 202--202
[] 
 []

[11] <./figures/scgrasize-perf.pdf, id=220, 455.7025pt x 442.65375pt>
File: ./figures/scgrasize-perf.pdf Graphic file (type pdf)

<use ./figures/scgrasize-perf.pdf>
Package pdftex.def Info: ./figures/scgrasize-perf.pdf used on input line 256.
(pdftex.def)             Requested size: 118.80121pt x 115.39795pt.

<./figures/unrolling-perf.pdf, id=221, 435.6275pt x 443.6575pt>
File: ./figures/unrolling-perf.pdf Graphic file (type pdf)

<use ./figures/unrolling-perf.pdf>
Package pdftex.def Info: ./figures/unrolling-perf.pdf used on input line 260.
(pdftex.def)             Requested size: 118.80121pt x 120.98735pt.
 [12 <./figures/scgrasize-perf.pdf> <./figures/unrolling-perf.pdf>]) (./experim
ents.tex [13]
LaTeX Font Info:    Font shape `U/lasy/b/n' in size <9> not available
(Font)              Font shape `U/lasy/m/n' tried instead on input line 48.


LaTeX Font Warning: Font shape `OT1/cmss/m/it' in size <9> not available
(Font)              Font shape `OT1/cmss/m/sl' tried instead on input line 52.

<./figures/FF-Overhead.pdf, id=252, 667.49374pt x 384.43625pt>
File: ./figures/FF-Overhead.pdf Graphic file (type pdf)

<use ./figures/FF-Overhead.pdf>
Package pdftex.def Info: ./figures/FF-Overhead.pdf used on input line 67.
(pdftex.def)             Requested size: 138.60242pt x 79.82475pt.

<./figures/LUT-Overhead.pdf, id=253, 667.49374pt x 384.43625pt>
File: ./figures/LUT-Overhead.pdf Graphic file (type pdf)

<use ./figures/LUT-Overhead.pdf>
Package pdftex.def Info: ./figures/LUT-Overhead.pdf used on input line 70.
(pdftex.def)             Requested size: 138.60242pt x 79.82475pt.

<./figures/DSP-Overhead.pdf, id=254, 667.49374pt x 384.43625pt>
File: ./figures/DSP-Overhead.pdf Graphic file (type pdf)

<use ./figures/DSP-Overhead.pdf>
Package pdftex.def Info: ./figures/DSP-Overhead.pdf used on input line 74.
(pdftex.def)             Requested size: 138.60242pt x 79.82475pt.

<./figures/BRAM-Overhead.pdf, id=255, 667.49374pt x 384.43625pt>
File: ./figures/BRAM-Overhead.pdf Graphic file (type pdf)

<use ./figures/BRAM-Overhead.pdf>
Package pdftex.def Info: ./figures/BRAM-Overhead.pdf used on input line 77.
(pdftex.def)             Requested size: 138.60242pt x 79.82475pt.

<./figures/Base-Power.pdf, id=256, 683.55376pt x 384.43625pt>
File: ./figures/Base-Power.pdf Graphic file (type pdf)

<use ./figures/Base-Power.pdf>
Package pdftex.def Info: ./figures/Base-Power.pdf used on input line 98.
(pdftex.def)             Requested size: 138.60242pt x 77.94763pt.

<./figures/BRAM-Power.pdf, id=257, 660.4675pt x 392.46625pt>
File: ./figures/BRAM-Power.pdf Graphic file (type pdf)

<use ./figures/BRAM-Power.pdf>
Package pdftex.def Info: ./figures/BRAM-Power.pdf used on input line 101.
(pdftex.def)             Requested size: 138.60242pt x 82.36044pt.
 [14]
<./figures/DSE-Time.pdf, id=263, 695.59875pt x 299.1175pt>
File: ./figures/DSE-Time.pdf Graphic file (type pdf)

<use ./figures/DSE-Time.pdf>
Package pdftex.def Info: ./figures/DSE-Time.pdf used on input line 147.
(pdftex.def)             Requested size: 178.19879pt x 76.62767pt.
 [15 <./figures/FF-Overhead.pdf> <./figures/LUT-Overhead.pdf> <./figures/DSP-Ov
erhead.pdf> <./figures/BRAM-Overhead.pdf> <./figures/Base-Power.pdf> <./figures
/BRAM-Power.pdf>]
<./figures/mm-energy-performance.pdf, id=315, 421.575pt x 358.33875pt>
File: ./figures/mm-energy-performance.pdf Graphic file (type pdf)

<use ./figures/mm-energy-performance.pdf>
Package pdftex.def Info: ./figures/mm-energy-performance.pdf used on input line
 180.
(pdftex.def)             Requested size: 138.60242pt x 117.81473pt.

<./figures/fir-energy-performance.pdf, id=316, 456.70625pt x 360.34625pt>
File: ./figures/fir-energy-performance.pdf Graphic file (type pdf)

<use ./figures/fir-energy-performance.pdf>
Package pdftex.def Info: ./figures/fir-energy-performance.pdf used on input lin
e 183.
(pdftex.def)             Requested size: 138.60242pt x 109.35835pt.

<./figures/se-energy-performance.pdf, id=317, 562.1pt x 443.6575pt>
File: ./figures/se-energy-performance.pdf Graphic file (type pdf)

<use ./figures/se-energy-performance.pdf>
Package pdftex.def Info: ./figures/se-energy-performance.pdf used on input line
 187.
(pdftex.def)             Requested size: 138.60242pt x 109.39769pt.

<./figures/km-energy-performance.pdf, id=318, 562.1pt x 443.6575pt>
File: ./figures/km-energy-performance.pdf Graphic file (type pdf)

<use ./figures/km-energy-performance.pdf>
Package pdftex.def Info: ./figures/km-energy-performance.pdf used on input line
 190.
(pdftex.def)             Requested size: 138.60242pt x 109.39769pt.
 [16 <./figures/DSE-Time.pdf> <./figures/mm-energy-performance.pdf> <./figures/
fir-energy-performance.pdf> <./figures/se-energy-performance.pdf> <./figures/km
-energy-performance.pdf>]
<./figures/mm-hls-cp.pdf, id=364, 678.535pt x 398.48875pt>
File: ./figures/mm-hls-cp.pdf Graphic file (type pdf)

<use ./figures/mm-hls-cp.pdf>
Package pdftex.def Info: ./figures/mm-hls-cp.pdf used on input line 212.
(pdftex.def)             Requested size: 138.60242pt x 81.39278pt.

<./figures/fir-hls-cp.pdf, id=365, 678.535pt x 398.48875pt>
File: ./figures/fir-hls-cp.pdf Graphic file (type pdf)

<use ./figures/fir-hls-cp.pdf>
Package pdftex.def Info: ./figures/fir-hls-cp.pdf used on input line 215.
(pdftex.def)             Requested size: 138.60242pt x 81.39278pt.

<./figures/se-hls-cp.pdf, id=366, 678.535pt x 398.48875pt>
File: ./figures/se-hls-cp.pdf Graphic file (type pdf)

<use ./figures/se-hls-cp.pdf>
Package pdftex.def Info: ./figures/se-hls-cp.pdf used on input line 219.
(pdftex.def)             Requested size: 138.60242pt x 81.39278pt.

<./figures/km-hls-cp.pdf, id=367, 678.535pt x 398.48875pt>
File: ./figures/km-hls-cp.pdf Graphic file (type pdf)

<use ./figures/km-hls-cp.pdf>
Package pdftex.def Info: ./figures/km-hls-cp.pdf used on input line 222.
(pdftex.def)             Requested size: 138.60242pt x 81.39278pt.
) (./conclusion.tex
Underfull \vbox (badness 10000) has occurred while \output is active []

 [17 <./figures/mm-hls-cp.pdf> <./figures/fir-hls-cp.pdf> <./figures/se-hls-cp.
pdf> <./figures/km-hls-cp.pdf>]) (./auto-nested-loop-acc.bbl
Underfull \vbox (badness 2828) has occurred while \output is active []

 [18]
Underfull \vbox (badness 10000) has occurred while \output is active []

 [19])
[20] (./auto-nested-loop-acc.aux)

LaTeX Warning: Label(s) may have changed. Rerun to get cross-references right.

 ) 
Here is how much of TeX's memory you used:
 14995 strings out of 493109
 292581 string characters out of 6135010
 334210 words of memory out of 5000000
 18237 multiletter control sequences out of 15000+600000
 19067 words of font info for 73 fonts, out of 8000000 for 9000
 1141 hyphenation exceptions out of 8191
 39i,18n,47p,10405b,728s stack positions out of 5000i,500n,10000p,200000b,80000s
</usr/local/texlive/2014/texmf-dist/fonts/type1/public/amsfonts/cmextra/cmbsy
5.pfb></usr/local/texlive/2014/texmf-dist/fonts/type1/public/amsfonts/cmextra/c
mbsy7.pfb></usr/local/texlive/2014/texmf-dist/fonts/type1/public/amsfonts/cm/cm
bx10.pfb></usr/local/texlive/2014/texmf-dist/fonts/type1/public/amsfonts/cm/cmb
x7.pfb></usr/local/texlive/2014/texmf-dist/fonts/type1/public/amsfonts/cm/cmbx8
.pfb></usr/local/texlive/2014/texmf-dist/fonts/type1/public/amsfonts/cm/cmex10.
pfb></usr/local/texlive/2014/texmf-dist/fonts/type1/public/amsfonts/cm/cmmi10.p
fb></usr/local/texlive/2014/texmf-dist/fonts/type1/public/amsfonts/cm/cmmi5.pfb
></usr/local/texlive/2014/texmf-dist/fonts/type1/public/amsfonts/cm/cmmi7.pfb><
/usr/local/texlive/2014/texmf-dist/fonts/type1/public/amsfonts/cm/cmmib10.pfb><
/usr/local/texlive/2014/texmf-dist/fonts/type1/public/amsfonts/cmextra/cmmib5.p
fb></usr/local/texlive/2014/texmf-dist/fonts/type1/public/amsfonts/cmextra/cmmi
b7.pfb></usr/local/texlive/2014/texmf-dist/fonts/type1/public/amsfonts/cm/cmr10
.pfb></usr/local/texlive/2014/texmf-dist/fonts/type1/public/amsfonts/cm/cmr5.pf
b></usr/local/texlive/2014/texmf-dist/fonts/type1/public/amsfonts/cm/cmr7.pfb><
/usr/local/texlive/2014/texmf-dist/fonts/type1/public/amsfonts/cm/cmr8.pfb></us
r/local/texlive/2014/texmf-dist/fonts/type1/public/amsfonts/cm/cmr9.pfb></usr/l
ocal/texlive/2014/texmf-dist/fonts/type1/public/amsfonts/cm/cmss10.pfb></usr/lo
cal/texlive/2014/texmf-dist/fonts/type1/public/amsfonts/cm/cmss8.pfb></usr/loca
l/texlive/2014/texmf-dist/fonts/type1/public/amsfonts/cm/cmss9.pfb></usr/local/
texlive/2014/texmf-dist/fonts/type1/public/amsfonts/cm/cmssbx10.pfb></usr/local
/texlive/2014/texmf-dist/fonts/type1/public/amsfonts/cm/cmssi9.pfb></usr/local/
texlive/2014/texmf-dist/fonts/type1/public/amsfonts/cm/cmsy10.pfb></usr/local/t
exlive/2014/texmf-dist/fonts/type1/public/amsfonts/cm/cmsy5.pfb></usr/local/tex
live/2014/texmf-dist/fonts/type1/public/amsfonts/cm/cmsy7.pfb></usr/local/texli
ve/2014/texmf-dist/fonts/type1/public/amsfonts/cm/cmsy8.pfb></usr/local/texlive
/2014/texmf-dist/fonts/type1/public/amsfonts/cm/cmti10.pfb></usr/local/texlive/
2014/texmf-dist/fonts/type1/public/amsfonts/cm/cmti8.pfb></usr/local/texlive/20
14/texmf-dist/fonts/type1/public/amsfonts/cm/cmti9.pfb></usr/local/texlive/2014
/texmf-dist/fonts/type1/public/amsfonts/cm/cmtt8.pfb>
Output written on auto-nested-loop-acc.pdf (20 pages, 2104492 bytes).
PDF statistics:
 506 PDF objects out of 1000 (max. 8388607)
 0 named destinations out of 1000 (max. 500000)
 136 words of extra memory for PDF output out of 10000 (max. 10000000)

