This is pdfTeX, Version 3.1415926-1.40.10 (TeX Live 2009/Debian) (format=pdflatex 2013.9.7)  7 MAR 2015 19:38
entering extended mode
 %&-line parsing enabled.
**scgra-customization
(./scgra-customization.tex
LaTeX2e <2009/09/24>
Babel <v3.8l> and hyphenation patterns for english, usenglishmax, dumylang, noh
yphenation, farsi, arabic, croatian, bulgarian, ukrainian, russian, czech, slov
ak, danish, dutch, finnish, french, basque, ngerman, german, german-x-2009-06-1
9, ngerman-x-2009-06-19, ibycus, monogreek, greek, ancientgreek, hungarian, san
skrit, italian, latin, latvian, lithuanian, mongolian2a, mongolian, bokmal, nyn
orsk, romanian, irish, coptic, serbian, turkish, welsh, esperanto, uppersorbian
, estonian, indonesian, interlingua, icelandic, kurmanji, slovenian, polish, po
rtuguese, spanish, galician, catalan, swedish, ukenglish, pinyin, loaded.
(./acm_proc_article-sp.cls
(/usr/share/texmf-texlive/tex/latex/graphics/epsfig.sty
Package: epsfig 1999/02/16 v1.7a (e)psfig emulation (SPQR)

(/usr/share/texmf-texlive/tex/latex/graphics/graphicx.sty
Package: graphicx 1999/02/16 v1.0f Enhanced LaTeX Graphics (DPC,SPQR)

(/usr/share/texmf-texlive/tex/latex/graphics/keyval.sty
Package: keyval 1999/03/16 v1.13 key=value parser (DPC)
\KV@toks@=\toks14
)
(/usr/share/texmf-texlive/tex/latex/graphics/graphics.sty
Package: graphics 2009/02/05 v1.0o Standard LaTeX Graphics (DPC,SPQR)

(/usr/share/texmf-texlive/tex/latex/graphics/trig.sty
Package: trig 1999/03/16 v1.09 sin cos tan (DPC)
)
(/etc/texmf/tex/latex/config/graphics.cfg
File: graphics.cfg 2009/08/28 v1.8 graphics configuration of TeX Live
)
Package graphics Info: Driver file: pdftex.def on input line 91.

(/usr/share/texmf-texlive/tex/latex/pdftex-def/pdftex.def
File: pdftex.def 2010/03/12 v0.04p Graphics/color for pdfTeX
\Gread@gobject=\count79
))
\Gin@req@height=\dimen102
\Gin@req@width=\dimen103
)
\epsfxsize=\dimen104
\epsfysize=\dimen105
)
(/usr/share/texmf-texlive/tex/latex/amsfonts/amssymb.sty
Package: amssymb 2009/06/22 v3.00

(/usr/share/texmf-texlive/tex/latex/amsfonts/amsfonts.sty
Package: amsfonts 2009/06/22 v3.00 Basic AMSFonts support
\@emptytoks=\toks15
\symAMSa=\mathgroup4
\symAMSb=\mathgroup5
LaTeX Font Info:    Overwriting math alphabet `\mathfrak' in version `bold'
(Font)                  U/euf/m/n --> U/euf/b/n on input line 96.
))
(/usr/share/texmf-texlive/tex/latex/amsmath/amsmath.sty
Package: amsmath 2000/07/18 v2.13 AMS math features
\@mathmargin=\skip41

For additional information on amsmath, use the `?' option.
(/usr/share/texmf-texlive/tex/latex/amsmath/amstext.sty
Package: amstext 2000/06/29 v2.01

(/usr/share/texmf-texlive/tex/latex/amsmath/amsgen.sty
File: amsgen.sty 1999/11/30 v2.0
\@emptytoks=\toks16
\ex@=\dimen106
))
(/usr/share/texmf-texlive/tex/latex/amsmath/amsbsy.sty
Package: amsbsy 1999/11/29 v1.2d
\pmbraise@=\dimen107
)
(/usr/share/texmf-texlive/tex/latex/amsmath/amsopn.sty
Package: amsopn 1999/12/14 v2.01 operator names
)
\inf@bad=\count80
LaTeX Info: Redefining \frac on input line 211.
\uproot@=\count81
\leftroot@=\count82
LaTeX Info: Redefining \overline on input line 307.
\classnum@=\count83
\DOTSCASE@=\count84
LaTeX Info: Redefining \ldots on input line 379.
LaTeX Info: Redefining \dots on input line 382.
LaTeX Info: Redefining \cdots on input line 467.
\Mathstrutbox@=\box26
\strutbox@=\box27
\big@size=\dimen108
LaTeX Font Info:    Redeclaring font encoding OML on input line 567.
LaTeX Font Info:    Redeclaring font encoding OMS on input line 568.
\macc@depth=\count85
\c@MaxMatrixCols=\count86
\dotsspace@=\muskip10
\c@parentequation=\count87
\dspbrk@lvl=\count88
\tag@help=\toks17
\row@=\count89
\column@=\count90
\maxfields@=\count91
\andhelp@=\toks18
\eqnshift@=\dimen109
\alignsep@=\dimen110
\tagshift@=\dimen111
\tagwidth@=\dimen112
\totwidth@=\dimen113
\lineht@=\dimen114
\@envbody=\toks19
\multlinegap=\skip42
\multlinetaggap=\skip43
\mathdisplay@stack=\toks20
LaTeX Info: Redefining \[ on input line 2666.
LaTeX Info: Redefining \] on input line 2667.
)
Document Class 'acm_proc_article-sp' <22nd. April '09>. Modified by G.K.M. Tobi
n
Based in part upon document Style `acmconf' <22 May 89>. Hacked 4/91 by
shivers@cs.cmu.edu, 4/93 by theobald@cs.mcgill.ca
Excerpts were taken from (Journal Style) 'esub2acm.cls'.
****** Bugs/comments/suggestions to Gerry Murray -- murray@hq.acm.org ******
\footheight=\dimen115
\@maxsep=\dimen116
\@dblmaxsep=\dimen117
\aucount=\count92
\originalaucount=\count93
\auwidth=\dimen118
\auskip=\dimen119
\auskipcount=\count94
\auskip=\dimen120
\allauboxes=\dimen121
\addauthors=\toks21
\addauflag=\count95
\subtitletext=\toks22
\savesection=\count96
\sectioncntr=\count97
\c@figure=\count98
\c@table=\count99
\titleboxnotes=\toks23
\titleboxnoteflag=\count100
Document Class: acm_proc_article-sp 2009/04/22 - V3.2SP - based on esub2acm.sty
 <23 April 96>
(/usr/share/texmf-texlive/tex/latex/base/latexsym.sty
Package: latexsym 1998/08/17 v2.2e Standard LaTeX package (lasy symbols)
\symlasy=\mathgroup6
LaTeX Font Info:    Overwriting symbol font `lasy' in version `bold'
(Font)                  U/lasy/m/n --> U/lasy/b/n on input line 47.
)
\@acmtitlebox=\box28
\titlenotecount=\count101
\tntoks=\toks24
\tntokstwo=\toks25
\tntoksthree=\toks26
\tntoksfour=\toks27
\tntoksfive=\toks28
\catcount=\count102
\copyrightnotice=\toks29
\conf=\toks30
\confinfo=\toks31
\c@part=\count103
\c@section=\count104
\c@subsection=\count105
\c@subsubsection=\count106
\c@paragraph=\count107

Using 'Abbrev' bibliography style
LaTeX Info: Redefining \cite on input line 1236.
\bibindent=\dimen122
\colcntr=\count108
\saveb@x=\box29
\copyrtyr=\toks32
\acmcopyr=\toks33
\boilerplate=\toks34
\copyrightetc=\toks35
(/usr/share/texmf-texlive/tex/latex/base/fontenc.sty
Package: fontenc 2005/09/27 v1.99g Standard LaTeX package

(/usr/share/texmf-texlive/tex/latex/base/t1enc.def
File: t1enc.def 2005/09/27 v1.99g Standard LaTeX file
LaTeX Font Info:    Redeclaring font encoding T1 on input line 43.
)
LaTeX Font Info:    Try loading font information for T1+aer on input line 100.

(/usr/share/texmf-texlive/tex/latex/ae/t1aer.fd
File: t1aer.fd 1997/11/16 Font definitions for T1/aer.
)))
(/usr/share/texmf-texlive/tex/latex/multirow/multirow.sty
\bigstrutjot=\dimen123
)
(/usr/share/texmf-texlive/tex/latex/subfig/subfig.sty
Package: subfig 2005/06/28 ver: 1.3 subfig package

(/usr/share/texmf-texlive/tex/latex/caption/caption.sty
Package: caption 2009/10/09 v3.1k Customizing captions (AR)

(/usr/share/texmf-texlive/tex/latex/caption/caption3.sty
Package: caption3 2009/10/09 v3.1k caption3 kernel (AR)
\captionmargin=\dimen124
\captionmargin@=\dimen125
\captionwidth=\dimen126
\caption@indent=\dimen127
\caption@parindent=\dimen128
\caption@hangindent=\dimen129
\abovecaptionskip=\skip44
\belowcaptionskip=\skip45
Package caption Info: Unknown document class (or package),
(caption)             standard defaults will be used on input line 1068.
)

Package caption Warning: Unsupported document class (or package) detected,
(caption)                usage of the caption package is not recommended.
See the caption package documentation for explanation.

Package caption Info: \@makecaption = \long macro:#1#2-> \vskip \baselineskip \
setbox \@tempboxa \hbox {\textbf {#1: #2}} \ifdim \wd \@tempboxa >\hsize \textb
f {#1: #2}\par \else \hbox to\hsize {\hfil \box \@tempboxa \hfil }\par \fi .
\c@ContinuedFloat=\count109
)
\c@KVtest=\count110
\sf@farskip=\skip46
\sf@captopadj=\dimen130
\sf@capskip=\skip47
\sf@nearskip=\skip48
\c@subfigure=\count111
\c@subfigure@save=\count112
\c@lofdepth=\count113
\c@subtable=\count114
\c@subtable@save=\count115
\c@lotdepth=\count116
\sf@top=\skip49
\sf@bottom=\skip50
) (/usr/share/texmf-texlive/tex/latex/ltxmisc/dblfloatfix.sty
Package: dblfloatfix 2003/11/18 v1.0 (MH)

(/usr/share/texmf-texlive/tex/latex/base/fixltx2e.sty
Package: fixltx2e 2006/09/13 v1.1m fixes to LaTeX
LaTeX Info: Redefining \em on input line 420.
LaTeX Info: The control sequence `\[' is already robust on input line 471.
LaTeX Info: The control sequence `\]' is already robust on input line 472.
)
\@dblbotnum=\count117
\c@dblbotnumber=\count118
) (./algorithmic.sty
Package: algorithmic 2006/06/02

Document Style `algorithmic' - environment
(/usr/share/texmf-texlive/tex/latex/base/ifthen.sty
Package: ifthen 2001/05/26 v1.1c Standard LaTeX ifthen package (DPC)
)
(/usr/share/texmf-texlive/tex/latex/tools/calc.sty
Package: calc 2007/08/22 v4.3 Infix arithmetic (KKT,FJ)
\calc@Acount=\count119
\calc@Bcount=\count120
\calc@Adimen=\dimen131
\calc@Bdimen=\dimen132
\calc@Askip=\skip51
\calc@Bskip=\skip52
LaTeX Info: Redefining \setlength on input line 76.
LaTeX Info: Redefining \addtolength on input line 77.
\calc@Ccount=\count121
\calc@Cskip=\skip53
)
\c@ALC@line=\count122
\c@ALC@rem=\count123
\c@ALC@depth=\count124
\ALC@tlm=\skip54
\algorithmicindent=\skip55
)
(/usr/share/texmf-texlive/tex/latex/algorithms/algorithm.sty
Package: algorithm 2009/08/24 v0.1 Document Style `algorithm' - floating enviro
nment

(/usr/share/texmf-texlive/tex/latex/float/float.sty
Package: float 2001/11/08 v1.3d Float enhancements (AL)
\c@float@type=\count125
\float@exts=\toks36
\float@box=\box30
\@float@everytoks=\toks37
\@floatcapt=\box31
)
\@float@every@algorithm=\toks38
\c@algorithm=\count126
)
(/usr/share/texmf-texlive/tex/latex/tools/xspace.sty
Package: xspace 2006/05/08 v1.12 Space after command names (DPC,MH)
) (./url.sty
\Urlmuskip=\muskip11
Package: url 2006/04/12  ver 3.3  Verb mode for urls, etc.
)
(/usr/share/texmf-texlive/tex/latex/tools/bm.sty
Package: bm 2004/02/26 v1.1c Bold Symbol Support (DPC/FMi)
\symboldoperators=\mathgroup7
\symboldletters=\mathgroup8
\symboldsymbols=\mathgroup9
\symboldlasy=\mathgroup10
LaTeX Font Info:    Redeclaring math alphabet \mathbf on input line 138.
LaTeX Info: Redefining \bm on input line 204.
)
(/usr/share/texmf-texlive/tex/latex/etoolbox/etoolbox.sty
Package: etoolbox 2009/08/06 v1.8 e-TeX tools for LaTeX

(/usr/share/texmf-texlive/tex/latex/etex-pkg/etex.sty
Package: etex 1998/03/26 v2.0 eTeX basic definition package (PEB)
\et@xins=\count127
))
(./scgra-customization.aux)
\openout1 = `scgra-customization.aux'.

LaTeX Font Info:    Checking defaults for OML/cmm/m/it on input line 38.
LaTeX Font Info:    ... okay on input line 38.
LaTeX Font Info:    Checking defaults for T1/cmr/m/n on input line 38.
LaTeX Font Info:    ... okay on input line 38.
LaTeX Font Info:    Checking defaults for OT1/cmr/m/n on input line 38.
LaTeX Font Info:    ... okay on input line 38.
LaTeX Font Info:    Checking defaults for OMS/cmsy/m/n on input line 38.
LaTeX Font Info:    ... okay on input line 38.
LaTeX Font Info:    Checking defaults for OMX/cmex/m/n on input line 38.
LaTeX Font Info:    ... okay on input line 38.
LaTeX Font Info:    Checking defaults for U/cmr/m/n on input line 38.
LaTeX Font Info:    ... okay on input line 38.

(/usr/share/texmf-texlive/tex/context/base/supp-pdf.mkii
[Loading MPS to PDF converter (version 2006.09.02).]
\scratchcounter=\count128
\scratchdimen=\dimen133
\scratchbox=\box32
\nofMPsegments=\count129
\nofMParguments=\count130
\everyMPshowfont=\toks39
\MPscratchCnt=\count131
\MPscratchDim=\dimen134
\MPnumerator=\count132
\everyMPtoPDFconversion=\toks40
)
Package caption Info: Begin \AtBeginDocument code.
Package caption3 Info: subfig package 1.2 or 1.3 is loaded.
LaTeX Info: Redefining \subref on input line 38.
Package caption Info: float package is loaded.
Package caption Info: End \AtBeginDocument code.
LaTeX Font Info:    Try loading font information for U+msa on input line 63.
 (/usr/share/texmf-texlive/tex/latex/amsfonts/umsa.fd
File: umsa.fd 2009/06/22 v3.00 AMS symbols A
)
LaTeX Font Info:    Try loading font information for U+msb on input line 63.

(/usr/share/texmf-texlive/tex/latex/amsfonts/umsb.fd
File: umsb.fd 2009/06/22 v3.00 AMS symbols B
)
LaTeX Font Info:    Try loading font information for U+lasy on input line 63.

(/usr/share/texmf-texlive/tex/latex/base/ulasy.fd
File: ulasy.fd 1998/08/17 v2.2e LaTeX symbol font definitions
)
LaTeX Font Info:    Font shape `U/lasy/b/n' in size <9> not available
(Font)              Font shape `U/lasy/m/n' tried instead on input line 63.
LaTeX Font Info:    Font shape `U/lasy/b/n' in size <6> not available
(Font)              Font shape `U/lasy/m/n' tried instead on input line 63.
LaTeX Font Info:    Font shape `U/lasy/b/n' in size <5> not available
(Font)              Font shape `U/lasy/m/n' tried instead on input line 63.
 (./abstract.tex)
(./introduction.tex
Overfull \hbox (2.78706pt too wide) in paragraph at lines 24--25
\T1/aer/m/n/9 pro-posed DSE achieves sim-i-lar re-sults as an ex-haus-tive sear
ch
 []

) (./background.tex
Underfull \vbox (badness 7667) has occurred while \output is active []

 [1{/var/lib/texmf/fonts/map/pdftex/updmap/pdftex.map}


]

pdfTeX warning: pdflatex (file ./figures/framework.pdf): PDF inclusion: found P
DF version <1.5>, but at most version <1.4> allowed
<./figures/framework.pdf, id=8, 340.27126pt x 299.1175pt>
File: ./figures/framework.pdf Graphic file (type pdf)

<use ./figures/framework.pdf>

pdfTeX warning: pdflatex (file ./figures/scgra-accelerator.pdf): PDF inclusion:
 found PDF version <1.5>, but at most version <1.4> allowed
<./figures/scgra-accelerator.pdf, id=10, 114.4275pt x 68.255pt>
File: ./figures/scgra-accelerator.pdf Graphic file (type pdf)

<use ./figures/scgra-accelerator.pdf>
<./figures/scgrasize-perf.pdf, id=12, 369.38pt x 455.7025pt>
File: ./figures/scgrasize-perf.pdf Graphic file (type pdf)

<use ./figures/scgrasize-perf.pdf>
<./figures/unrolling-perf.pdf, id=13, 383.4325pt x 454.69875pt>
File: ./figures/unrolling-perf.pdf Graphic file (type pdf)

<use ./figures/unrolling-perf.pdf>
Overfull \hbox (3.03635pt too wide) in paragraph at lines 72--78
[][][] 
 []


Overfull \hbox (14.31877pt too wide) in paragraph at lines 92--98
[][]
 []


Underfull \hbox (badness 10000) in paragraph at lines 92--98

 []

<./figures/scgrasize-impl.pdf, id=14, 457.71pt x 256.96pt>
File: ./figures/scgrasize-impl.pdf Graphic file (type pdf)

<use ./figures/scgrasize-impl.pdf>
<./figures/scgrasize-power.pdf, id=15, 373.395pt x 232.87pt>
File: ./figures/scgrasize-power.pdf Graphic file (type pdf)

<use ./figures/scgrasize-power.pdf> [2 <./figures/framework.pdf> <./figures/scg
ra-accelerator.pdf> <./figures/scgrasize-perf.pdf> <./figures/unrolling-perf.pd
f>]) (./framework.tex
Overfull \hbox (1.41092pt too wide) in paragraph at lines 12--18
\T1/aer/m/n/9 per-for-mance rev-enue aware DSE, SC-GRA over-lay cus-tomiza-
 []



pdfTeX warning: pdflatex (file ./figures/customization-framework.pdf): PDF incl
usion: found PDF version <1.5>, but at most version <1.4> allowed
<./figures/customization-framework.pdf, id=60, 431.6125pt x 411.5375pt>
File: ./figures/customization-framework.pdf Graphic file (type pdf)

<use ./figures/customization-framework.pdf>
Overfull \hbox (9.73387pt too wide) in paragraph at lines 55--67
\T1/aer/m/n/9 where $\OML/cmm/m/it/9 R[]$ \T1/aer/m/n/9 stands for the max-i-mu
m No. of pos-si-ble $\OML/cmm/m/it/9 C[]$\T1/aer/m/n/9 . $\OML/cmm/b/it/9 C\OT1
/cmr/m/n/9 (\OML/cmm/m/it/9 i; j\OT1/cmr/m/n/9 ) =
 []


Underfull \vbox (badness 10000) has occurred while \output is active []

 [3 <./figures/scgrasize-impl.pdf> <./figures/scgrasize-power.pdf> <./figures/c
ustomization-framework.pdf>]
Overfull \hbox (15.63388pt too wide) in paragraph at lines 131--143
\T1/aer/m/n/9 the nested loop con-tains $\OML/cmm/m/it/9 GroupPerLoop$ \T1/aer/
m/n/9 groups. $\OML/cmm/m/it/9 DFGExeTime$
 []

) (./experiments.tex
Overfull \hbox (7.63474pt too wide) in paragraph at lines 9--18
[][]
 []


Underfull \hbox (badness 10000) in paragraph at lines 9--18

 []

[4] <./figures/mm-overhead-perf.pdf, id=103, 457.71pt x 551.05875pt>
File: ./figures/mm-overhead-perf.pdf Graphic file (type pdf)

<use ./figures/mm-overhead-perf.pdf>
<./figures/fir-overhead-perf.pdf, id=104, 457.71pt x 550.055pt>
File: ./figures/fir-overhead-perf.pdf Graphic file (type pdf)

<use ./figures/fir-overhead-perf.pdf>
<./figures/sobel-overhead-perf.pdf, id=105, 457.71pt x 550.055pt>
File: ./figures/sobel-overhead-perf.pdf Graphic file (type pdf)

<use ./figures/sobel-overhead-perf.pdf>
<./figures/kmean-overhead-perf.pdf, id=106, 456.70625pt x 554.07pt>
File: ./figures/kmean-overhead-perf.pdf Graphic file (type pdf)

<use ./figures/kmean-overhead-perf.pdf>
Underfull \hbox (badness 10000) in paragraph at lines 70--81
[][][]
 []

<./figures/mm-energy-perf.pdf, id=107, 456.70625pt x 554.07pt>
File: ./figures/mm-energy-perf.pdf Graphic file (type pdf)

<use ./figures/mm-energy-perf.pdf>
<./figures/fir-energy-perf.pdf, id=108, 422.57875pt x 558.085pt>
File: ./figures/fir-energy-perf.pdf Graphic file (type pdf)

<use ./figures/fir-energy-perf.pdf>
<./figures/sobel-energy-perf.pdf, id=109, 375.4025pt x 458.71375pt>
File: ./figures/sobel-energy-perf.pdf Graphic file (type pdf)

<use ./figures/sobel-energy-perf.pdf>
<./figures/kmean-energy-perf.pdf, id=110, 375.4025pt x 458.71375pt>
File: ./figures/kmean-energy-perf.pdf Graphic file (type pdf)

<use ./figures/kmean-energy-perf.pdf>
Underfull \hbox (badness 10000) in paragraph at lines 88--99
[][][]
 []


Overfull \hbox (4.73901pt too wide) in paragraph at lines 125--131
\T1/aer/m/n/9 performance-overhead, performance-energy and performance-
 []

[5 <./figures/mm-overhead-perf.pdf> <./figures/fir-overhead-perf.pdf> <./figure
s/sobel-overhead-perf.pdf> <./figures/kmean-overhead-perf.pdf> <./figures/mm-en
ergy-perf.pdf> <./figures/fir-energy-perf.pdf> <./figures/sobel-energy-perf.pdf
> <./figures/kmean-energy-perf.pdf>]
<./figures/mm-EDP-perf.pdf, id=178, 457.71pt x 554.07pt>
File: ./figures/mm-EDP-perf.pdf Graphic file (type pdf)

<use ./figures/mm-EDP-perf.pdf>
<./figures/fir-EDP-perf.pdf, id=179, 352.31625pt x 458.71375pt>
File: ./figures/fir-EDP-perf.pdf Graphic file (type pdf)

<use ./figures/fir-EDP-perf.pdf>
<./figures/sobel-EDP-perf.pdf, id=180, 357.335pt x 458.71375pt>
File: ./figures/sobel-EDP-perf.pdf Graphic file (type pdf)

<use ./figures/sobel-EDP-perf.pdf>
<./figures/kmean-EDP-perf.pdf, id=181, 357.335pt x 458.71375pt>
File: ./figures/kmean-EDP-perf.pdf Graphic file (type pdf)

<use ./figures/kmean-EDP-perf.pdf>
Underfull \hbox (badness 10000) in paragraph at lines 148--159
[][][]
 []

) (./relatedwork.tex) (./conclusion.tex) (./scgra-customization.bbl
LaTeX Font Info:    Try loading font information for T1+aett on input line 12.

(/usr/share/texmf-texlive/tex/latex/ae/t1aett.fd
File: t1aett.fd 1997/11/16 Font definitions for T1/aett.
) [6 <./figures/mm-EDP-perf.pdf> <./figures/fir-EDP-perf.pdf> <./figures/sobel-
EDP-perf.pdf> <./figures/kmean-EDP-perf.pdf>]
Underfull \vbox (badness 10000) has occurred while \output is active []

) [7]
(./scgra-customization.aux) ) 
Here is how much of TeX's memory you used:
 4321 strings out of 493848
 59025 string characters out of 1152824
 128636 words of memory out of 3000000
 7462 multiletter control sequences out of 15000+50000
 49085 words of font info for 73 fonts, out of 3000000 for 9000
 714 hyphenation exceptions out of 8191
 44i,15n,45p,885b,847s stack positions out of 5000i,500n,10000p,200000b,50000s
{/usr/share/texmf-texlive/fonts/enc/dvips/base/8r.
enc}</usr/share/texmf-texlive/fonts/type1/public/amsfonts/cm/cmbx9.pfb></usr/sh
are/texmf-texlive/fonts/type1/public/amsfonts/cm/cmmi5.pfb></usr/share/texmf-te
xlive/fonts/type1/public/amsfonts/cm/cmmi6.pfb></usr/share/texmf-texlive/fonts/
type1/public/amsfonts/cm/cmmi9.pfb></usr/share/texmf-texlive/fonts/type1/public
/amsfonts/cmextra/cmmib9.pfb></usr/share/texmf-texlive/fonts/type1/public/amsfo
nts/cm/cmr6.pfb></usr/share/texmf-texlive/fonts/type1/public/amsfonts/cm/cmr9.p
fb></usr/share/texmf-texlive/fonts/type1/public/amsfonts/cm/cmsy9.pfb></usr/sha
re/texmf-texlive/fonts/type1/public/amsfonts/cm/cmti9.pfb></usr/share/texmf-tex
live/fonts/type1/public/amsfonts/cm/cmtt9.pfb></usr/share/texmf-texlive/fonts/t
ype1/urw/helvetic/uhvb8a.pfb></usr/share/texmf-texlive/fonts/type1/urw/times/ut
mb8a.pfb></usr/share/texmf-texlive/fonts/type1/urw/times/utmri8a.pfb>
Output written on scgra-customization.pdf (7 pages, 1874953 bytes).
PDF statistics:
 265 PDF objects out of 1000 (max. 8388607)
 0 named destinations out of 1000 (max. 500000)
 96 words of extra memory for PDF output out of 10000 (max. 10000000)

