This is pdfTeX, Version 3.14159265-2.6-1.40.15 (TeX Live 2014) (preloaded format=pdflatex 2015.3.25)  17 APR 2015 22:12
entering extended mode
 restricted \write18 enabled.
 %&-line parsing enabled.
**auto-nested-loop-acc
(./auto-nested-loop-acc.tex
LaTeX2e <2014/05/01>
Babel <3.9l> and hyphenation patterns for 79 languages loaded.
(./acm_proc_article-sp.cls
(/usr/local/texlive/2014/texmf-dist/tex/latex/graphics/epsfig.sty
Package: epsfig 1999/02/16 v1.7a (e)psfig emulation (SPQR)

(/usr/local/texlive/2014/texmf-dist/tex/latex/graphics/graphicx.sty
Package: graphicx 2014/10/28 v1.0g Enhanced LaTeX Graphics (DPC,SPQR)

(/usr/local/texlive/2014/texmf-dist/tex/latex/graphics/keyval.sty
Package: keyval 2014/10/28 v1.15 key=value parser (DPC)
\KV@toks@=\toks14
)
(/usr/local/texlive/2014/texmf-dist/tex/latex/graphics/graphics.sty
Package: graphics 2014/10/28 v1.0p Standard LaTeX Graphics (DPC,SPQR)

(/usr/local/texlive/2014/texmf-dist/tex/latex/graphics/trig.sty
Package: trig 1999/03/16 v1.09 sin cos tan (DPC)
)
(/usr/local/texlive/2014/texmf-dist/tex/latex/latexconfig/graphics.cfg
File: graphics.cfg 2010/04/23 v1.9 graphics configuration of TeX Live
)
Package graphics Info: Driver file: pdftex.def on input line 91.

(/usr/local/texlive/2014/texmf-dist/tex/latex/pdftex-def/pdftex.def
File: pdftex.def 2011/05/27 v0.06d Graphics/color for pdfTeX

(/usr/local/texlive/2014/texmf-dist/tex/generic/oberdiek/infwarerr.sty
Package: infwarerr 2010/04/08 v1.3 Providing info/warning/error messages (HO)
)
(/usr/local/texlive/2014/texmf-dist/tex/generic/oberdiek/ltxcmds.sty
Package: ltxcmds 2011/11/09 v1.22 LaTeX kernel commands for general use (HO)
)
\Gread@gobject=\count79
))
\Gin@req@height=\dimen102
\Gin@req@width=\dimen103
)
\epsfxsize=\dimen104
\epsfysize=\dimen105
)
(/usr/local/texlive/2014/texmf-dist/tex/latex/amsfonts/amssymb.sty
Package: amssymb 2013/01/14 v3.01 AMS font symbols

(/usr/local/texlive/2014/texmf-dist/tex/latex/amsfonts/amsfonts.sty
Package: amsfonts 2013/01/14 v3.01 Basic AMSFonts support
\@emptytoks=\toks15
\symAMSa=\mathgroup4
\symAMSb=\mathgroup5
LaTeX Font Info:    Overwriting math alphabet `\mathfrak' in version `bold'
(Font)                  U/euf/m/n --> U/euf/b/n on input line 106.
))
(/usr/local/texlive/2014/texmf-dist/tex/latex/amsmath/amsmath.sty
Package: amsmath 2013/01/14 v2.14 AMS math features
\@mathmargin=\skip41

For additional information on amsmath, use the `?' option.
(/usr/local/texlive/2014/texmf-dist/tex/latex/amsmath/amstext.sty
Package: amstext 2000/06/29 v2.01

(/usr/local/texlive/2014/texmf-dist/tex/latex/amsmath/amsgen.sty
File: amsgen.sty 1999/11/30 v2.0
\@emptytoks=\toks16
\ex@=\dimen106
))
(/usr/local/texlive/2014/texmf-dist/tex/latex/amsmath/amsbsy.sty
Package: amsbsy 1999/11/29 v1.2d
\pmbraise@=\dimen107
)
(/usr/local/texlive/2014/texmf-dist/tex/latex/amsmath/amsopn.sty
Package: amsopn 1999/12/14 v2.01 operator names
)
\inf@bad=\count80
LaTeX Info: Redefining \frac on input line 210.
\uproot@=\count81
\leftroot@=\count82
LaTeX Info: Redefining \overline on input line 306.
\classnum@=\count83
\DOTSCASE@=\count84
LaTeX Info: Redefining \ldots on input line 378.
LaTeX Info: Redefining \dots on input line 381.
LaTeX Info: Redefining \cdots on input line 466.
\Mathstrutbox@=\box26
\strutbox@=\box27
\big@size=\dimen108
LaTeX Font Info:    Redeclaring font encoding OML on input line 566.
LaTeX Font Info:    Redeclaring font encoding OMS on input line 567.
\macc@depth=\count85
\c@MaxMatrixCols=\count86
\dotsspace@=\muskip10
\c@parentequation=\count87
\dspbrk@lvl=\count88
\tag@help=\toks17
\row@=\count89
\column@=\count90
\maxfields@=\count91
\andhelp@=\toks18
\eqnshift@=\dimen109
\alignsep@=\dimen110
\tagshift@=\dimen111
\tagwidth@=\dimen112
\totwidth@=\dimen113
\lineht@=\dimen114
\@envbody=\toks19
\multlinegap=\skip42
\multlinetaggap=\skip43
\mathdisplay@stack=\toks20
LaTeX Info: Redefining \[ on input line 2665.
LaTeX Info: Redefining \] on input line 2666.
)
Document Class 'acm_proc_article-sp' <22nd. April '09>. Modified by G.K.M. Tobi
n
Based in part upon document Style `acmconf' <22 May 89>. Hacked 4/91 by
shivers@cs.cmu.edu, 4/93 by theobald@cs.mcgill.ca
Excerpts were taken from (Journal Style) 'esub2acm.cls'.
****** Bugs/comments/suggestions to Gerry Murray -- murray@hq.acm.org ******
\footheight=\dimen115
\@maxsep=\dimen116
\@dblmaxsep=\dimen117
\aucount=\count92
\originalaucount=\count93
\auwidth=\dimen118
\auskip=\dimen119
\auskipcount=\count94
\auskip=\dimen120
\allauboxes=\dimen121
\addauthors=\toks21
\addauflag=\count95
\subtitletext=\toks22
\savesection=\count96
\sectioncntr=\count97
\c@figure=\count98
\c@table=\count99
\titleboxnotes=\toks23
\titleboxnoteflag=\count100
Document Class: acm_proc_article-sp 2009/04/22 - V3.2SP - based on esub2acm.sty
 <23 April 96>
(/usr/local/texlive/2014/texmf-dist/tex/latex/base/latexsym.sty
Package: latexsym 1998/08/17 v2.2e Standard LaTeX package (lasy symbols)
\symlasy=\mathgroup6
LaTeX Font Info:    Overwriting symbol font `lasy' in version `bold'
(Font)                  U/lasy/m/n --> U/lasy/b/n on input line 47.
)
\@acmtitlebox=\box28
\titlenotecount=\count101
\tntoks=\toks24
\tntokstwo=\toks25
\tntoksthree=\toks26
\tntoksfour=\toks27
\tntoksfive=\toks28
\catcount=\count102
\copyrightnotice=\toks29
\conf=\toks30
\confinfo=\toks31
\c@part=\count103
\c@section=\count104
\c@subsection=\count105
\c@subsubsection=\count106
\c@paragraph=\count107

Using 'Abbrev' bibliography style
LaTeX Info: Redefining \cite on input line 1236.
\bibindent=\dimen122
\colcntr=\count108
\saveb@x=\box29
\copyrtyr=\toks32
\acmcopyr=\toks33
\boilerplate=\toks34
\copyrightetc=\toks35
(/usr/local/texlive/2014/texmf-dist/tex/latex/base/fontenc.sty
Package: fontenc 2005/09/27 v1.99g Standard LaTeX package

(/usr/local/texlive/2014/texmf-dist/tex/latex/base/t1enc.def
File: t1enc.def 2005/09/27 v1.99g Standard LaTeX file
LaTeX Font Info:    Redeclaring font encoding T1 on input line 43.
)
LaTeX Font Info:    Try loading font information for T1+aer on input line 100.

(/usr/local/texlive/2014/texmf-dist/tex/latex/ae/t1aer.fd
File: t1aer.fd 1997/11/16 Font definitions for T1/aer.
)))
(/usr/local/texlive/2014/texmf-dist/tex/latex/multirow/multirow.sty
\bigstrutjot=\dimen123
)
(/usr/local/texlive/2014/texmf-dist/tex/latex/subfig/subfig.sty
Package: subfig 2005/06/28 ver: 1.3 subfig package

(/usr/local/texlive/2014/texmf-dist/tex/latex/caption/caption.sty
Package: caption 2013/05/02 v3.3-89 Customizing captions (AR)

(/usr/local/texlive/2014/texmf-dist/tex/latex/caption/caption3.sty
Package: caption3 2013/05/02 v1.6-88 caption3 kernel (AR)
Package caption3 Info: TeX engine: e-TeX on input line 57.
\captionmargin=\dimen124
\captionmargin@=\dimen125
\captionwidth=\dimen126
\caption@tempdima=\dimen127
\caption@indent=\dimen128
\caption@parindent=\dimen129
\caption@hangindent=\dimen130
\abovecaptionskip=\skip44
\belowcaptionskip=\skip45
Package caption Info: Unknown document class (or package),
(caption)             standard defaults will be used.
)

Package caption Warning: Unsupported document class (or package) detected,
(caption)                usage of the caption package is not recommended.
See the caption package documentation for explanation.

Package caption Info: \@makecaption = \long macro:#1#2-> \vskip \baselineskip \
setbox \@tempboxa \hbox {\textbf {#1: #2}} \ifdim \wd \@tempboxa >\hsize \textb
f {#1: #2}\par \else \hbox to\hsize {\hfil \box \@tempboxa \hfil }\par \fi .
\c@ContinuedFloat=\count109
)
\c@KVtest=\count110
\sf@farskip=\skip46
\sf@captopadj=\dimen131
\sf@capskip=\skip47
\sf@nearskip=\skip48
\c@subfigure=\count111
\c@subfigure@save=\count112
\c@lofdepth=\count113
\c@subtable=\count114
\c@subtable@save=\count115
\c@lotdepth=\count116
\sf@top=\skip49
\sf@bottom=\skip50
) (/usr/local/texlive/2014/texmf-dist/tex/latex/dblfloatfix/dblfloatfix.sty
Package: dblfloatfix 2012/12/31 v1.0a (JAW)

(/usr/local/texlive/2014/texmf-dist/tex/latex/base/fixltx2e.sty
Package: fixltx2e 2014/09/29 v1.1s fixes to LaTeX
LaTeX Info: Redefining \em on input line 430.
LaTeX Info: The control sequence `\[' is already robust on input line 481.
LaTeX Info: The control sequence `\]' is already robust on input line 482.
)
\@dblbotnum=\count117
\c@dblbotnumber=\count118
)
(./algorithmic.sty
Package: algorithmic 2006/06/02

Document Style `algorithmic' - environment
(/usr/local/texlive/2014/texmf-dist/tex/latex/base/ifthen.sty
Package: ifthen 2014/09/29 v1.1c Standard LaTeX ifthen package (DPC)
)
(/usr/local/texlive/2014/texmf-dist/tex/latex/tools/calc.sty
Package: calc 2014/10/28 v4.3 Infix arithmetic (KKT,FJ)
\calc@Acount=\count119
\calc@Bcount=\count120
\calc@Adimen=\dimen132
\calc@Bdimen=\dimen133
\calc@Askip=\skip51
\calc@Bskip=\skip52
LaTeX Info: Redefining \setlength on input line 75.
LaTeX Info: Redefining \addtolength on input line 76.
\calc@Ccount=\count121
\calc@Cskip=\skip53
)
\c@ALC@line=\count122
\c@ALC@rem=\count123
\c@ALC@depth=\count124
\ALC@tlm=\skip54
\algorithmicindent=\skip55
)
(/usr/local/texlive/2014/texmf-dist/tex/latex/algorithms/algorithm.sty
Package: algorithm 2009/08/24 v0.1 Document Style `algorithm' - floating enviro
nment

(/usr/local/texlive/2014/texmf-dist/tex/latex/float/float.sty
Package: float 2001/11/08 v1.3d Float enhancements (AL)
\c@float@type=\count125
\float@exts=\toks36
\float@box=\box30
\@float@everytoks=\toks37
\@floatcapt=\box31
)
\@float@every@algorithm=\toks38
\c@algorithm=\count126
)
(/usr/local/texlive/2014/texmf-dist/tex/latex/tools/xspace.sty
Package: xspace 2014/10/28 v1.13 Space after command names (DPC,MH)
) (./url.sty
\Urlmuskip=\muskip11
Package: url 2006/04/12  ver 3.3  Verb mode for urls, etc.
)
(/usr/local/texlive/2014/texmf-dist/tex/latex/tools/bm.sty
Package: bm 2014/10/28 v1.1c Bold Symbol Support (DPC/FMi)
\symboldoperators=\mathgroup7
\symboldletters=\mathgroup8
\symboldsymbols=\mathgroup9
\symboldlasy=\mathgroup10
LaTeX Font Info:    Redeclaring math alphabet \mathbf on input line 137.
LaTeX Info: Redefining \bm on input line 203.
)
(/usr/local/texlive/2014/texmf-dist/tex/latex/threeparttable/threeparttable.sty
Package: threeparttable 2003/06/13  v 3.0
\@tempboxb=\box32
) (/usr/local/texlive/2014/texmf-dist/tex/latex/enumitem/enumitem.sty
Package: enumitem 2011/09/28 v3.5.2 Customized lists
\labelindent=\skip56
\enit@outerparindent=\dimen134
\enit@toks=\toks39
\enit@inbox=\box33
\enitdp@description=\count127
)
(/usr/local/texlive/2014/texmf-dist/tex/latex/etoolbox/etoolbox.sty
Package: etoolbox 2015/03/19 v2.1d e-TeX tools for LaTeX (JAW)

(/usr/local/texlive/2014/texmf-dist/tex/latex/etex-pkg/etex.sty
Package: etex 2015/03/02 v2.1 eTeX basic definition package (PEB,DPC)
\et@xins=\count128
)
\etb@tempcnta=\count129
)
(./auto-nested-loop-acc.aux)
\openout1 = `auto-nested-loop-acc.aux'.

LaTeX Font Info:    Checking defaults for OML/cmm/m/it on input line 42.
LaTeX Font Info:    ... okay on input line 42.
LaTeX Font Info:    Checking defaults for T1/cmr/m/n on input line 42.
LaTeX Font Info:    ... okay on input line 42.
LaTeX Font Info:    Checking defaults for OT1/cmr/m/n on input line 42.
LaTeX Font Info:    ... okay on input line 42.
LaTeX Font Info:    Checking defaults for OMS/cmsy/m/n on input line 42.
LaTeX Font Info:    ... okay on input line 42.
LaTeX Font Info:    Checking defaults for OMX/cmex/m/n on input line 42.
LaTeX Font Info:    ... okay on input line 42.
LaTeX Font Info:    Checking defaults for U/cmr/m/n on input line 42.
LaTeX Font Info:    ... okay on input line 42.

(/usr/local/texlive/2014/texmf-dist/tex/context/base/supp-pdf.mkii
[Loading MPS to PDF converter (version 2006.09.02).]
\scratchcounter=\count130
\scratchdimen=\dimen135
\scratchbox=\box34
\nofMPsegments=\count131
\nofMParguments=\count132
\everyMPshowfont=\toks40
\MPscratchCnt=\count133
\MPscratchDim=\dimen136
\MPnumerator=\count134
\makeMPintoPDFobject=\count135
\everyMPtoPDFconversion=\toks41
) (/usr/local/texlive/2014/texmf-dist/tex/generic/oberdiek/pdftexcmds.sty
Package: pdftexcmds 2011/11/29 v0.20 Utility functions of pdfTeX for LuaTeX (HO
)

(/usr/local/texlive/2014/texmf-dist/tex/generic/oberdiek/ifluatex.sty
Package: ifluatex 2010/03/01 v1.3 Provides the ifluatex switch (HO)
Package ifluatex Info: LuaTeX not detected.
)
(/usr/local/texlive/2014/texmf-dist/tex/generic/oberdiek/ifpdf.sty
Package: ifpdf 2011/01/30 v2.3 Provides the ifpdf switch (HO)
Package ifpdf Info: pdfTeX in PDF mode is detected.
)
Package pdftexcmds Info: LuaTeX not detected.
Package pdftexcmds Info: \pdf@primitive is available.
Package pdftexcmds Info: \pdf@ifprimitive is available.
Package pdftexcmds Info: \pdfdraftmode found.
)
(/usr/local/texlive/2014/texmf-dist/tex/latex/oberdiek/epstopdf-base.sty
Package: epstopdf-base 2010/02/09 v2.5 Base part for package epstopdf

(/usr/local/texlive/2014/texmf-dist/tex/latex/oberdiek/grfext.sty
Package: grfext 2010/08/19 v1.1 Manage graphics extensions (HO)

(/usr/local/texlive/2014/texmf-dist/tex/generic/oberdiek/kvdefinekeys.sty
Package: kvdefinekeys 2011/04/07 v1.3 Define keys (HO)
))
(/usr/local/texlive/2014/texmf-dist/tex/latex/oberdiek/kvoptions.sty
Package: kvoptions 2011/06/30 v3.11 Key value format for package options (HO)

(/usr/local/texlive/2014/texmf-dist/tex/generic/oberdiek/kvsetkeys.sty
Package: kvsetkeys 2012/04/25 v1.16 Key value parser (HO)

(/usr/local/texlive/2014/texmf-dist/tex/generic/oberdiek/etexcmds.sty
Package: etexcmds 2011/02/16 v1.5 Avoid name clashes with e-TeX commands (HO)
Package etexcmds Info: Could not find \expanded.
(etexcmds)             That can mean that you are not using pdfTeX 1.50 or
(etexcmds)             that some package has redefined \expanded.
(etexcmds)             In the latter case, load this package earlier.
)))
Package grfext Info: Graphics extension search list:
(grfext)             [.png,.pdf,.jpg,.mps,.jpeg,.jbig2,.jb2,.PNG,.PDF,.JPG,.JPE
G,.JBIG2,.JB2,.eps]
(grfext)             \AppendGraphicsExtensions on input line 452.

(/usr/local/texlive/2014/texmf-dist/tex/latex/latexconfig/epstopdf-sys.cfg
File: epstopdf-sys.cfg 2010/07/13 v1.3 Configuration of (r)epstopdf for TeX Liv
e
))
Package caption Info: Begin \AtBeginDocument code.
Package caption Info: subfig package v1.3 is loaded.
Package caption Info: float package is loaded.
Package caption Info: threeparttable package is loaded.
Package caption Info: End \AtBeginDocument code.
LaTeX Font Info:    Try loading font information for U+msa on input line 54.

(/usr/local/texlive/2014/texmf-dist/tex/latex/amsfonts/umsa.fd
File: umsa.fd 2013/01/14 v3.01 AMS symbols A
)
LaTeX Font Info:    Try loading font information for U+msb on input line 54.

(/usr/local/texlive/2014/texmf-dist/tex/latex/amsfonts/umsb.fd
File: umsb.fd 2013/01/14 v3.01 AMS symbols B
)
LaTeX Font Info:    Try loading font information for U+lasy on input line 54.

(/usr/local/texlive/2014/texmf-dist/tex/latex/base/ulasy.fd
File: ulasy.fd 1998/08/17 v2.2e LaTeX symbol font definitions
)
LaTeX Font Info:    Font shape `U/lasy/b/n' in size <9> not available
(Font)              Font shape `U/lasy/m/n' tried instead on input line 54.
LaTeX Font Info:    Font shape `U/lasy/b/n' in size <6> not available
(Font)              Font shape `U/lasy/m/n' tried instead on input line 54.
LaTeX Font Info:    Font shape `U/lasy/b/n' in size <5> not available
(Font)              Font shape `U/lasy/m/n' tried instead on input line 54.

Overfull \hbox (10.79999pt too wide) in paragraph at lines 54--54
 [][][] 
 []

(./abstract.tex) (./introduction.tex
Overfull \hbox (2.57928pt too wide) in paragraph at lines 49--61
\T1/aer/m/n/9 ap-pli-ca-tion. As a re-sult, the over-all de-sign au-toma-tion f
rame-
 []


Underfull \vbox (badness 10000) has occurred while \output is active []

 [1{/usr/local/texlive/2014/texmf-var/fonts/map/pdftex/updmap/pdftex.map}


])
(./relatedwork.tex
Overfull \hbox (1.68057pt too wide) in paragraph at lines 69--77
\T1/aer/m/n/9 ar-ray struc-ture and schedul-ing al-go-rithm with ASIC CGRAs.
 []

) (./acc-framework.tex [2]
Overfull \hbox (5.90015pt too wide) in paragraph at lines 1--1
[]\secfnt AUTOMATIC NESTED LOOP AC-CEL-ER-
 []

<./figures/auto-acc-framework.pdf, id=14, 287.0725pt x 406.51875pt>
File: ./figures/auto-acc-framework.pdf Graphic file (type pdf)

<use ./figures/auto-acc-framework.pdf>
Package pdftex.def Info: ./figures/auto-acc-framework.pdf used on input line 22
.
(pdftex.def)             Requested size: 132.00073pt x 186.92645pt.

<./figures/scgra-accelerator.pdf, id=15, 114.4275pt x 68.255pt>
File: ./figures/scgra-accelerator.pdf Graphic file (type pdf)

<use ./figures/scgra-accelerator.pdf>
Package pdftex.def Info: ./figures/scgra-accelerator.pdf used on input line 40.

(pdftex.def)             Requested size: 192.00073pt x 114.53116pt.

Overfull \hbox (6.29741pt too wide) in paragraph at lines 45--45
[]\secfnt Loop Ex-e-cu-tion On SC-GRA Over-lay Based
 []

<./figures/group-dfg.pdf, id=16, 278.03876pt x 260.975pt>
File: ./figures/group-dfg.pdf Graphic file (type pdf)

<use ./figures/group-dfg.pdf>
Package pdftex.def Info: ./figures/group-dfg.pdf used on input line 61.
(pdftex.def)             Requested size: 192.00073pt x 180.22028pt.

Overfull \hbox (1.58162pt too wide) in paragraph at lines 69--69
[]\secfnt SCGRA Over-lay Com-pi-la-tion Frame-work 
 []

<./figures/detailed-compilation.pdf, id=17, 523.9575pt x 421.575pt>
File: ./figures/detailed-compilation.pdf Graphic file (type pdf)

<use ./figures/detailed-compilation.pdf>
Package pdftex.def Info: ./figures/detailed-compilation.pdf used on input line 
79.
(pdftex.def)             Requested size: 215.99854pt x 173.79247pt.
 [3 <./figures/auto-acc-framework.pdf> <./figures/scgra-accelerator.pdf

pdfTeX warning: pdflatex (file ./figures/scgra-accelerator.pdf): PDF inclusion:
 multiple pdfs with page group included in a single page
> <./figures/group-dfg.pdf

pdfTeX warning: pdflatex (file ./figures/group-dfg.pdf): PDF inclusion: multipl
e pdfs with page group included in a single page
>]) (./customization-framework.tex
Overfull \hbox (7.96365pt too wide) in paragraph at lines 1--1
[]\secfnt SCGRA OVER-LAY BASED FPGA AC-CEL-
 []

<./figures/customization-framework.pdf, id=69, 422.57875pt x 526.96875pt>
File: ./figures/customization-framework.pdf Graphic file (type pdf)

<use ./figures/customization-framework.pdf>
Package pdftex.def Info: ./figures/customization-framework.pdf used on input li
ne 32.
(pdftex.def)             Requested size: 192.00073pt x 239.43343pt.
LaTeX Font Info:    Font shape `U/lasy/b/n' in size <8> not available
(Font)              Font shape `U/lasy/m/n' tried instead on input line 49.
 [4 <./figures/detailed-compilation.pdf> <./figures/customization-framework.pdf


pdfTeX warning: pdflatex (file ./figures/customization-framework.pdf): PDF incl
usion: multiple pdfs with page group included in a single page
>]
Overfull \hbox (3.87363pt too wide) detected at line 143
\OML/cmm/m/it/9 CommuTime\OT1/cmr/m/n/9 (\OML/cmm/b/it/9 C\OT1/cmr/m/n/9 ) = []
 [] \OMS/cmsy/m/n/9 ^^B \OT1/cmr/m/n/9 (\OML/cmm/m/it/9 DMA\OT1/cmr/m/n/9 (\OML
/cmm/m/it/9 In\OT1/cmr/m/n/9 (\OT1/cmr/bx/n/9 g\OT1/cmr/m/n/9 )) + \OML/cmm/m/i
t/9 DMA\OT1/cmr/m/n/9 (\OML/cmm/m/it/9 Out\OT1/cmr/m/n/9 (\OT1/cmr/bx/n/9 g\OT1
/cmr/m/n/9 )))
 []


Overfull \hbox (9.92467pt too wide) in paragraph at lines 145--153
[]\T1/aer/m/n/9 Power con-sump-tion of the FPGA ac-cel-er-a-tor con-sists of BR
AM
 []

[5]
Overfull \hbox (14.6398pt too wide) in paragraph at lines 232--243
\OML/cmm/m/it/9 DFGCompuTime\OT1/cmr/m/n/9 (\OML/cmm/b/it/9 C[]\OT1/cmr/m/n/9 )
$ \T1/aer/m/n/9 roughly equals to $\OML/cmm/m/it/9 DFGCompuTime\OT1/cmr/m/n/9 (
\OML/cmm/b/it/9 C\OT1/cmr/m/n/9 )$
 []

<./figures/scgrasize-perf.pdf, id=109, 455.7025pt x 442.65375pt>
File: ./figures/scgrasize-perf.pdf Graphic file (type pdf)

<use ./figures/scgrasize-perf.pdf>
Package pdftex.def Info: ./figures/scgrasize-perf.pdf used on input line 267.
(pdftex.def)             Requested size: 118.4403pt x 115.04672pt.

<./figures/unrolling-perf.pdf, id=110, 435.6275pt x 443.6575pt>
File: ./figures/unrolling-perf.pdf Graphic file (type pdf)

<use ./figures/unrolling-perf.pdf>
Package pdftex.def Info: ./figures/unrolling-perf.pdf used on input line 271.
(pdftex.def)             Requested size: 110.88062pt x 112.92468pt.


LaTeX Warning: `h' float specifier changed to `ht'.

) (./experiments.tex [6 <./figures/scgrasize-perf.pdf> <./figures/unrolling-per
f.pdf>]
Underfull \vbox (badness 7168) has occurred while \output is active []


<./figures/FF-Overhead.pdf, id=137, 667.49374pt x 384.43625pt>
File: ./figures/FF-Overhead.pdf Graphic file (type pdf)

<use ./figures/FF-Overhead.pdf>
Package pdftex.def Info: ./figures/FF-Overhead.pdf used on input line 66.
(pdftex.def)             Requested size: 110.88062pt x 63.85745pt.

<./figures/LUT-Overhead.pdf, id=138, 667.49374pt x 384.43625pt>
File: ./figures/LUT-Overhead.pdf Graphic file (type pdf)

<use ./figures/LUT-Overhead.pdf>
Package pdftex.def Info: ./figures/LUT-Overhead.pdf used on input line 69.
(pdftex.def)             Requested size: 110.88062pt x 63.85745pt.

<./figures/DSP-Overhead.pdf, id=139, 667.49374pt x 384.43625pt>
File: ./figures/DSP-Overhead.pdf Graphic file (type pdf)

<use ./figures/DSP-Overhead.pdf>
Package pdftex.def Info: ./figures/DSP-Overhead.pdf used on input line 73.
(pdftex.def)             Requested size: 110.88062pt x 63.85745pt.

<./figures/BRAM-Overhead.pdf, id=140, 667.49374pt x 384.43625pt>
File: ./figures/BRAM-Overhead.pdf Graphic file (type pdf)

<use ./figures/BRAM-Overhead.pdf>
Package pdftex.def Info: ./figures/BRAM-Overhead.pdf used on input line 76.
(pdftex.def)             Requested size: 110.88062pt x 63.85745pt.

Underfull \hbox (badness 10000) in paragraph at lines 66--78
[][][]
 []

<./figures/Base-Power.pdf, id=141, 683.55376pt x 384.43625pt>
File: ./figures/Base-Power.pdf Graphic file (type pdf)

<use ./figures/Base-Power.pdf>
Package pdftex.def Info: ./figures/Base-Power.pdf used on input line 96.
(pdftex.def)             Requested size: 110.88062pt x 62.35576pt.

<./figures/BRAM-Power.pdf, id=142, 660.4675pt x 392.46625pt>
File: ./figures/BRAM-Power.pdf Graphic file (type pdf)

<use ./figures/BRAM-Power.pdf>
Package pdftex.def Info: ./figures/BRAM-Power.pdf used on input line 99.
(pdftex.def)             Requested size: 110.88062pt x 65.88596pt.
 [7 <./figures/FF-Overhead.pdf> <./figures/LUT-Overhead.pdf> <./figures/DSP-Ove
rhead.pdf> <./figures/BRAM-Overhead.pdf> <./figures/Base-Power.pdf> <./figures/
BRAM-Power.pdf>]
<./figures/DSE-Time.pdf, id=199, 695.59875pt x 299.1175pt>
File: ./figures/DSE-Time.pdf Graphic file (type pdf)

<use ./figures/DSE-Time.pdf>
Package pdftex.def Info: ./figures/DSE-Time.pdf used on input line 145.
(pdftex.def)             Requested size: 176.40308pt x 75.85176pt.

<./figures/mm-energy-performance.pdf, id=200, 421.575pt x 358.33875pt>
File: ./figures/mm-energy-performance.pdf Graphic file (type pdf)

<use ./figures/mm-energy-performance.pdf>
Package pdftex.def Info: ./figures/mm-energy-performance.pdf used on input line
 177.
(pdftex.def)             Requested size: 110.88062pt x 94.24849pt.

<./figures/fir-energy-performance.pdf, id=201, 456.70625pt x 360.34625pt>
File: ./figures/fir-energy-performance.pdf Graphic file (type pdf)

<use ./figures/fir-energy-performance.pdf>
Package pdftex.def Info: ./figures/fir-energy-performance.pdf used on input lin
e 180.
(pdftex.def)             Requested size: 110.88062pt x 87.48558pt.

<./figures/se-energy-performance.pdf, id=202, 562.1pt x 443.6575pt>
File: ./figures/se-energy-performance.pdf Graphic file (type pdf)

<use ./figures/se-energy-performance.pdf>
Package pdftex.def Info: ./figures/se-energy-performance.pdf used on input line
 184.
(pdftex.def)             Requested size: 110.88062pt x 87.51138pt.

<./figures/km-energy-performance.pdf, id=203, 562.1pt x 443.6575pt>
File: ./figures/km-energy-performance.pdf Graphic file (type pdf)

<use ./figures/km-energy-performance.pdf>
Package pdftex.def Info: ./figures/km-energy-performance.pdf used on input line
 187.
(pdftex.def)             Requested size: 110.88062pt x 87.51138pt.

Underfull \hbox (badness 10000) in paragraph at lines 177--188
[][][]
 []

<./figures/mm-hls-cp.pdf, id=204, 678.535pt x 398.48875pt>
File: ./figures/mm-hls-cp.pdf Graphic file (type pdf)

<use ./figures/mm-hls-cp.pdf>
Package pdftex.def Info: ./figures/mm-hls-cp.pdf used on input line 208.
(pdftex.def)             Requested size: 110.88062pt x 65.11543pt.

<./figures/fir-hls-cp.pdf, id=205, 678.535pt x 398.48875pt>
File: ./figures/fir-hls-cp.pdf Graphic file (type pdf)

<use ./figures/fir-hls-cp.pdf>
Package pdftex.def Info: ./figures/fir-hls-cp.pdf used on input line 211.
(pdftex.def)             Requested size: 110.88062pt x 65.11543pt.

<./figures/se-hls-cp.pdf, id=206, 678.535pt x 398.48875pt>
File: ./figures/se-hls-cp.pdf Graphic file (type pdf)

<use ./figures/se-hls-cp.pdf>
Package pdftex.def Info: ./figures/se-hls-cp.pdf used on input line 215.
(pdftex.def)             Requested size: 110.88062pt x 65.11543pt.

<./figures/km-hls-cp.pdf, id=207, 678.535pt x 398.48875pt>
File: ./figures/km-hls-cp.pdf Graphic file (type pdf)

<use ./figures/km-hls-cp.pdf>
Package pdftex.def Info: ./figures/km-hls-cp.pdf used on input line 218.
(pdftex.def)             Requested size: 110.88062pt x 65.11543pt.

Underfull \hbox (badness 10000) in paragraph at lines 208--221
[][][]
 []

[8 <./figures/DSE-Time.pdf> <./figures/mm-energy-performance.pdf> <./figures/fi
r-energy-performance.pdf> <./figures/se-energy-performance.pdf> <./figures/km-e
nergy-performance.pdf> <./figures/mm-hls-cp.pdf> <./figures/fir-hls-cp.pdf> <./
figures/se-hls-cp.pdf> <./figures/km-hls-cp.pdf>]) (./conclusion.tex)
(./auto-nested-loop-acc.bbl
LaTeX Font Info:    Try loading font information for T1+aett on input line 12.

(/usr/local/texlive/2014/texmf-dist/tex/latex/ae/t1aett.fd
File: t1aett.fd 1997/11/16 Font definitions for T1/aett.
) [9]
Underfull \vbox (badness 10000) has occurred while \output is active []

) [10]
(./auto-nested-loop-acc.aux) ) 
Here is how much of TeX's memory you used:
 5512 strings out of 493109
 80085 string characters out of 6135010
 157840 words of memory out of 5000000
 8772 multiletter control sequences out of 15000+600000
 62588 words of font info for 97 fonts, out of 8000000 for 9000
 1141 hyphenation exceptions out of 8191
 44i,17n,47p,1041b,861s stack positions out of 5000i,500n,10000p,200000b,80000s
{/usr/local/texlive/2014/texmf-dist/fonts/enc/dvi
ps/base/8r.enc}</usr/local/texlive/2014/texmf-dist/fonts/type1/public/amsfonts/
cmextra/cmbsy5.pfb></usr/local/texlive/2014/texmf-dist/fonts/type1/public/amsfo
nts/cmextra/cmbsy6.pfb></usr/local/texlive/2014/texmf-dist/fonts/type1/public/a
msfonts/cm/cmbx6.pfb></usr/local/texlive/2014/texmf-dist/fonts/type1/public/ams
fonts/cm/cmbx9.pfb></usr/local/texlive/2014/texmf-dist/fonts/type1/public/amsfo
nts/cm/cmcsc10.pfb></usr/local/texlive/2014/texmf-dist/fonts/type1/public/amsfo
nts/cmextra/cmex9.pfb></usr/local/texlive/2014/texmf-dist/fonts/type1/public/am
sfonts/cm/cmmi6.pfb></usr/local/texlive/2014/texmf-dist/fonts/type1/public/amsf
onts/cm/cmmi8.pfb></usr/local/texlive/2014/texmf-dist/fonts/type1/public/amsfon
ts/cm/cmmi9.pfb></usr/local/texlive/2014/texmf-dist/fonts/type1/public/amsfonts
/cmextra/cmmib6.pfb></usr/local/texlive/2014/texmf-dist/fonts/type1/public/amsf
onts/cmextra/cmmib8.pfb></usr/local/texlive/2014/texmf-dist/fonts/type1/public/
amsfonts/cmextra/cmmib9.pfb></usr/local/texlive/2014/texmf-dist/fonts/type1/pub
lic/amsfonts/cm/cmr6.pfb></usr/local/texlive/2014/texmf-dist/fonts/type1/public
/amsfonts/cm/cmr8.pfb></usr/local/texlive/2014/texmf-dist/fonts/type1/public/am
sfonts/cm/cmr9.pfb></usr/local/texlive/2014/texmf-dist/fonts/type1/public/amsfo
nts/cm/cmsy6.pfb></usr/local/texlive/2014/texmf-dist/fonts/type1/public/amsfont
s/cm/cmsy8.pfb></usr/local/texlive/2014/texmf-dist/fonts/type1/public/amsfonts/
cm/cmsy9.pfb></usr/local/texlive/2014/texmf-dist/fonts/type1/public/amsfonts/cm
/cmti8.pfb></usr/local/texlive/2014/texmf-dist/fonts/type1/public/amsfonts/cm/c
mti9.pfb></usr/local/texlive/2014/texmf-dist/fonts/type1/public/amsfonts/cm/cmt
t8.pfb></usr/local/texlive/2014/texmf-dist/fonts/type1/urw/helvetic/uhvb8a.pfb>
</usr/local/texlive/2014/texmf-dist/fonts/type1/urw/times/utmb8a.pfb></usr/loca
l/texlive/2014/texmf-dist/fonts/type1/urw/times/utmri8a.pfb>
Output written on auto-nested-loop-acc.pdf (10 pages, 1890942 bytes).
PDF statistics:
 371 PDF objects out of 1000 (max. 8388607)
 237 compressed objects within 3 object streams
 0 named destinations out of 1000 (max. 500000)
 111 words of extra memory for PDF output out of 10000 (max. 10000000)

