This is pdfTeXk, Version 3.141592-1.40.3 (Web2C 7.5.6) (format=pdflatex 2012.9.10)  14 JAN 2013 01:12
entering extended mode
 %&-line parsing enabled.
**hlsMethodology
(./hlsMethodology.tex
LaTeX2e <2005/12/01>
Babel <v3.8h> and hyphenation patterns for english, usenglishmax, dumylang, noh
yphenation, arabic, basque, bulgarian, coptic, welsh, czech, slovak, german, ng
erman, danish, esperanto, spanish, catalan, galician, estonian, farsi, finnish,
 french, greek, monogreek, ancientgreek, croatian, hungarian, interlingua, ibyc
us, indonesian, icelandic, italian, latin, mongolian, dutch, norsk, polish, por
tuguese, pinyin, romanian, russian, slovenian, uppersorbian, serbian, swedish, 
turkish, ukenglish, ukrainian, loaded.
(./acm_proc_article-sp.cls (/usr/share/texmf/tex/latex/graphics/epsfig.sty
Package: epsfig 1999/02/16 v1.7a (e)psfig emulation (SPQR)

(/usr/share/texmf/tex/latex/graphics/graphicx.sty
Package: graphicx 1999/02/16 v1.0f Enhanced LaTeX Graphics (DPC,SPQR)

(/usr/share/texmf/tex/latex/graphics/keyval.sty
Package: keyval 1999/03/16 v1.13 key=value parser (DPC)
\KV@toks@=\toks14
)
(/usr/share/texmf/tex/latex/graphics/graphics.sty
Package: graphics 2006/02/20 v1.0o Standard LaTeX Graphics (DPC,SPQR)

(/usr/share/texmf/tex/latex/graphics/trig.sty
Package: trig 1999/03/16 v1.09 sin cos tan (DPC)
)
(/usr/share/texmf/tex/latex/config/graphics.cfg
File: graphics.cfg 2007/01/18 v1.5 graphics configuration of teTeX/TeXLive
)
Package graphics Info: Driver file: pdftex.def on input line 90.

(/usr/share/texmf/tex/latex/pdftex-def/pdftex.def
File: pdftex.def 2007/01/08 v0.04d Graphics/color for pdfTeX
\Gread@gobject=\count79
))
\Gin@req@height=\dimen102
\Gin@req@width=\dimen103
)
\epsfxsize=\dimen104
\epsfysize=\dimen105
)
(/usr/share/texmf/tex/latex/amsfonts/amssymb.sty
Package: amssymb 2002/01/22 v2.2d

(/usr/share/texmf/tex/latex/amsfonts/amsfonts.sty
Package: amsfonts 2001/10/25 v2.2f
\@emptytoks=\toks15
\symAMSa=\mathgroup4
\symAMSb=\mathgroup5
LaTeX Font Info:    Overwriting math alphabet `\mathfrak' in version `bold'
(Font)                  U/euf/m/n --> U/euf/b/n on input line 132.
))
(/usr/share/texmf/tex/latex/amsmath/amsmath.sty
Package: amsmath 2000/07/18 v2.13 AMS math features
\@mathmargin=\skip41

For additional information on amsmath, use the `?' option.
(/usr/share/texmf/tex/latex/amsmath/amstext.sty
Package: amstext 2000/06/29 v2.01

(/usr/share/texmf/tex/latex/amsmath/amsgen.sty
File: amsgen.sty 1999/11/30 v2.0
\@emptytoks=\toks16
\ex@=\dimen106
))
(/usr/share/texmf/tex/latex/amsmath/amsbsy.sty
Package: amsbsy 1999/11/29 v1.2d
\pmbraise@=\dimen107
)
(/usr/share/texmf/tex/latex/amsmath/amsopn.sty
Package: amsopn 1999/12/14 v2.01 operator names
)
\inf@bad=\count80
LaTeX Info: Redefining \frac on input line 211.
\uproot@=\count81
\leftroot@=\count82
LaTeX Info: Redefining \overline on input line 307.
\classnum@=\count83
\DOTSCASE@=\count84
LaTeX Info: Redefining \ldots on input line 379.
LaTeX Info: Redefining \dots on input line 382.
LaTeX Info: Redefining \cdots on input line 467.
\Mathstrutbox@=\box26
\strutbox@=\box27
\big@size=\dimen108
LaTeX Font Info:    Redeclaring font encoding OML on input line 567.
LaTeX Font Info:    Redeclaring font encoding OMS on input line 568.
\macc@depth=\count85
\c@MaxMatrixCols=\count86
\dotsspace@=\muskip10
\c@parentequation=\count87
\dspbrk@lvl=\count88
\tag@help=\toks17
\row@=\count89
\column@=\count90
\maxfields@=\count91
\andhelp@=\toks18
\eqnshift@=\dimen109
\alignsep@=\dimen110
\tagshift@=\dimen111
\tagwidth@=\dimen112
\totwidth@=\dimen113
\lineht@=\dimen114
\@envbody=\toks19
\multlinegap=\skip42
\multlinetaggap=\skip43
\mathdisplay@stack=\toks20
LaTeX Info: Redefining \[ on input line 2666.
LaTeX Info: Redefining \] on input line 2667.
)
Document Class 'acm_proc_article-sp' <22nd. April '09>. Modified by G.K.M. Tobi
n
Based in part upon document Style `acmconf' <22 May 89>. Hacked 4/91 by
shivers@cs.cmu.edu, 4/93 by theobald@cs.mcgill.ca
Excerpts were taken from (Journal Style) 'esub2acm.cls'.
****** Bugs/comments/suggestions to Gerry Murray -- murray@hq.acm.org ******
\footheight=\dimen115
\@maxsep=\dimen116
\@dblmaxsep=\dimen117
\aucount=\count92
\originalaucount=\count93
\auwidth=\dimen118
\auskip=\dimen119
\auskipcount=\count94
\auskip=\dimen120
\allauboxes=\dimen121
\addauthors=\toks21
\addauflag=\count95
\subtitletext=\toks22
\savesection=\count96
\sectioncntr=\count97
\c@figure=\count98
\c@table=\count99
\titleboxnotes=\toks23
\titleboxnoteflag=\count100
Document Class: acm_proc_article-sp 2009/04/22 - V3.2SP - based on esub2acm.sty
 <23 April 96>
(/usr/share/texmf/tex/latex/base/latexsym.sty
Package: latexsym 1998/08/17 v2.2e Standard LaTeX package (lasy symbols)
\symlasy=\mathgroup6
LaTeX Font Info:    Overwriting symbol font `lasy' in version `bold'
(Font)                  U/lasy/m/n --> U/lasy/b/n on input line 47.
)
\@acmtitlebox=\box28
\titlenotecount=\count101
\tntoks=\toks24
\tntokstwo=\toks25
\tntoksthree=\toks26
\tntoksfour=\toks27
\tntoksfive=\toks28
\catcount=\count102
\copyrightnotice=\toks29
\conf=\toks30
\confinfo=\toks31
\c@part=\count103
\c@section=\count104
\c@subsection=\count105
\c@subsubsection=\count106
\c@paragraph=\count107

Using 'Abbrev' bibliography style
LaTeX Info: Redefining \cite on input line 1236.
\bibindent=\dimen122
\colcntr=\count108
\saveb@x=\box29
\copyrtyr=\toks32
\acmcopyr=\toks33
\boilerplate=\toks34
\copyrightetc=\toks35
(/usr/share/texmf/tex/latex/base/fontenc.sty
Package: fontenc 2005/09/27 v1.99g Standard LaTeX package

(/usr/share/texmf/tex/latex/base/t1enc.def
File: t1enc.def 2005/09/27 v1.99g Standard LaTeX file
LaTeX Font Info:    Redeclaring font encoding T1 on input line 43.
)
LaTeX Font Info:    Try loading font information for T1+aer on input line 100.

(/usr/share/texmf/tex/latex/ae/t1aer.fd
File: t1aer.fd 1997/11/16 Font definitions for T1/aer.
)))
(/usr/share/texmf/tex/latex/multirow/multirow.sty
\bigstrutjot=\dimen123
)
(/usr/share/texmf/tex/latex/subfig/subfig.sty
Package: subfig 2005/06/28 ver: 1.3 subfig package

(/usr/share/texmf/tex/latex/caption/caption3.sty
Package: caption3 2007/01/07 v3.0k caption3 kernel (AR)
\captionmargin=\dimen124
\captionmarginx=\dimen125
\captionwidth=\dimen126
\captionindent=\dimen127
\captionparindent=\dimen128
\captionhangindent=\dimen129
\abovecaptionskip=\skip44
\belowcaptionskip=\skip45
)
\c@KVtest=\count109
\sf@farskip=\skip46
\sf@captopadj=\dimen130
\sf@capskip=\skip47
\sf@nearskip=\skip48
\c@subfigure=\count110
\c@subfigure@save=\count111
\c@lofdepth=\count112
\c@subtable=\count113
\c@subtable@save=\count114
\c@lotdepth=\count115
\sf@top=\skip49
\sf@bottom=\skip50
)
(/usr/share/texmf/tex/latex/ltxmisc/dblfloatfix.sty
Package: dblfloatfix 2003/11/18 v1.0 (MH)

(/usr/share/texmf/tex/latex/base/fixltx2e.sty
Package: fixltx2e 2006/03/24 v1.1n fixes to LaTeX
LaTeX Info: Redefining \em on input line 420.
LaTeX Info: The control sequence `\[' is already robust on input line 471.
LaTeX Info: The control sequence `\]' is already robust on input line 472.
)
\@dblbotnum=\count116
\c@dblbotnumber=\count117
) (./algorithmic.sty
Package: algorithmic 2006/06/02

Document Style `algorithmic' - environment
(/usr/share/texmf/tex/latex/base/ifthen.sty
Package: ifthen 2001/05/26 v1.1c Standard LaTeX ifthen package (DPC)
)
(/usr/share/texmf/tex/latex/tools/calc.sty
Package: calc 2005/08/06 v4.2 Infix arithmetic (KKT,FJ)
\calc@Acount=\count118
\calc@Bcount=\count119
\calc@Adimen=\dimen131
\calc@Bdimen=\dimen132
\calc@Askip=\skip51
\calc@Bskip=\skip52
LaTeX Info: Redefining \setlength on input line 75.
LaTeX Info: Redefining \addtolength on input line 76.
\calc@Ccount=\count120
\calc@Cskip=\skip53
)
\c@ALC@line=\count121
\c@ALC@rem=\count122
\c@ALC@depth=\count123
\ALC@tlm=\skip54
\algorithmicindent=\skip55
)
(/usr/share/texmf/tex/latex/algorithms/algorithm.sty
Package: algorithm 

Document Style `algorithm' - floating environment
(/usr/share/texmf/tex/latex/float/float.sty
Package: float 2001/11/08 v1.3d Float enhancements (AL)
\c@float@type=\count124
\float@exts=\toks36
\float@box=\box30
\@float@everytoks=\toks37
\@floatcapt=\box31
)
\@float@every@algorithm=\toks38
\c@algorithm=\count125
)
(/usr/share/texmf/tex/latex/tools/xspace.sty
Package: xspace 2006/05/08 v1.12 Space after command names (DPC,MH)
) (./hlsMethodology.aux)
\openout1 = `hlsMethodology.aux'.

LaTeX Font Info:    Checking defaults for OML/cmm/m/it on input line 31.
LaTeX Font Info:    ... okay on input line 31.
LaTeX Font Info:    Checking defaults for T1/cmr/m/n on input line 31.
LaTeX Font Info:    ... okay on input line 31.
LaTeX Font Info:    Checking defaults for OT1/cmr/m/n on input line 31.
LaTeX Font Info:    ... okay on input line 31.
LaTeX Font Info:    Checking defaults for OMS/cmsy/m/n on input line 31.
LaTeX Font Info:    ... okay on input line 31.
LaTeX Font Info:    Checking defaults for OMX/cmex/m/n on input line 31.
LaTeX Font Info:    ... okay on input line 31.
LaTeX Font Info:    Checking defaults for U/cmr/m/n on input line 31.
LaTeX Font Info:    ... okay on input line 31.

(/usr/share/texmf/tex/context/base/supp-pdf.tex
[Loading MPS to PDF converter (version 2006.09.02).]
\scratchcounter=\count126
\scratchdimen=\dimen133
\scratchbox=\box32
\nofMPsegments=\count127
\nofMParguments=\count128
\MPscratchCnt=\count129
\MPscratchDim=\dimen134
\MPnumerator=\count130
\everyMPtoPDFconversion=\toks39
) (/usr/share/texmf/tex/latex/ragged2e/ragged2e.sty
Package: ragged2e 2003/03/25 v2.04 ragged2e Package (MS)

(/usr/share/texmf/tex/latex/everysel/everysel.sty
Package: everysel 1999/06/08 v1.03 EverySelectfont Package (MS)
LaTeX Info: Redefining \selectfont on input line 125.
)
\CenteringLeftskip=\skip56
\RaggedLeftLeftskip=\skip57
\RaggedRightLeftskip=\skip58
\CenteringRightskip=\skip59
\RaggedLeftRightskip=\skip60
\RaggedRightRightskip=\skip61
\CenteringParfillskip=\skip62
\RaggedLeftParfillskip=\skip63
\RaggedRightParfillskip=\skip64
\JustifyingParfillskip=\skip65
\CenteringParindent=\skip66
\RaggedLeftParindent=\skip67
\RaggedRightParindent=\skip68
\JustifyingParindent=\skip69
)
LaTeX Font Info:    Try loading font information for U+msa on input line 58.

(/usr/share/texmf/tex/latex/amsfonts/umsa.fd
File: umsa.fd 2002/01/19 v2.2g AMS font definitions
)
LaTeX Font Info:    Try loading font information for U+msb on input line 58.

(/usr/share/texmf/tex/latex/amsfonts/umsb.fd
File: umsb.fd 2002/01/19 v2.2g AMS font definitions
)
LaTeX Font Info:    Try loading font information for U+lasy on input line 58.

(/usr/share/texmf/tex/latex/base/ulasy.fd
File: ulasy.fd 1998/08/17 v2.2e LaTeX symbol font definitions
) (./abstract.tex) (./introduction.tex
Overfull \hbox (2.89607pt too wide) in paragraph at lines 6--7
\T1/aer/m/n/9 level syn-the-sis method-ol-ogy that uti-lizes a \T1/aer/m/it/9 s
oft \T1/aer/m/n/9 coarse-grained
 []


Underfull \vbox (badness 10000) has occurred while \output is active []

 [1{/var/lib/texmf/fonts/map/pdftex/updmap/pdftex.map}


]) (./related.tex
Overfull \hbox (2.8584pt too wide) in paragraph at lines 6--7
\T1/aer/m/n/9 the de-sired func-tion-al-ity, the low-level com-pi-la-tion time 
spent
 []

) (./methodology.tex <designflow.pdf, id=9, 457.71pt x 260.975pt>
File: designflow.pdf Graphic file (type pdf)

<use designflow.pdf> [2]
Overfull \hbox (7.26039pt too wide) in paragraph at lines 39--40
\T1/aer/m/n/9 the machine-independent as-sem-bly lan-guage of LLVM through
 []

) (./scgra.tex

pdfTeX warning: pdflatex (file ./pe.pdf): PDF inclusion: found PDF version <1.5
>, but at most version <1.4> allowed
<pe.pdf, id=15, 337.86226pt x 191.87685pt>
File: pe.pdf Graphic file (type pdf)
 <use pe.pdf>

LaTeX Warning: `h' float specifier changed to `ht'.

[3 <./designflow.pdf>]

pdfTeX warning: pdflatex (file ./alu.pdf): PDF inclusion: found PDF version <1.
6>, but at most version <1.4> allowed
<alu.pdf, id=1550, 258.36525pt x 147.06946pt>
File: alu.pdf Graphic file (type pdf)
 <use alu.pdf>) (./results.tex
Overfull \hbox (10.62648pt too wide) in paragraph at lines 16--17
\T1/aer/m/n/9 ple-men-ta-tions tar-geted Xil-inx Vir-tex6 FPGA (xc6vlx240tff784
-
 []

[4 <./pe.pdf

pdfTeX warning: pdflatex (file ./pe.pdf): PDF inclusion: Page Group detected wh
ich pdfTeX can't handle. Ignoring it.
> <./alu.pdf

pdfTeX warning: pdflatex (file ./alu.pdf): PDF inclusion: Page Group detected w
hich pdfTeX can't handle. Ignoring it.
>] <designtime.pdf, id=2270, 649.42625pt x 404.51125pt>
File: designtime.pdf Graphic file (type pdf)
 <use designtime.pdf>

LaTeX Warning: `h' float specifier changed to `ht'.

[5 <./designtime.pdf>]
Underfull \vbox (badness 10000) has occurred while \output is active []


<impl_freq.pdf, id=2402, 582.175pt x 259.97125pt>
File: impl_freq.pdf Graphic file (type pdf)
 <use impl_freq.pdf>
<lib_impl_freq.pdf, id=2403, 363.3575pt x 205.76875pt>
File: lib_impl_freq.pdf Graphic file (type pdf)
 <use lib_impl_freq.pdf>
[6 <./impl_freq.pdf> <./lib_impl_freq.pdf>]
<sim_perf.pdf, id=2491, 530.98375pt x 241.90375pt>
File: sim_perf.pdf Graphic file (type pdf)
 <use sim_perf.pdf>

LaTeX Warning: `h' float specifier changed to `ht'.


Underfull \vbox (badness 10000) has occurred while \output is active []


<real_perf.pdf, id=2492, 523.9575pt x 228.855pt>
File: real_perf.pdf Graphic file (type pdf)
 <use real_perf.pdf>)
(./conclusions.tex
Overfull \hbox (13.56903pt too wide) in paragraph at lines 2--3
\T1/aer/m/n/9 While the cur-rent im-ple-men-ta-tion of our pro-posed HLS method
-
 []

[7 <./sim_perf.pdf> <./real_perf.pdf>]) (./hlsMethodology.bbl) [8]
(./hlsMethodology.aux) ) 
Here is how much of TeX's memory you used:
 3111 strings out of 256216
 38871 string characters out of 1917072
 112353 words of memory out of 1500000
 6284 multiletter control sequences out of 10000+200000
 49960 words of font info for 73 fonts, out of 1200000 for 2000
 645 hyphenation exceptions out of 8191
 39i,10n,38p,1848b,261s stack positions out of 5000i,500n,6000p,200000b,15000s
{/usr/share/texmf/fonts/enc/dvips/base/8r.enc}</usr/sha
re/texmf/fonts/type1/bluesky/cm/cmbx9.pfb></usr/share/texmf/fonts/type1/bluesky
/cm/cmmi6.pfb></usr/share/texmf/fonts/type1/bluesky/cm/cmmi8.pfb></usr/share/te
xmf/fonts/type1/bluesky/cm/cmmi9.pfb></usr/share/texmf/fonts/type1/bluesky/cm/c
mr6.pfb></usr/share/texmf/fonts/type1/bluesky/cm/cmr8.pfb></usr/share/texmf/fon
ts/type1/bluesky/cm/cmr9.pfb></usr/share/texmf/fonts/type1/bluesky/cm/cmsy8.pfb
></usr/share/texmf/fonts/type1/bluesky/cm/cmsy9.pfb></usr/share/texmf/fonts/typ
e1/bluesky/cm/cmti9.pfb></usr/share/texmf/fonts/type1/public/cmex/fmex9.pfb></u
sr/share/texmf/fonts/type1/bluesky/ams/msbm10.pfb></usr/share/texmf/fonts/type1
/urw/helvetic/uhvb8a.pfb></usr/share/texmf/fonts/type1/urw/times/utmb8a.pfb></u
sr/share/texmf/fonts/type1/urw/times/utmri8a.pfb>
Output written on hlsMethodology.pdf (8 pages, 1333302 bytes).
PDF statistics:
 2614 PDF objects out of 2984 (max. 8388607)
 0 named destinations out of 1000 (max. 131072)
 41 words of extra memory for PDF output out of 10000 (max. 10000000)

